<?xml version="1.0" encoding="UTF-8"?>
<testsuite name="ee.jakarta.tck.json.bind.customizedmapping.binarydata.BinaryDataCustomizationTest" tests="3" skipped="0" failures="0" errors="0" timestamp="SANITIZED" hostname="SANITIZED" time="0">
  <properties/>
  <testcase name="testBase64UrlBinaryDataEncoding()" classname="ee.jakarta.tck.json.bind.customizedmapping.binarydata.BinaryDataCustomizationTest" time="0"/>
  <testcase name="testByteBinaryDataEncoding()" classname="ee.jakarta.tck.json.bind.customizedmapping.binarydata.BinaryDataCustomizationTest" time="0"/>
  <testcase name="testBase64BinaryDataEncoding()" classname="ee.jakarta.tck.json.bind.customizedmapping.binarydata.BinaryDataCustomizationTest" time="0"/>
  <system-out><![CDATA[13:29:00.654 [Test worker] DEBUG io.micronaut.core.reflect.ClassUtils -- Reflectively retrieving hierarchy for class: class io.micronaut.serde.support.serdes.ZonedDateTimeSerde
13:29:00.654 [Test worker] DEBUG io.micronaut.core.reflect.ClassUtils -- Reflectively retrieving hierarchy for class: class io.micronaut.serde.support.deserializers.ObjectDeserializer
13:29:00.654 [Test worker] DEBUG io.micronaut.core.reflect.ClassUtils -- Reflectively retrieving hierarchy for class: class io.micronaut.serde.support.serdes.OffsetDateTimeSerde
13:29:00.654 [Test worker] DEBUG io.micronaut.core.reflect.ClassUtils -- Reflectively retrieving hierarchy for class: class io.micronaut.serde.support.serdes.LocalTimeSerde
13:29:00.655 [Test worker] DEBUG io.micronaut.core.reflect.ClassUtils -- Reflectively retrieving hierarchy for class: class io.micronaut.serde.support.serdes.InstantSerde
13:29:00.655 [Test worker] DEBUG io.micronaut.context.env.DefaultEnvironment -- Starting environment io.micronaut.context.env.DefaultEnvironment@4966bab1 for active names []
13:29:00.655 [Test worker] DEBUG io.micronaut.context.env.DefaultEnvironment -- Processing property source: config convention: JAVA_PROPERTIES
13:29:00.656 [Test worker] DEBUG io.micronaut.context.DefaultBeanContext -- Starting BeanContext
13:29:00.656 [Test worker] DEBUG io.micronaut.context.DefaultBeanContext -- Resolving beans for type: io.micronaut.core.convert.TypeConverter
13:29:00.656 [Test worker] DEBUG io.micronaut.context.DefaultBeanContext -- Finding candidate beans for type: TypeConverter
13:29:00.656 [Test worker] DEBUG io.micronaut.context.DefaultBeanContext -- No bean candidates found for type: TypeConverter
13:29:00.656 [Test worker] DEBUG io.micronaut.context.DefaultBeanContext -- Resolving beans for type: io.micronaut.core.convert.TypeConverterRegistrar
13:29:00.656 [Test worker] DEBUG io.micronaut.context.DefaultBeanContext -- Finding candidate beans for type: TypeConverterRegistrar
13:29:00.656 [Test worker] DEBUG io.micronaut.context.DefaultBeanContext -- No bean candidates found for type: TypeConverterRegistrar
13:29:00.656 [Test worker] DEBUG io.micronaut.context.DefaultBeanContext -- BeanContext Started.
13:29:00.656 [Test worker] DEBUG io.micronaut.context.DefaultBeanContext -- Finding candidate beans for type: ObjectMapper
13:29:00.656 [Test worker] DEBUG io.micronaut.context.DefaultBeanContext --   class io.micronaut.serde.jackson.JacksonJsonMapper null Definition: io.micronaut.serde.jackson.JacksonJsonMapper
13:29:00.656 [Test worker] DEBUG io.micronaut.context.DefaultBeanContext -- Found concrete candidate [Definition: io.micronaut.serde.jackson.JacksonJsonMapper] for type: objectMapper 
13:29:00.656 [Test worker] DEBUG io.micronaut.context.DefaultBeanContext -- Finding candidate beans for type: SerdeRegistry registry
13:29:00.656 [Test worker] DEBUG io.micronaut.context.DefaultBeanContext --   class io.micronaut.serde.support.DefaultSerdeRegistry null Definition: io.micronaut.serde.support.DefaultSerdeRegistry
13:29:00.656 [Test worker] DEBUG io.micronaut.context.DefaultBeanContext -- Found concrete candidate [Definition: io.micronaut.serde.support.DefaultSerdeRegistry] for type: registry 
13:29:00.656 [Test worker] DEBUG io.micronaut.context.DefaultBeanContext -- Finding candidate beans for type: SerdeIntrospections introspections
13:29:00.656 [Test worker] DEBUG io.micronaut.context.DefaultBeanContext --   class io.micronaut.serde.support.DefaultSerdeIntrospections null Definition: io.micronaut.serde.support.DefaultSerdeIntrospections
13:29:00.656 [Test worker] DEBUG io.micronaut.context.DefaultBeanContext -- Found concrete candidate [Definition: io.micronaut.serde.support.DefaultSerdeIntrospections] for type: introspections 
13:29:00.656 [Test worker] DEBUG io.micronaut.context.DefaultBeanContext -- Finding candidate beans for type: SerdeConfiguration configuration
13:29:00.656 [Test worker] DEBUG io.micronaut.context.DefaultBeanContext --   class io.micronaut.serde.config.DefaultSerdeConfiguration null Definition: io.micronaut.serde.config.DefaultSerdeConfiguration
13:29:00.656 [Test worker] DEBUG io.micronaut.context.DefaultBeanContext -- Found concrete candidate [Definition: io.micronaut.serde.config.DefaultSerdeConfiguration] for type: configuration 
13:29:00.656 [Test worker] DEBUG io.micronaut.context.lifecycle -- Created bean [io.micronaut.serde.config.DefaultSerdeConfiguration@25791d40] from definition [Definition: io.micronaut.serde.config.DefaultSerdeConfiguration] with qualifier [null]
13:29:00.656 [Test worker] DEBUG io.micronaut.context.lifecycle -- Created bean [io.micronaut.serde.support.DefaultSerdeIntrospections@448c92fc] from definition [Definition: io.micronaut.serde.support.DefaultSerdeIntrospections] with qualifier [null]
13:29:00.656 [Test worker] DEBUG io.micronaut.context.DefaultBeanContext -- Finding candidate beans for type: SerializationConfiguration serializationConfiguration
13:29:00.656 [Test worker] DEBUG io.micronaut.context.DefaultBeanContext --   class io.micronaut.serde.config.DefaultSerializationConfiguration null Definition: io.micronaut.serde.config.DefaultSerializationConfiguration
13:29:00.656 [Test worker] DEBUG io.micronaut.context.DefaultBeanContext -- Found concrete candidate [Definition: io.micronaut.serde.config.DefaultSerializationConfiguration] for type: serializationConfiguration 
13:29:00.656 [Test worker] DEBUG io.micronaut.context.lifecycle -- Created bean [io.micronaut.serde.config.DefaultSerializationConfiguration@251c8145] from definition [Definition: io.micronaut.serde.config.DefaultSerializationConfiguration] with qualifier [null]
13:29:00.656 [Test worker] DEBUG io.micronaut.context.DefaultBeanContext -- Finding candidate beans for type: DeserializationConfiguration deserializationConfiguration
13:29:00.656 [Test worker] DEBUG io.micronaut.context.DefaultBeanContext --   class io.micronaut.serde.config.DefaultDeserializationConfiguration null Definition: io.micronaut.serde.config.DefaultDeserializationConfiguration
13:29:00.656 [Test worker] DEBUG io.micronaut.context.DefaultBeanContext -- Found concrete candidate [Definition: io.micronaut.serde.config.DefaultDeserializationConfiguration] for type: deserializationConfiguration 
13:29:00.656 [Test worker] DEBUG io.micronaut.context.lifecycle -- Created bean [io.micronaut.serde.config.DefaultDeserializationConfiguration@17c0274c] from definition [Definition: io.micronaut.serde.config.DefaultDeserializationConfiguration] with qualifier [null]
13:29:00.656 [Test worker] DEBUG io.micronaut.context.DefaultBeanContext -- Finding candidate beans for type: Serializer
13:29:00.656 [Test worker] DEBUG io.micronaut.context.condition.Condition -- Bean [Definition: io.micronaut.serde.support.serdes.HealthStatusSerde] will not be loaded due to failing conditions:
13:29:00.656 [Test worker] DEBUG io.micronaut.context.condition.Condition -- * Class [io.micronaut.health.HealthStatus] is not present
13:29:00.656 [Test worker] DEBUG io.micronaut.context.DefaultBeanContext --   class io.micronaut.serde.support.serdes.InstantSerde null Definition: io.micronaut.serde.support.serdes.InstantSerde Factory: io.micronaut.serde.support.LegacyBeansFactory#instantSerde
13:29:00.657 [Test worker] DEBUG io.micronaut.context.DefaultBeanContext --   class io.micronaut.serde.support.serdes.InetAddressSerde null Definition: io.micronaut.serde.support.serdes.InetAddressSerde Factory: io.micronaut.serde.support.LegacyBeansFactory#inetAddressSerde
13:29:00.657 [Test worker] DEBUG io.micronaut.context.DefaultBeanContext --   class io.micronaut.serde.support.serdes.ObjectArraySerde null Definition: io.micronaut.serde.support.serdes.ObjectArraySerde Factory: io.micronaut.serde.support.LegacyBeansFactory#provideObjectArraySerde
13:29:00.657 [Test worker] DEBUG io.micronaut.context.DefaultBeanContext --   class io.micronaut.serde.support.serializers.ObjectSerializer null Definition: io.micronaut.serde.support.serializers.ObjectSerializer Factory: io.micronaut.serde.support.LegacyBeansFactory#provideObjectSerializer
13:29:00.657 [Test worker] DEBUG io.micronaut.context.DefaultBeanContext --   class io.micronaut.serde.support.serdes.LocalDateTimeSerde null Definition: io.micronaut.serde.support.serdes.LocalDateTimeSerde Factory: io.micronaut.serde.support.LegacyBeansFactory#localDateTimeSerde
13:29:00.657 [Test worker] DEBUG io.micronaut.context.DefaultBeanContext --   class io.micronaut.serde.support.serdes.LocalDateSerde null Definition: io.micronaut.serde.support.serdes.LocalDateSerde Factory: io.micronaut.serde.support.LegacyBeansFactory#localDateSerde
13:29:00.657 [Test worker] DEBUG io.micronaut.context.DefaultBeanContext --   class io.micronaut.serde.support.serdes.YearSerde null Definition: io.micronaut.serde.support.serdes.YearSerde Factory: io.micronaut.serde.support.LegacyBeansFactory#yearSerde
13:29:00.657 [Test worker] DEBUG io.micronaut.context.DefaultBeanContext --   class io.micronaut.serde.support.serdes.OffsetDateTimeSerde null Definition: io.micronaut.serde.support.serdes.OffsetDateTimeSerde Factory: io.micronaut.serde.support.LegacyBeansFactory#offsetDateTimeSerde
13:29:00.657 [Test worker] DEBUG io.micronaut.context.DefaultBeanContext --   class io.micronaut.serde.jsonb.JsonpValueSerde null Definition: io.micronaut.serde.jsonb.JsonpValueSerde
13:29:00.657 [Test worker] DEBUG io.micronaut.context.DefaultBeanContext --   class io.micronaut.serde.support.serdes.LocalTimeSerde null Definition: io.micronaut.serde.support.serdes.LocalTimeSerde Factory: io.micronaut.serde.support.LegacyBeansFactory#localTimeSerde
13:29:00.657 [Test worker] DEBUG io.micronaut.context.DefaultBeanContext --   class io.micronaut.serde.support.serdes.PriorityQueueSerde null Definition: io.micronaut.serde.support.serdes.PriorityQueueSerde
13:29:00.657 [Test worker] DEBUG io.micronaut.context.DefaultBeanContext --   class io.micronaut.serde.support.deserializers.SerdeHealthResultDeserializer_HealthResultDtoSerializer null Definition: io.micronaut.serde.support.deserializers.SerdeHealthResultDeserializer_HealthResultDtoSerializer
13:29:00.657 [Test worker] DEBUG io.micronaut.context.DefaultBeanContext --   interface io.micronaut.serde.Serializer @Any Definition: io.micronaut.serde.Serializer Factory: io.micronaut.serde.support.LegacyBeansFactory#provideSerializer
13:29:00.657 [Test worker] DEBUG io.micronaut.context.DefaultBeanContext --   interface io.micronaut.serde.Serde @Any Definition: io.micronaut.serde.Serde Factory: io.micronaut.serde.support.LegacyBeansFactory#provideSerde
13:29:00.657 [Test worker] DEBUG io.micronaut.context.DefaultBeanContext --   class io.micronaut.serde.support.serdes.ZonedDateTimeSerde null Definition: io.micronaut.serde.support.serdes.ZonedDateTimeSerde Factory: io.micronaut.serde.support.LegacyBeansFactory#zonedDateTimeSerde
13:29:00.657 [Test worker] DEBUG io.micronaut.context.DefaultBeanContext -- Finding candidate beans for type: Deserializer
13:29:00.657 [Test worker] DEBUG io.micronaut.context.condition.Condition -- Bean [Definition: io.micronaut.serde.support.deserializers.HealthResultDeserializer] will not be loaded due to failing conditions:
13:29:00.657 [Test worker] DEBUG io.micronaut.context.condition.Condition -- * Class [io.micronaut.management.health.indicator.HealthResult] is not present
13:29:00.657 [Test worker] DEBUG io.micronaut.context.DefaultBeanContext --   class io.micronaut.serde.support.deserializers.ObjectDeserializer null Definition: io.micronaut.serde.support.deserializers.ObjectDeserializer Factory: io.micronaut.serde.support.LegacyBeansFactory#provideObjectDeserializer
13:29:00.657 [Test worker] DEBUG io.micronaut.context.DefaultBeanContext --   class io.micronaut.serde.support.serdes.InstantSerde null Definition: io.micronaut.serde.support.serdes.InstantSerde Factory: io.micronaut.serde.support.LegacyBeansFactory#instantSerde
13:29:00.657 [Test worker] DEBUG io.micronaut.context.DefaultBeanContext --   class io.micronaut.serde.support.serdes.InetAddressSerde null Definition: io.micronaut.serde.support.serdes.InetAddressSerde Factory: io.micronaut.serde.support.LegacyBeansFactory#inetAddressSerde
13:29:00.657 [Test worker] DEBUG io.micronaut.context.DefaultBeanContext --   class io.micronaut.serde.support.serdes.ObjectArraySerde null Definition: io.micronaut.serde.support.serdes.ObjectArraySerde Factory: io.micronaut.serde.support.LegacyBeansFactory#provideObjectArraySerde
13:29:00.657 [Test worker] DEBUG io.micronaut.context.DefaultBeanContext --   class io.micronaut.serde.support.serdes.LocalDateTimeSerde null Definition: io.micronaut.serde.support.serdes.LocalDateTimeSerde Factory: io.micronaut.serde.support.LegacyBeansFactory#localDateTimeSerde
13:29:00.657 [Test worker] DEBUG io.micronaut.context.DefaultBeanContext --   class io.micronaut.serde.support.serdes.LocalDateSerde null Definition: io.micronaut.serde.support.serdes.LocalDateSerde Factory: io.micronaut.serde.support.LegacyBeansFactory#localDateSerde
13:29:00.657 [Test worker] DEBUG io.micronaut.context.DefaultBeanContext --   class io.micronaut.serde.support.deserializers.SerdeHealthResultDeserializer_HealthResultDtoDeserializer null Definition: io.micronaut.serde.support.deserializers.SerdeHealthResultDeserializer_HealthResultDtoDeserializer
13:29:00.657 [Test worker] DEBUG io.micronaut.context.DefaultBeanContext --   class io.micronaut.serde.support.serdes.YearSerde null Definition: io.micronaut.serde.support.serdes.YearSerde Factory: io.micronaut.serde.support.LegacyBeansFactory#yearSerde
13:29:00.657 [Test worker] DEBUG io.micronaut.context.DefaultBeanContext --   class io.micronaut.serde.support.serdes.OffsetDateTimeSerde null Definition: io.micronaut.serde.support.serdes.OffsetDateTimeSerde Factory: io.micronaut.serde.support.LegacyBeansFactory#offsetDateTimeSerde
13:29:00.657 [Test worker] DEBUG io.micronaut.context.DefaultBeanContext --   class io.micronaut.serde.jsonb.JsonpValueSerde null Definition: io.micronaut.serde.jsonb.JsonpValueSerde
13:29:00.657 [Test worker] DEBUG io.micronaut.context.DefaultBeanContext --   interface io.micronaut.serde.Deserializer @Any Definition: io.micronaut.serde.Deserializer Factory: io.micronaut.serde.support.LegacyBeansFactory#provideDeserializer
13:29:00.657 [Test worker] DEBUG io.micronaut.context.DefaultBeanContext --   class io.micronaut.serde.support.serdes.LocalTimeSerde null Definition: io.micronaut.serde.support.serdes.LocalTimeSerde Factory: io.micronaut.serde.support.LegacyBeansFactory#localTimeSerde
13:29:00.657 [Test worker] DEBUG io.micronaut.context.DefaultBeanContext --   class io.micronaut.serde.support.serdes.PriorityQueueSerde null Definition: io.micronaut.serde.support.serdes.PriorityQueueSerde
13:29:00.657 [Test worker] DEBUG io.micronaut.context.DefaultBeanContext --   interface io.micronaut.serde.Serde @Any Definition: io.micronaut.serde.Serde Factory: io.micronaut.serde.support.LegacyBeansFactory#provideSerde
13:29:00.657 [Test worker] DEBUG io.micronaut.context.DefaultBeanContext --   class io.micronaut.serde.support.serdes.ZonedDateTimeSerde null Definition: io.micronaut.serde.support.serdes.ZonedDateTimeSerde Factory: io.micronaut.serde.support.LegacyBeansFactory#zonedDateTimeSerde
13:29:00.657 [Test worker] DEBUG io.micronaut.context.DefaultBeanContext -- Finding candidate beans for type: SerdeDeserializationPreInstantiateCallback
13:29:00.657 [Test worker] DEBUG io.micronaut.context.DefaultBeanContext -- No bean candidates found for type: SerdeDeserializationPreInstantiateCallback
13:29:00.658 [Test worker] DEBUG io.micronaut.context.lifecycle -- Created bean [io.micronaut.serde.support.DefaultSerdeRegistry@7abeabe9] from definition [Definition: io.micronaut.serde.support.DefaultSerdeRegistry] with qualifier [null]
13:29:00.658 [Test worker] DEBUG io.micronaut.context.DefaultBeanContext -- Finding candidate beans for type: SerdeJacksonConfiguration jacksonConfiguration
13:29:00.658 [Test worker] DEBUG io.micronaut.context.DefaultBeanContext --   class io.micronaut.serde.jackson.SerdeJacksonConfiguration null Definition: io.micronaut.serde.jackson.SerdeJacksonConfiguration
13:29:00.658 [Test worker] DEBUG io.micronaut.context.DefaultBeanContext -- Found concrete candidate [Definition: io.micronaut.serde.jackson.SerdeJacksonConfiguration] for type: jacksonConfiguration 
13:29:00.658 [Test worker] DEBUG io.micronaut.context.lifecycle -- Created bean [io.micronaut.serde.jackson.SerdeJacksonConfiguration@5a05dd30] from definition [Definition: io.micronaut.serde.jackson.SerdeJacksonConfiguration] with qualifier [null]
13:29:00.658 [Test worker] DEBUG io.micronaut.context.lifecycle -- Created bean [io.micronaut.serde.jackson.JacksonJsonMapper@dbed7fd] from definition [Definition: io.micronaut.serde.jackson.JacksonJsonMapper] with qualifier [null]
13:29:00.659 [Test worker] DEBUG io.micronaut.core.beans.DefaultBeanIntrospector -- Found BeanIntrospection for type: class ee.jakarta.tck.json.bind.customizedmapping.binarydata.model.BinaryDataContainer,
13:29:00.660 [Test worker] DEBUG io.micronaut.core.beans.DefaultBeanIntrospector -- Found BeanIntrospection for type: class ee.jakarta.tck.json.bind.customizedmapping.binarydata.model.BinaryDataContainer,
13:29:00.660 [Test worker] DEBUG io.micronaut.core.beans.DefaultBeanIntrospector -- Found BeanIntrospection for type: class ee.jakarta.tck.json.bind.customizedmapping.binarydata.model.BinaryDataContainer,
13:29:00.661 [Test worker] DEBUG io.micronaut.core.beans.DefaultBeanIntrospector -- Found BeanIntrospection for type: class ee.jakarta.tck.json.bind.customizedmapping.binarydata.model.BinaryDataContainer,
13:29:00.661 [Test worker] DEBUG io.micronaut.core.beans.DefaultBeanIntrospector -- Found BeanIntrospection for type: class ee.jakarta.tck.json.bind.customizedmapping.binarydata.model.BinaryDataContainer,
13:29:00.661 [Test worker] DEBUG io.micronaut.core.beans.DefaultBeanIntrospector -- Found BeanIntrospection for type: class ee.jakarta.tck.json.bind.customizedmapping.binarydata.model.BinaryDataContainer,
13:29:00.666 [Test worker] DEBUG io.micronaut.core.reflect.ClassUtils -- Reflectively retrieving hierarchy for class: class io.micronaut.serde.support.serdes.ZonedDateTimeSerde
13:29:00.666 [Test worker] DEBUG io.micronaut.core.reflect.ClassUtils -- Reflectively retrieving hierarchy for class: class io.micronaut.serde.support.deserializers.ObjectDeserializer
13:29:00.666 [Test worker] DEBUG io.micronaut.core.reflect.ClassUtils -- Reflectively retrieving hierarchy for class: class io.micronaut.serde.support.serdes.OffsetDateTimeSerde
13:29:00.666 [Test worker] DEBUG io.micronaut.core.reflect.ClassUtils -- Reflectively retrieving hierarchy for class: class io.micronaut.serde.support.serdes.LocalTimeSerde
13:29:00.666 [Test worker] DEBUG io.micronaut.core.reflect.ClassUtils -- Reflectively retrieving hierarchy for class: class io.micronaut.serde.support.serdes.InstantSerde
13:29:00.667 [Test worker] DEBUG io.micronaut.context.env.DefaultEnvironment -- Starting environment io.micronaut.context.env.DefaultEnvironment@4b9dbf07 for active names []
13:29:00.667 [Test worker] DEBUG io.micronaut.context.env.DefaultEnvironment -- Processing property source: config convention: JAVA_PROPERTIES
13:29:00.667 [Test worker] DEBUG io.micronaut.context.DefaultBeanContext -- Starting BeanContext
13:29:00.667 [Test worker] DEBUG io.micronaut.context.DefaultBeanContext -- Resolving beans for type: io.micronaut.core.convert.TypeConverter
13:29:00.667 [Test worker] DEBUG io.micronaut.context.DefaultBeanContext -- Finding candidate beans for type: TypeConverter
13:29:00.667 [Test worker] DEBUG io.micronaut.context.DefaultBeanContext -- No bean candidates found for type: TypeConverter
13:29:00.667 [Test worker] DEBUG io.micronaut.context.DefaultBeanContext -- Resolving beans for type: io.micronaut.core.convert.TypeConverterRegistrar
13:29:00.667 [Test worker] DEBUG io.micronaut.context.DefaultBeanContext -- Finding candidate beans for type: TypeConverterRegistrar
13:29:00.667 [Test worker] DEBUG io.micronaut.context.DefaultBeanContext -- No bean candidates found for type: TypeConverterRegistrar
13:29:00.667 [Test worker] DEBUG io.micronaut.context.DefaultBeanContext -- BeanContext Started.
13:29:00.667 [Test worker] DEBUG io.micronaut.context.DefaultBeanContext -- Finding candidate beans for type: ObjectMapper
13:29:00.667 [Test worker] DEBUG io.micronaut.context.DefaultBeanContext --   class io.micronaut.serde.jackson.JacksonJsonMapper null Definition: io.micronaut.serde.jackson.JacksonJsonMapper
13:29:00.667 [Test worker] DEBUG io.micronaut.context.DefaultBeanContext -- Found concrete candidate [Definition: io.micronaut.serde.jackson.JacksonJsonMapper] for type: objectMapper 
13:29:00.667 [Test worker] DEBUG io.micronaut.context.DefaultBeanContext -- Finding candidate beans for type: SerdeRegistry registry
13:29:00.667 [Test worker] DEBUG io.micronaut.context.DefaultBeanContext --   class io.micronaut.serde.support.DefaultSerdeRegistry null Definition: io.micronaut.serde.support.DefaultSerdeRegistry
13:29:00.667 [Test worker] DEBUG io.micronaut.context.DefaultBeanContext -- Found concrete candidate [Definition: io.micronaut.serde.support.DefaultSerdeRegistry] for type: registry 
13:29:00.667 [Test worker] DEBUG io.micronaut.context.DefaultBeanContext -- Finding candidate beans for type: SerdeIntrospections introspections
13:29:00.667 [Test worker] DEBUG io.micronaut.context.DefaultBeanContext --   class io.micronaut.serde.support.DefaultSerdeIntrospections null Definition: io.micronaut.serde.support.DefaultSerdeIntrospections
13:29:00.667 [Test worker] DEBUG io.micronaut.context.DefaultBeanContext -- Found concrete candidate [Definition: io.micronaut.serde.support.DefaultSerdeIntrospections] for type: introspections 
13:29:00.668 [Test worker] DEBUG io.micronaut.context.DefaultBeanContext -- Finding candidate beans for type: SerdeConfiguration configuration
13:29:00.668 [Test worker] DEBUG io.micronaut.context.DefaultBeanContext --   class io.micronaut.serde.config.DefaultSerdeConfiguration null Definition: io.micronaut.serde.config.DefaultSerdeConfiguration
13:29:00.668 [Test worker] DEBUG io.micronaut.context.DefaultBeanContext -- Found concrete candidate [Definition: io.micronaut.serde.config.DefaultSerdeConfiguration] for type: configuration 
13:29:00.668 [Test worker] DEBUG io.micronaut.context.lifecycle -- Created bean [io.micronaut.serde.config.DefaultSerdeConfiguration@76cdafa3] from definition [Definition: io.micronaut.serde.config.DefaultSerdeConfiguration] with qualifier [null]
13:29:00.668 [Test worker] DEBUG io.micronaut.context.lifecycle -- Created bean [io.micronaut.serde.support.DefaultSerdeIntrospections@6b27b2d0] from definition [Definition: io.micronaut.serde.support.DefaultSerdeIntrospections] with qualifier [null]
13:29:00.668 [Test worker] DEBUG io.micronaut.context.DefaultBeanContext -- Finding candidate beans for type: SerializationConfiguration serializationConfiguration
13:29:00.668 [Test worker] DEBUG io.micronaut.context.DefaultBeanContext --   class io.micronaut.serde.config.DefaultSerializationConfiguration null Definition: io.micronaut.serde.config.DefaultSerializationConfiguration
13:29:00.668 [Test worker] DEBUG io.micronaut.context.DefaultBeanContext -- Found concrete candidate [Definition: io.micronaut.serde.config.DefaultSerializationConfiguration] for type: serializationConfiguration 
13:29:00.668 [Test worker] DEBUG io.micronaut.context.lifecycle -- Created bean [io.micronaut.serde.config.DefaultSerializationConfiguration@4fb64e14] from definition [Definition: io.micronaut.serde.config.DefaultSerializationConfiguration] with qualifier [null]
13:29:00.668 [Test worker] DEBUG io.micronaut.context.DefaultBeanContext -- Finding candidate beans for type: DeserializationConfiguration deserializationConfiguration
13:29:00.668 [Test worker] DEBUG io.micronaut.context.DefaultBeanContext --   class io.micronaut.serde.config.DefaultDeserializationConfiguration null Definition: io.micronaut.serde.config.DefaultDeserializationConfiguration
13:29:00.668 [Test worker] DEBUG io.micronaut.context.DefaultBeanContext -- Found concrete candidate [Definition: io.micronaut.serde.config.DefaultDeserializationConfiguration] for type: deserializationConfiguration 
13:29:00.668 [Test worker] DEBUG io.micronaut.context.lifecycle -- Created bean [io.micronaut.serde.config.DefaultDeserializationConfiguration@118041c7] from definition [Definition: io.micronaut.serde.config.DefaultDeserializationConfiguration] with qualifier [null]
13:29:00.668 [Test worker] DEBUG io.micronaut.context.DefaultBeanContext -- Finding candidate beans for type: Serializer
13:29:00.668 [Test worker] DEBUG io.micronaut.context.condition.Condition -- Bean [Definition: io.micronaut.serde.support.serdes.HealthStatusSerde] will not be loaded due to failing conditions:
13:29:00.668 [Test worker] DEBUG io.micronaut.context.condition.Condition -- * Class [io.micronaut.health.HealthStatus] is not present
13:29:00.668 [Test worker] DEBUG io.micronaut.context.DefaultBeanContext --   class io.micronaut.serde.support.serdes.InstantSerde null Definition: io.micronaut.serde.support.serdes.InstantSerde Factory: io.micronaut.serde.support.LegacyBeansFactory#instantSerde
13:29:00.668 [Test worker] DEBUG io.micronaut.context.DefaultBeanContext --   class io.micronaut.serde.support.serdes.InetAddressSerde null Definition: io.micronaut.serde.support.serdes.InetAddressSerde Factory: io.micronaut.serde.support.LegacyBeansFactory#inetAddressSerde
13:29:00.668 [Test worker] DEBUG io.micronaut.context.DefaultBeanContext --   class io.micronaut.serde.support.serdes.ObjectArraySerde null Definition: io.micronaut.serde.support.serdes.ObjectArraySerde Factory: io.micronaut.serde.support.LegacyBeansFactory#provideObjectArraySerde
13:29:00.668 [Test worker] DEBUG io.micronaut.context.DefaultBeanContext --   class io.micronaut.serde.support.serializers.ObjectSerializer null Definition: io.micronaut.serde.support.serializers.ObjectSerializer Factory: io.micronaut.serde.support.LegacyBeansFactory#provideObjectSerializer
13:29:00.668 [Test worker] DEBUG io.micronaut.context.DefaultBeanContext --   class io.micronaut.serde.support.serdes.LocalDateTimeSerde null Definition: io.micronaut.serde.support.serdes.LocalDateTimeSerde Factory: io.micronaut.serde.support.LegacyBeansFactory#localDateTimeSerde
13:29:00.668 [Test worker] DEBUG io.micronaut.context.DefaultBeanContext --   class io.micronaut.serde.support.serdes.LocalDateSerde null Definition: io.micronaut.serde.support.serdes.LocalDateSerde Factory: io.micronaut.serde.support.LegacyBeansFactory#localDateSerde
13:29:00.668 [Test worker] DEBUG io.micronaut.context.DefaultBeanContext --   class io.micronaut.serde.support.serdes.YearSerde null Definition: io.micronaut.serde.support.serdes.YearSerde Factory: io.micronaut.serde.support.LegacyBeansFactory#yearSerde
13:29:00.668 [Test worker] DEBUG io.micronaut.context.DefaultBeanContext --   class io.micronaut.serde.support.serdes.OffsetDateTimeSerde null Definition: io.micronaut.serde.support.serdes.OffsetDateTimeSerde Factory: io.micronaut.serde.support.LegacyBeansFactory#offsetDateTimeSerde
13:29:00.668 [Test worker] DEBUG io.micronaut.context.DefaultBeanContext --   class io.micronaut.serde.jsonb.JsonpValueSerde null Definition: io.micronaut.serde.jsonb.JsonpValueSerde
13:29:00.668 [Test worker] DEBUG io.micronaut.context.DefaultBeanContext --   class io.micronaut.serde.support.serdes.LocalTimeSerde null Definition: io.micronaut.serde.support.serdes.LocalTimeSerde Factory: io.micronaut.serde.support.LegacyBeansFactory#localTimeSerde
13:29:00.668 [Test worker] DEBUG io.micronaut.context.DefaultBeanContext --   class io.micronaut.serde.support.serdes.PriorityQueueSerde null Definition: io.micronaut.serde.support.serdes.PriorityQueueSerde
13:29:00.668 [Test worker] DEBUG io.micronaut.context.DefaultBeanContext --   class io.micronaut.serde.support.deserializers.SerdeHealthResultDeserializer_HealthResultDtoSerializer null Definition: io.micronaut.serde.support.deserializers.SerdeHealthResultDeserializer_HealthResultDtoSerializer
13:29:00.668 [Test worker] DEBUG io.micronaut.context.DefaultBeanContext --   interface io.micronaut.serde.Serializer @Any Definition: io.micronaut.serde.Serializer Factory: io.micronaut.serde.support.LegacyBeansFactory#provideSerializer
13:29:00.668 [Test worker] DEBUG io.micronaut.context.DefaultBeanContext --   interface io.micronaut.serde.Serde @Any Definition: io.micronaut.serde.Serde Factory: io.micronaut.serde.support.LegacyBeansFactory#provideSerde
13:29:00.668 [Test worker] DEBUG io.micronaut.context.DefaultBeanContext --   class io.micronaut.serde.support.serdes.ZonedDateTimeSerde null Definition: io.micronaut.serde.support.serdes.ZonedDateTimeSerde Factory: io.micronaut.serde.support.LegacyBeansFactory#zonedDateTimeSerde
13:29:00.668 [Test worker] DEBUG io.micronaut.context.DefaultBeanContext -- Finding candidate beans for type: Deserializer
13:29:00.668 [Test worker] DEBUG io.micronaut.context.condition.Condition -- Bean [Definition: io.micronaut.serde.support.deserializers.HealthResultDeserializer] will not be loaded due to failing conditions:
13:29:00.668 [Test worker] DEBUG io.micronaut.context.condition.Condition -- * Class [io.micronaut.management.health.indicator.HealthResult] is not present
13:29:00.668 [Test worker] DEBUG io.micronaut.context.DefaultBeanContext --   class io.micronaut.serde.support.deserializers.ObjectDeserializer null Definition: io.micronaut.serde.support.deserializers.ObjectDeserializer Factory: io.micronaut.serde.support.LegacyBeansFactory#provideObjectDeserializer
13:29:00.668 [Test worker] DEBUG io.micronaut.context.DefaultBeanContext --   class io.micronaut.serde.support.serdes.InstantSerde null Definition: io.micronaut.serde.support.serdes.InstantSerde Factory: io.micronaut.serde.support.LegacyBeansFactory#instantSerde
13:29:00.668 [Test worker] DEBUG io.micronaut.context.DefaultBeanContext --   class io.micronaut.serde.support.serdes.InetAddressSerde null Definition: io.micronaut.serde.support.serdes.InetAddressSerde Factory: io.micronaut.serde.support.LegacyBeansFactory#inetAddressSerde
13:29:00.668 [Test worker] DEBUG io.micronaut.context.DefaultBeanContext --   class io.micronaut.serde.support.serdes.ObjectArraySerde null Definition: io.micronaut.serde.support.serdes.ObjectArraySerde Factory: io.micronaut.serde.support.LegacyBeansFactory#provideObjectArraySerde
13:29:00.668 [Test worker] DEBUG io.micronaut.context.DefaultBeanContext --   class io.micronaut.serde.support.serdes.LocalDateTimeSerde null Definition: io.micronaut.serde.support.serdes.LocalDateTimeSerde Factory: io.micronaut.serde.support.LegacyBeansFactory#localDateTimeSerde
13:29:00.668 [Test worker] DEBUG io.micronaut.context.DefaultBeanContext --   class io.micronaut.serde.support.serdes.LocalDateSerde null Definition: io.micronaut.serde.support.serdes.LocalDateSerde Factory: io.micronaut.serde.support.LegacyBeansFactory#localDateSerde
13:29:00.668 [Test worker] DEBUG io.micronaut.context.DefaultBeanContext --   class io.micronaut.serde.support.deserializers.SerdeHealthResultDeserializer_HealthResultDtoDeserializer null Definition: io.micronaut.serde.support.deserializers.SerdeHealthResultDeserializer_HealthResultDtoDeserializer
13:29:00.668 [Test worker] DEBUG io.micronaut.context.DefaultBeanContext --   class io.micronaut.serde.support.serdes.YearSerde null Definition: io.micronaut.serde.support.serdes.YearSerde Factory: io.micronaut.serde.support.LegacyBeansFactory#yearSerde
13:29:00.668 [Test worker] DEBUG io.micronaut.context.DefaultBeanContext --   class io.micronaut.serde.support.serdes.OffsetDateTimeSerde null Definition: io.micronaut.serde.support.serdes.OffsetDateTimeSerde Factory: io.micronaut.serde.support.LegacyBeansFactory#offsetDateTimeSerde
13:29:00.668 [Test worker] DEBUG io.micronaut.context.DefaultBeanContext --   class io.micronaut.serde.jsonb.JsonpValueSerde null Definition: io.micronaut.serde.jsonb.JsonpValueSerde
13:29:00.668 [Test worker] DEBUG io.micronaut.context.DefaultBeanContext --   interface io.micronaut.serde.Deserializer @Any Definition: io.micronaut.serde.Deserializer Factory: io.micronaut.serde.support.LegacyBeansFactory#provideDeserializer
13:29:00.668 [Test worker] DEBUG io.micronaut.context.DefaultBeanContext --   class io.micronaut.serde.support.serdes.LocalTimeSerde null Definition: io.micronaut.serde.support.serdes.LocalTimeSerde Factory: io.micronaut.serde.support.LegacyBeansFactory#localTimeSerde
13:29:00.668 [Test worker] DEBUG io.micronaut.context.DefaultBeanContext --   class io.micronaut.serde.support.serdes.PriorityQueueSerde null Definition: io.micronaut.serde.support.serdes.PriorityQueueSerde
13:29:00.668 [Test worker] DEBUG io.micronaut.context.DefaultBeanContext --   interface io.micronaut.serde.Serde @Any Definition: io.micronaut.serde.Serde Factory: io.micronaut.serde.support.LegacyBeansFactory#provideSerde
13:29:00.668 [Test worker] DEBUG io.micronaut.context.DefaultBeanContext --   class io.micronaut.serde.support.serdes.ZonedDateTimeSerde null Definition: io.micronaut.serde.support.serdes.ZonedDateTimeSerde Factory: io.micronaut.serde.support.LegacyBeansFactory#zonedDateTimeSerde
13:29:00.669 [Test worker] DEBUG io.micronaut.context.DefaultBeanContext -- Finding candidate beans for type: SerdeDeserializationPreInstantiateCallback
13:29:00.669 [Test worker] DEBUG io.micronaut.context.DefaultBeanContext -- No bean candidates found for type: SerdeDeserializationPreInstantiateCallback
13:29:00.669 [Test worker] DEBUG io.micronaut.context.lifecycle -- Created bean [io.micronaut.serde.support.DefaultSerdeRegistry@a2b54e3] from definition [Definition: io.micronaut.serde.support.DefaultSerdeRegistry] with qualifier [null]
13:29:00.669 [Test worker] DEBUG io.micronaut.context.DefaultBeanContext -- Finding candidate beans for type: SerdeJacksonConfiguration jacksonConfiguration
13:29:00.669 [Test worker] DEBUG io.micronaut.context.DefaultBeanContext --   class io.micronaut.serde.jackson.SerdeJacksonConfiguration null Definition: io.micronaut.serde.jackson.SerdeJacksonConfiguration
13:29:00.669 [Test worker] DEBUG io.micronaut.context.DefaultBeanContext -- Found concrete candidate [Definition: io.micronaut.serde.jackson.SerdeJacksonConfiguration] for type: jacksonConfiguration 
13:29:00.669 [Test worker] DEBUG io.micronaut.context.lifecycle -- Created bean [io.micronaut.serde.jackson.SerdeJacksonConfiguration@5c4cc644] from definition [Definition: io.micronaut.serde.jackson.SerdeJacksonConfiguration] with qualifier [null]
13:29:00.669 [Test worker] DEBUG io.micronaut.context.lifecycle -- Created bean [io.micronaut.serde.jackson.JacksonJsonMapper@32ea16b7] from definition [Definition: io.micronaut.serde.jackson.JacksonJsonMapper] with qualifier [null]
13:29:00.671 [Test worker] DEBUG io.micronaut.core.beans.DefaultBeanIntrospector -- Found BeanIntrospection for type: class ee.jakarta.tck.json.bind.customizedmapping.binarydata.model.BinaryDataContainer,
13:29:00.671 [Test worker] DEBUG io.micronaut.core.beans.DefaultBeanIntrospector -- Found BeanIntrospection for type: class ee.jakarta.tck.json.bind.customizedmapping.binarydata.model.BinaryDataContainer,
13:29:00.671 [Test worker] DEBUG io.micronaut.core.beans.DefaultBeanIntrospector -- Found BeanIntrospection for type: class ee.jakarta.tck.json.bind.customizedmapping.binarydata.model.BinaryDataContainer,
13:29:00.672 [Test worker] DEBUG io.micronaut.core.beans.DefaultBeanIntrospector -- Found BeanIntrospection for type: class ee.jakarta.tck.json.bind.customizedmapping.binarydata.model.BinaryDataContainer,
13:29:00.672 [Test worker] DEBUG io.micronaut.core.beans.DefaultBeanIntrospector -- Found BeanIntrospection for type: class ee.jakarta.tck.json.bind.customizedmapping.binarydata.model.BinaryDataContainer,
13:29:00.672 [Test worker] DEBUG io.micronaut.core.beans.DefaultBeanIntrospector -- Found BeanIntrospection for type: class ee.jakarta.tck.json.bind.customizedmapping.binarydata.model.BinaryDataContainer,
13:29:00.677 [Test worker] DEBUG io.micronaut.core.reflect.ClassUtils -- Reflectively retrieving hierarchy for class: class io.micronaut.serde.support.serdes.ZonedDateTimeSerde
13:29:00.677 [Test worker] DEBUG io.micronaut.core.reflect.ClassUtils -- Reflectively retrieving hierarchy for class: class io.micronaut.serde.support.deserializers.ObjectDeserializer
13:29:00.677 [Test worker] DEBUG io.micronaut.core.reflect.ClassUtils -- Reflectively retrieving hierarchy for class: class io.micronaut.serde.support.serdes.OffsetDateTimeSerde
13:29:00.677 [Test worker] DEBUG io.micronaut.core.reflect.ClassUtils -- Reflectively retrieving hierarchy for class: class io.micronaut.serde.support.serdes.LocalTimeSerde
13:29:00.677 [Test worker] DEBUG io.micronaut.core.reflect.ClassUtils -- Reflectively retrieving hierarchy for class: class io.micronaut.serde.support.serdes.InstantSerde
13:29:00.678 [Test worker] DEBUG io.micronaut.context.env.DefaultEnvironment -- Starting environment io.micronaut.context.env.DefaultEnvironment@6806468e for active names []
13:29:00.678 [Test worker] DEBUG io.micronaut.context.env.DefaultEnvironment -- Processing property source: config convention: JAVA_PROPERTIES
13:29:00.678 [Test worker] DEBUG io.micronaut.context.DefaultBeanContext -- Starting BeanContext
13:29:00.678 [Test worker] DEBUG io.micronaut.context.DefaultBeanContext -- Resolving beans for type: io.micronaut.core.convert.TypeConverter
13:29:00.678 [Test worker] DEBUG io.micronaut.context.DefaultBeanContext -- Finding candidate beans for type: TypeConverter
13:29:00.678 [Test worker] DEBUG io.micronaut.context.DefaultBeanContext -- No bean candidates found for type: TypeConverter
13:29:00.678 [Test worker] DEBUG io.micronaut.context.DefaultBeanContext -- Resolving beans for type: io.micronaut.core.convert.TypeConverterRegistrar
13:29:00.678 [Test worker] DEBUG io.micronaut.context.DefaultBeanContext -- Finding candidate beans for type: TypeConverterRegistrar
13:29:00.678 [Test worker] DEBUG io.micronaut.context.DefaultBeanContext -- No bean candidates found for type: TypeConverterRegistrar
13:29:00.678 [Test worker] DEBUG io.micronaut.context.DefaultBeanContext -- BeanContext Started.
13:29:00.678 [Test worker] DEBUG io.micronaut.context.DefaultBeanContext -- Finding candidate beans for type: ObjectMapper
13:29:00.678 [Test worker] DEBUG io.micronaut.context.DefaultBeanContext --   class io.micronaut.serde.jackson.JacksonJsonMapper null Definition: io.micronaut.serde.jackson.JacksonJsonMapper
13:29:00.678 [Test worker] DEBUG io.micronaut.context.DefaultBeanContext -- Found concrete candidate [Definition: io.micronaut.serde.jackson.JacksonJsonMapper] for type: objectMapper 
13:29:00.679 [Test worker] DEBUG io.micronaut.context.DefaultBeanContext -- Finding candidate beans for type: SerdeRegistry registry
13:29:00.679 [Test worker] DEBUG io.micronaut.context.DefaultBeanContext --   class io.micronaut.serde.support.DefaultSerdeRegistry null Definition: io.micronaut.serde.support.DefaultSerdeRegistry
13:29:00.679 [Test worker] DEBUG io.micronaut.context.DefaultBeanContext -- Found concrete candidate [Definition: io.micronaut.serde.support.DefaultSerdeRegistry] for type: registry 
13:29:00.679 [Test worker] DEBUG io.micronaut.context.DefaultBeanContext -- Finding candidate beans for type: SerdeIntrospections introspections
13:29:00.679 [Test worker] DEBUG io.micronaut.context.DefaultBeanContext --   class io.micronaut.serde.support.DefaultSerdeIntrospections null Definition: io.micronaut.serde.support.DefaultSerdeIntrospections
13:29:00.679 [Test worker] DEBUG io.micronaut.context.DefaultBeanContext -- Found concrete candidate [Definition: io.micronaut.serde.support.DefaultSerdeIntrospections] for type: introspections 
13:29:00.679 [Test worker] DEBUG io.micronaut.context.DefaultBeanContext -- Finding candidate beans for type: SerdeConfiguration configuration
13:29:00.679 [Test worker] DEBUG io.micronaut.context.DefaultBeanContext --   class io.micronaut.serde.config.DefaultSerdeConfiguration null Definition: io.micronaut.serde.config.DefaultSerdeConfiguration
13:29:00.679 [Test worker] DEBUG io.micronaut.context.DefaultBeanContext -- Found concrete candidate [Definition: io.micronaut.serde.config.DefaultSerdeConfiguration] for type: configuration 
13:29:00.679 [Test worker] DEBUG io.micronaut.context.lifecycle -- Created bean [io.micronaut.serde.config.DefaultSerdeConfiguration@3c7b137a] from definition [Definition: io.micronaut.serde.config.DefaultSerdeConfiguration] with qualifier [null]
13:29:00.679 [Test worker] DEBUG io.micronaut.context.lifecycle -- Created bean [io.micronaut.serde.support.DefaultSerdeIntrospections@68631b1d] from definition [Definition: io.micronaut.serde.support.DefaultSerdeIntrospections] with qualifier [null]
13:29:00.679 [Test worker] DEBUG io.micronaut.context.DefaultBeanContext -- Finding candidate beans for type: SerializationConfiguration serializationConfiguration
13:29:00.679 [Test worker] DEBUG io.micronaut.context.DefaultBeanContext --   class io.micronaut.serde.config.DefaultSerializationConfiguration null Definition: io.micronaut.serde.config.DefaultSerializationConfiguration
13:29:00.679 [Test worker] DEBUG io.micronaut.context.DefaultBeanContext -- Found concrete candidate [Definition: io.micronaut.serde.config.DefaultSerializationConfiguration] for type: serializationConfiguration 
13:29:00.679 [Test worker] DEBUG io.micronaut.context.lifecycle -- Created bean [io.micronaut.serde.config.DefaultSerializationConfiguration@5a48da4f] from definition [Definition: io.micronaut.serde.config.DefaultSerializationConfiguration] with qualifier [null]
13:29:00.679 [Test worker] DEBUG io.micronaut.context.DefaultBeanContext -- Finding candidate beans for type: DeserializationConfiguration deserializationConfiguration
13:29:00.679 [Test worker] DEBUG io.micronaut.context.DefaultBeanContext --   class io.micronaut.serde.config.DefaultDeserializationConfiguration null Definition: io.micronaut.serde.config.DefaultDeserializationConfiguration
13:29:00.679 [Test worker] DEBUG io.micronaut.context.DefaultBeanContext -- Found concrete candidate [Definition: io.micronaut.serde.config.DefaultDeserializationConfiguration] for type: deserializationConfiguration 
13:29:00.680 [Test worker] DEBUG io.micronaut.context.lifecycle -- Created bean [io.micronaut.serde.config.DefaultDeserializationConfiguration@a0c5be] from definition [Definition: io.micronaut.serde.config.DefaultDeserializationConfiguration] with qualifier [null]
13:29:00.680 [Test worker] DEBUG io.micronaut.context.DefaultBeanContext -- Finding candidate beans for type: Serializer
13:29:00.680 [Test worker] DEBUG io.micronaut.context.condition.Condition -- Bean [Definition: io.micronaut.serde.support.serdes.HealthStatusSerde] will not be loaded due to failing conditions:
13:29:00.680 [Test worker] DEBUG io.micronaut.context.condition.Condition -- * Class [io.micronaut.health.HealthStatus] is not present
13:29:00.680 [Test worker] DEBUG io.micronaut.context.DefaultBeanContext --   class io.micronaut.serde.support.serdes.InstantSerde null Definition: io.micronaut.serde.support.serdes.InstantSerde Factory: io.micronaut.serde.support.LegacyBeansFactory#instantSerde
13:29:00.680 [Test worker] DEBUG io.micronaut.context.DefaultBeanContext --   class io.micronaut.serde.support.serdes.InetAddressSerde null Definition: io.micronaut.serde.support.serdes.InetAddressSerde Factory: io.micronaut.serde.support.LegacyBeansFactory#inetAddressSerde
13:29:00.680 [Test worker] DEBUG io.micronaut.context.DefaultBeanContext --   class io.micronaut.serde.support.serdes.ObjectArraySerde null Definition: io.micronaut.serde.support.serdes.ObjectArraySerde Factory: io.micronaut.serde.support.LegacyBeansFactory#provideObjectArraySerde
13:29:00.680 [Test worker] DEBUG io.micronaut.context.DefaultBeanContext --   class io.micronaut.serde.support.serializers.ObjectSerializer null Definition: io.micronaut.serde.support.serializers.ObjectSerializer Factory: io.micronaut.serde.support.LegacyBeansFactory#provideObjectSerializer
13:29:00.680 [Test worker] DEBUG io.micronaut.context.DefaultBeanContext --   class io.micronaut.serde.support.serdes.LocalDateTimeSerde null Definition: io.micronaut.serde.support.serdes.LocalDateTimeSerde Factory: io.micronaut.serde.support.LegacyBeansFactory#localDateTimeSerde
13:29:00.680 [Test worker] DEBUG io.micronaut.context.DefaultBeanContext --   class io.micronaut.serde.support.serdes.LocalDateSerde null Definition: io.micronaut.serde.support.serdes.LocalDateSerde Factory: io.micronaut.serde.support.LegacyBeansFactory#localDateSerde
13:29:00.680 [Test worker] DEBUG io.micronaut.context.DefaultBeanContext --   class io.micronaut.serde.support.serdes.YearSerde null Definition: io.micronaut.serde.support.serdes.YearSerde Factory: io.micronaut.serde.support.LegacyBeansFactory#yearSerde
13:29:00.680 [Test worker] DEBUG io.micronaut.context.DefaultBeanContext --   class io.micronaut.serde.support.serdes.OffsetDateTimeSerde null Definition: io.micronaut.serde.support.serdes.OffsetDateTimeSerde Factory: io.micronaut.serde.support.LegacyBeansFactory#offsetDateTimeSerde
13:29:00.680 [Test worker] DEBUG io.micronaut.context.DefaultBeanContext --   class io.micronaut.serde.jsonb.JsonpValueSerde null Definition: io.micronaut.serde.jsonb.JsonpValueSerde
13:29:00.680 [Test worker] DEBUG io.micronaut.context.DefaultBeanContext --   class io.micronaut.serde.support.serdes.LocalTimeSerde null Definition: io.micronaut.serde.support.serdes.LocalTimeSerde Factory: io.micronaut.serde.support.LegacyBeansFactory#localTimeSerde
13:29:00.680 [Test worker] DEBUG io.micronaut.context.DefaultBeanContext --   class io.micronaut.serde.support.serdes.PriorityQueueSerde null Definition: io.micronaut.serde.support.serdes.PriorityQueueSerde
13:29:00.680 [Test worker] DEBUG io.micronaut.context.DefaultBeanContext --   class io.micronaut.serde.support.deserializers.SerdeHealthResultDeserializer_HealthResultDtoSerializer null Definition: io.micronaut.serde.support.deserializers.SerdeHealthResultDeserializer_HealthResultDtoSerializer
13:29:00.680 [Test worker] DEBUG io.micronaut.context.DefaultBeanContext --   interface io.micronaut.serde.Serializer @Any Definition: io.micronaut.serde.Serializer Factory: io.micronaut.serde.support.LegacyBeansFactory#provideSerializer
13:29:00.680 [Test worker] DEBUG io.micronaut.context.DefaultBeanContext --   interface io.micronaut.serde.Serde @Any Definition: io.micronaut.serde.Serde Factory: io.micronaut.serde.support.LegacyBeansFactory#provideSerde
13:29:00.680 [Test worker] DEBUG io.micronaut.context.DefaultBeanContext --   class io.micronaut.serde.support.serdes.ZonedDateTimeSerde null Definition: io.micronaut.serde.support.serdes.ZonedDateTimeSerde Factory: io.micronaut.serde.support.LegacyBeansFactory#zonedDateTimeSerde
13:29:00.680 [Test worker] DEBUG io.micronaut.context.DefaultBeanContext -- Finding candidate beans for type: Deserializer
13:29:00.680 [Test worker] DEBUG io.micronaut.context.condition.Condition -- Bean [Definition: io.micronaut.serde.support.deserializers.HealthResultDeserializer] will not be loaded due to failing conditions:
13:29:00.680 [Test worker] DEBUG io.micronaut.context.condition.Condition -- * Class [io.micronaut.management.health.indicator.HealthResult] is not present
13:29:00.680 [Test worker] DEBUG io.micronaut.context.DefaultBeanContext --   class io.micronaut.serde.support.deserializers.ObjectDeserializer null Definition: io.micronaut.serde.support.deserializers.ObjectDeserializer Factory: io.micronaut.serde.support.LegacyBeansFactory#provideObjectDeserializer
13:29:00.680 [Test worker] DEBUG io.micronaut.context.DefaultBeanContext --   class io.micronaut.serde.support.serdes.InstantSerde null Definition: io.micronaut.serde.support.serdes.InstantSerde Factory: io.micronaut.serde.support.LegacyBeansFactory#instantSerde
13:29:00.680 [Test worker] DEBUG io.micronaut.context.DefaultBeanContext --   class io.micronaut.serde.support.serdes.InetAddressSerde null Definition: io.micronaut.serde.support.serdes.InetAddressSerde Factory: io.micronaut.serde.support.LegacyBeansFactory#inetAddressSerde
13:29:00.680 [Test worker] DEBUG io.micronaut.context.DefaultBeanContext --   class io.micronaut.serde.support.serdes.ObjectArraySerde null Definition: io.micronaut.serde.support.serdes.ObjectArraySerde Factory: io.micronaut.serde.support.LegacyBeansFactory#provideObjectArraySerde
13:29:00.680 [Test worker] DEBUG io.micronaut.context.DefaultBeanContext --   class io.micronaut.serde.support.serdes.LocalDateTimeSerde null Definition: io.micronaut.serde.support.serdes.LocalDateTimeSerde Factory: io.micronaut.serde.support.LegacyBeansFactory#localDateTimeSerde
13:29:00.680 [Test worker] DEBUG io.micronaut.context.DefaultBeanContext --   class io.micronaut.serde.support.serdes.LocalDateSerde null Definition: io.micronaut.serde.support.serdes.LocalDateSerde Factory: io.micronaut.serde.support.LegacyBeansFactory#localDateSerde
13:29:00.680 [Test worker] DEBUG io.micronaut.context.DefaultBeanContext --   class io.micronaut.serde.support.deserializers.SerdeHealthResultDeserializer_HealthResultDtoDeserializer null Definition: io.micronaut.serde.support.deserializers.SerdeHealthResultDeserializer_HealthResultDtoDeserializer
13:29:00.680 [Test worker] DEBUG io.micronaut.context.DefaultBeanContext --   class io.micronaut.serde.support.serdes.YearSerde null Definition: io.micronaut.serde.support.serdes.YearSerde Factory: io.micronaut.serde.support.LegacyBeansFactory#yearSerde
13:29:00.680 [Test worker] DEBUG io.micronaut.context.DefaultBeanContext --   class io.micronaut.serde.support.serdes.OffsetDateTimeSerde null Definition: io.micronaut.serde.support.serdes.OffsetDateTimeSerde Factory: io.micronaut.serde.support.LegacyBeansFactory#offsetDateTimeSerde
13:29:00.680 [Test worker] DEBUG io.micronaut.context.DefaultBeanContext --   class io.micronaut.serde.jsonb.JsonpValueSerde null Definition: io.micronaut.serde.jsonb.JsonpValueSerde
13:29:00.680 [Test worker] DEBUG io.micronaut.context.DefaultBeanContext --   interface io.micronaut.serde.Deserializer @Any Definition: io.micronaut.serde.Deserializer Factory: io.micronaut.serde.support.LegacyBeansFactory#provideDeserializer
13:29:00.680 [Test worker] DEBUG io.micronaut.context.DefaultBeanContext --   class io.micronaut.serde.support.serdes.LocalTimeSerde null Definition: io.micronaut.serde.support.serdes.LocalTimeSerde Factory: io.micronaut.serde.support.LegacyBeansFactory#localTimeSerde
13:29:00.680 [Test worker] DEBUG io.micronaut.context.DefaultBeanContext --   class io.micronaut.serde.support.serdes.PriorityQueueSerde null Definition: io.micronaut.serde.support.serdes.PriorityQueueSerde
13:29:00.680 [Test worker] DEBUG io.micronaut.context.DefaultBeanContext --   interface io.micronaut.serde.Serde @Any Definition: io.micronaut.serde.Serde Factory: io.micronaut.serde.support.LegacyBeansFactory#provideSerde
13:29:00.680 [Test worker] DEBUG io.micronaut.context.DefaultBeanContext --   class io.micronaut.serde.support.serdes.ZonedDateTimeSerde null Definition: io.micronaut.serde.support.serdes.ZonedDateTimeSerde Factory: io.micronaut.serde.support.LegacyBeansFactory#zonedDateTimeSerde
13:29:00.681 [Test worker] DEBUG io.micronaut.context.DefaultBeanContext -- Finding candidate beans for type: SerdeDeserializationPreInstantiateCallback
13:29:00.681 [Test worker] DEBUG io.micronaut.context.DefaultBeanContext -- No bean candidates found for type: SerdeDeserializationPreInstantiateCallback
13:29:00.681 [Test worker] DEBUG io.micronaut.context.lifecycle -- Created bean [io.micronaut.serde.support.DefaultSerdeRegistry@6424e613] from definition [Definition: io.micronaut.serde.support.DefaultSerdeRegistry] with qualifier [null]
13:29:00.681 [Test worker] DEBUG io.micronaut.context.DefaultBeanContext -- Finding candidate beans for type: SerdeJacksonConfiguration jacksonConfiguration
13:29:00.681 [Test worker] DEBUG io.micronaut.context.DefaultBeanContext --   class io.micronaut.serde.jackson.SerdeJacksonConfiguration null Definition: io.micronaut.serde.jackson.SerdeJacksonConfiguration
13:29:00.681 [Test worker] DEBUG io.micronaut.context.DefaultBeanContext -- Found concrete candidate [Definition: io.micronaut.serde.jackson.SerdeJacksonConfiguration] for type: jacksonConfiguration 
13:29:00.681 [Test worker] DEBUG io.micronaut.context.lifecycle -- Created bean [io.micronaut.serde.jackson.SerdeJacksonConfiguration@14efa279] from definition [Definition: io.micronaut.serde.jackson.SerdeJacksonConfiguration] with qualifier [null]
13:29:00.681 [Test worker] DEBUG io.micronaut.context.lifecycle -- Created bean [io.micronaut.serde.jackson.JacksonJsonMapper@e62319f] from definition [Definition: io.micronaut.serde.jackson.JacksonJsonMapper] with qualifier [null]
13:29:00.682 [Test worker] DEBUG io.micronaut.core.beans.DefaultBeanIntrospector -- Found BeanIntrospection for type: class ee.jakarta.tck.json.bind.customizedmapping.binarydata.model.BinaryDataContainer,
13:29:00.682 [Test worker] DEBUG io.micronaut.core.beans.DefaultBeanIntrospector -- Found BeanIntrospection for type: class ee.jakarta.tck.json.bind.customizedmapping.binarydata.model.BinaryDataContainer,
13:29:00.682 [Test worker] DEBUG io.micronaut.core.beans.DefaultBeanIntrospector -- Found BeanIntrospection for type: class ee.jakarta.tck.json.bind.customizedmapping.binarydata.model.BinaryDataContainer,
13:29:00.683 [Test worker] DEBUG io.micronaut.core.beans.DefaultBeanIntrospector -- Found BeanIntrospection for type: class ee.jakarta.tck.json.bind.customizedmapping.binarydata.model.BinaryDataContainer,
13:29:00.683 [Test worker] DEBUG io.micronaut.core.beans.DefaultBeanIntrospector -- Found BeanIntrospection for type: class ee.jakarta.tck.json.bind.customizedmapping.binarydata.model.BinaryDataContainer,
13:29:00.683 [Test worker] DEBUG io.micronaut.core.beans.DefaultBeanIntrospector -- Found BeanIntrospection for type: class ee.jakarta.tck.json.bind.customizedmapping.binarydata.model.BinaryDataContainer,
]]></system-out>
  <system-err><![CDATA[]]></system-err>
</testsuite>
