<?xml version="1.0" encoding="UTF-8"?>
<testsuite name="ee.jakarta.tck.json.bind.customizedmapping.ijson.IJsonSupportTest" tests="9" skipped="0" failures="0" errors="0" timestamp="SANITIZED" hostname="SANITIZED" time="0">
  <properties/>
  <testcase name="testStrictNonObjectOrArrayTopLevel()" classname="ee.jakarta.tck.json.bind.customizedmapping.ijson.IJsonSupportTest" time="0"/>
  <testcase name="testStrictGregorianCalendar()" classname="ee.jakarta.tck.json.bind.customizedmapping.ijson.IJsonSupportTest" time="0"/>
  <testcase name="testStrictInstant()" classname="ee.jakarta.tck.json.bind.customizedmapping.ijson.IJsonSupportTest" time="0"/>
  <testcase name="testStrictLocalDateTime()" classname="ee.jakarta.tck.json.bind.customizedmapping.ijson.IJsonSupportTest" time="0"/>
  <testcase name="testStrictDuration()" classname="ee.jakarta.tck.json.bind.customizedmapping.ijson.IJsonSupportTest" time="0"/>
  <testcase name="testStrictCalendar()" classname="ee.jakarta.tck.json.bind.customizedmapping.ijson.IJsonSupportTest" time="0"/>
  <testcase name="testStrictDate()" classname="ee.jakarta.tck.json.bind.customizedmapping.ijson.IJsonSupportTest" time="0"/>
  <testcase name="testStrictBinaryDataEncoding()" classname="ee.jakarta.tck.json.bind.customizedmapping.ijson.IJsonSupportTest" time="0"/>
  <testcase name="testStrictLocalDate()" classname="ee.jakarta.tck.json.bind.customizedmapping.ijson.IJsonSupportTest" time="0"/>
  <system-out><![CDATA[14:38:38.054 [Test worker] DEBUG io.micronaut.core.reflect.ClassUtils -- Reflectively retrieving hierarchy for class: class io.micronaut.serde.support.serdes.ZonedDateTimeSerde
14:38:38.054 [Test worker] DEBUG io.micronaut.core.reflect.ClassUtils -- Reflectively retrieving hierarchy for class: class io.micronaut.serde.support.deserializers.ObjectDeserializer
14:38:38.054 [Test worker] DEBUG io.micronaut.core.reflect.ClassUtils -- Reflectively retrieving hierarchy for class: class io.micronaut.serde.support.serdes.OffsetDateTimeSerde
14:38:38.055 [Test worker] DEBUG io.micronaut.core.reflect.ClassUtils -- Reflectively retrieving hierarchy for class: class io.micronaut.serde.support.serdes.LocalTimeSerde
14:38:38.055 [Test worker] DEBUG io.micronaut.core.reflect.ClassUtils -- Reflectively retrieving hierarchy for class: class io.micronaut.serde.support.serdes.InstantSerde
14:38:38.055 [Test worker] DEBUG io.micronaut.context.env.DefaultEnvironment -- Starting environment io.micronaut.context.env.DefaultEnvironment@14b95942 for active names []
14:38:38.056 [Test worker] DEBUG io.micronaut.context.env.DefaultEnvironment -- Processing property source: config convention: JAVA_PROPERTIES
14:38:38.056 [Test worker] DEBUG io.micronaut.context.DefaultBeanContext -- Starting BeanContext
14:38:38.056 [Test worker] DEBUG io.micronaut.context.DefaultBeanContext -- Resolving beans for type: io.micronaut.core.convert.TypeConverter
14:38:38.056 [Test worker] DEBUG io.micronaut.context.DefaultBeanContext -- Finding candidate beans for type: TypeConverter
14:38:38.056 [Test worker] DEBUG io.micronaut.context.DefaultBeanContext -- No bean candidates found for type: TypeConverter
14:38:38.056 [Test worker] DEBUG io.micronaut.context.DefaultBeanContext -- Resolving beans for type: io.micronaut.core.convert.TypeConverterRegistrar
14:38:38.056 [Test worker] DEBUG io.micronaut.context.DefaultBeanContext -- Finding candidate beans for type: TypeConverterRegistrar
14:38:38.056 [Test worker] DEBUG io.micronaut.context.DefaultBeanContext -- No bean candidates found for type: TypeConverterRegistrar
14:38:38.056 [Test worker] DEBUG io.micronaut.context.DefaultBeanContext -- BeanContext Started.
14:38:38.056 [Test worker] DEBUG io.micronaut.context.DefaultBeanContext -- Finding candidate beans for type: ObjectMapper
14:38:38.056 [Test worker] DEBUG io.micronaut.context.DefaultBeanContext --   class io.micronaut.serde.jackson.JacksonJsonMapper null Definition: io.micronaut.serde.jackson.JacksonJsonMapper
14:38:38.056 [Test worker] DEBUG io.micronaut.context.DefaultBeanContext -- Found concrete candidate [Definition: io.micronaut.serde.jackson.JacksonJsonMapper] for type: objectMapper 
14:38:38.056 [Test worker] DEBUG io.micronaut.context.DefaultBeanContext -- Finding candidate beans for type: SerdeRegistry registry
14:38:38.056 [Test worker] DEBUG io.micronaut.context.DefaultBeanContext --   class io.micronaut.serde.support.DefaultSerdeRegistry null Definition: io.micronaut.serde.support.DefaultSerdeRegistry
14:38:38.056 [Test worker] DEBUG io.micronaut.context.DefaultBeanContext -- Found concrete candidate [Definition: io.micronaut.serde.support.DefaultSerdeRegistry] for type: registry 
14:38:38.056 [Test worker] DEBUG io.micronaut.context.DefaultBeanContext -- Finding candidate beans for type: SerdeIntrospections introspections
14:38:38.056 [Test worker] DEBUG io.micronaut.context.DefaultBeanContext --   class io.micronaut.serde.support.DefaultSerdeIntrospections null Definition: io.micronaut.serde.support.DefaultSerdeIntrospections
14:38:38.056 [Test worker] DEBUG io.micronaut.context.DefaultBeanContext -- Found concrete candidate [Definition: io.micronaut.serde.support.DefaultSerdeIntrospections] for type: introspections 
14:38:38.056 [Test worker] DEBUG io.micronaut.context.DefaultBeanContext -- Finding candidate beans for type: SerdeConfiguration configuration
14:38:38.056 [Test worker] DEBUG io.micronaut.context.DefaultBeanContext --   class io.micronaut.serde.config.DefaultSerdeConfiguration null Definition: io.micronaut.serde.config.DefaultSerdeConfiguration
14:38:38.056 [Test worker] DEBUG io.micronaut.context.DefaultBeanContext -- Found concrete candidate [Definition: io.micronaut.serde.config.DefaultSerdeConfiguration] for type: configuration 
14:38:38.056 [Test worker] DEBUG io.micronaut.context.lifecycle -- Created bean [io.micronaut.serde.config.DefaultSerdeConfiguration@6598caab] from definition [Definition: io.micronaut.serde.config.DefaultSerdeConfiguration] with qualifier [null]
14:38:38.056 [Test worker] DEBUG io.micronaut.context.lifecycle -- Created bean [io.micronaut.serde.support.DefaultSerdeIntrospections@47f2c722] from definition [Definition: io.micronaut.serde.support.DefaultSerdeIntrospections] with qualifier [null]
14:38:38.056 [Test worker] DEBUG io.micronaut.context.DefaultBeanContext -- Finding candidate beans for type: SerializationConfiguration serializationConfiguration
14:38:38.057 [Test worker] DEBUG io.micronaut.context.DefaultBeanContext --   class io.micronaut.serde.config.DefaultSerializationConfiguration null Definition: io.micronaut.serde.config.DefaultSerializationConfiguration
14:38:38.057 [Test worker] DEBUG io.micronaut.context.DefaultBeanContext -- Found concrete candidate [Definition: io.micronaut.serde.config.DefaultSerializationConfiguration] for type: serializationConfiguration 
14:38:38.057 [Test worker] DEBUG io.micronaut.context.lifecycle -- Created bean [io.micronaut.serde.config.DefaultSerializationConfiguration@52ca0ad4] from definition [Definition: io.micronaut.serde.config.DefaultSerializationConfiguration] with qualifier [null]
14:38:38.057 [Test worker] DEBUG io.micronaut.context.DefaultBeanContext -- Finding candidate beans for type: DeserializationConfiguration deserializationConfiguration
14:38:38.057 [Test worker] DEBUG io.micronaut.context.DefaultBeanContext --   class io.micronaut.serde.config.DefaultDeserializationConfiguration null Definition: io.micronaut.serde.config.DefaultDeserializationConfiguration
14:38:38.057 [Test worker] DEBUG io.micronaut.context.DefaultBeanContext -- Found concrete candidate [Definition: io.micronaut.serde.config.DefaultDeserializationConfiguration] for type: deserializationConfiguration 
14:38:38.057 [Test worker] DEBUG io.micronaut.context.lifecycle -- Created bean [io.micronaut.serde.config.DefaultDeserializationConfiguration@4536a715] from definition [Definition: io.micronaut.serde.config.DefaultDeserializationConfiguration] with qualifier [null]
14:38:38.057 [Test worker] DEBUG io.micronaut.context.DefaultBeanContext -- Finding candidate beans for type: Serializer
14:38:38.057 [Test worker] DEBUG io.micronaut.context.condition.Condition -- Bean [Definition: io.micronaut.serde.support.serdes.HealthStatusSerde] will not be loaded due to failing conditions:
14:38:38.057 [Test worker] DEBUG io.micronaut.context.condition.Condition -- * Class [io.micronaut.health.HealthStatus] is not present
14:38:38.057 [Test worker] DEBUG io.micronaut.context.DefaultBeanContext --   class io.micronaut.serde.support.serdes.LocalDateSerde null Definition: io.micronaut.serde.support.serdes.LocalDateSerde Factory: io.micronaut.serde.support.LegacyBeansFactory#localDateSerde
14:38:38.057 [Test worker] DEBUG io.micronaut.context.DefaultBeanContext --   interface io.micronaut.serde.Serde @Any Definition: io.micronaut.serde.Serde Factory: io.micronaut.serde.support.LegacyBeansFactory#provideSerde
14:38:38.057 [Test worker] DEBUG io.micronaut.context.DefaultBeanContext --   interface io.micronaut.serde.Serializer @Any Definition: io.micronaut.serde.Serializer Factory: io.micronaut.serde.support.LegacyBeansFactory#provideSerializer
14:38:38.057 [Test worker] DEBUG io.micronaut.context.DefaultBeanContext --   class io.micronaut.serde.jsonb.JsonpValueSerde null Definition: io.micronaut.serde.jsonb.JsonpValueSerde
14:38:38.057 [Test worker] DEBUG io.micronaut.context.DefaultBeanContext --   class io.micronaut.serde.support.serdes.LocalTimeSerde null Definition: io.micronaut.serde.support.serdes.LocalTimeSerde Factory: io.micronaut.serde.support.LegacyBeansFactory#localTimeSerde
14:38:38.057 [Test worker] DEBUG io.micronaut.context.DefaultBeanContext --   class io.micronaut.serde.support.serializers.ObjectSerializer null Definition: io.micronaut.serde.support.serializers.ObjectSerializer Factory: io.micronaut.serde.support.LegacyBeansFactory#provideObjectSerializer
14:38:38.057 [Test worker] DEBUG io.micronaut.context.DefaultBeanContext --   class io.micronaut.serde.support.serdes.ZonedDateTimeSerde null Definition: io.micronaut.serde.support.serdes.ZonedDateTimeSerde Factory: io.micronaut.serde.support.LegacyBeansFactory#zonedDateTimeSerde
14:38:38.057 [Test worker] DEBUG io.micronaut.context.DefaultBeanContext --   class io.micronaut.serde.support.serdes.InetAddressSerde null Definition: io.micronaut.serde.support.serdes.InetAddressSerde Factory: io.micronaut.serde.support.LegacyBeansFactory#inetAddressSerde
14:38:38.057 [Test worker] DEBUG io.micronaut.context.DefaultBeanContext --   class io.micronaut.serde.support.serializers.XmlIdRefSerializer null Definition: io.micronaut.serde.support.serializers.XmlIdRefSerializer
14:38:38.057 [Test worker] DEBUG io.micronaut.context.DefaultBeanContext --   class io.micronaut.serde.support.serdes.InstantSerde null Definition: io.micronaut.serde.support.serdes.InstantSerde Factory: io.micronaut.serde.support.LegacyBeansFactory#instantSerde
14:38:38.057 [Test worker] DEBUG io.micronaut.context.DefaultBeanContext --   class io.micronaut.serde.support.deserializers.SerdeHealthResultDeserializer_HealthResultDtoSerializer null Definition: io.micronaut.serde.support.deserializers.SerdeHealthResultDeserializer_HealthResultDtoSerializer
14:38:38.057 [Test worker] DEBUG io.micronaut.context.DefaultBeanContext --   class io.micronaut.serde.support.serdes.PriorityQueueSerde null Definition: io.micronaut.serde.support.serdes.PriorityQueueSerde
14:38:38.057 [Test worker] DEBUG io.micronaut.context.DefaultBeanContext --   class io.micronaut.serde.support.serdes.LocalDateTimeSerde null Definition: io.micronaut.serde.support.serdes.LocalDateTimeSerde Factory: io.micronaut.serde.support.LegacyBeansFactory#localDateTimeSerde
14:38:38.057 [Test worker] DEBUG io.micronaut.context.DefaultBeanContext --   class io.micronaut.serde.support.serdes.OffsetDateTimeSerde null Definition: io.micronaut.serde.support.serdes.OffsetDateTimeSerde Factory: io.micronaut.serde.support.LegacyBeansFactory#offsetDateTimeSerde
14:38:38.057 [Test worker] DEBUG io.micronaut.context.DefaultBeanContext --   class io.micronaut.serde.support.serdes.YearSerde null Definition: io.micronaut.serde.support.serdes.YearSerde Factory: io.micronaut.serde.support.LegacyBeansFactory#yearSerde
14:38:38.057 [Test worker] DEBUG io.micronaut.context.DefaultBeanContext --   class io.micronaut.serde.support.serdes.ObjectArraySerde null Definition: io.micronaut.serde.support.serdes.ObjectArraySerde Factory: io.micronaut.serde.support.LegacyBeansFactory#provideObjectArraySerde
14:38:38.057 [Test worker] DEBUG io.micronaut.context.DefaultBeanContext -- Finding candidate beans for type: Deserializer
14:38:38.057 [Test worker] DEBUG io.micronaut.context.condition.Condition -- Bean [Definition: io.micronaut.serde.support.deserializers.HealthResultDeserializer] will not be loaded due to failing conditions:
14:38:38.057 [Test worker] DEBUG io.micronaut.context.condition.Condition -- * Class [io.micronaut.management.health.indicator.HealthResult] is not present
14:38:38.057 [Test worker] DEBUG io.micronaut.context.DefaultBeanContext --   class io.micronaut.serde.support.serdes.LocalDateSerde null Definition: io.micronaut.serde.support.serdes.LocalDateSerde Factory: io.micronaut.serde.support.LegacyBeansFactory#localDateSerde
14:38:38.057 [Test worker] DEBUG io.micronaut.context.DefaultBeanContext --   interface io.micronaut.serde.Serde @Any Definition: io.micronaut.serde.Serde Factory: io.micronaut.serde.support.LegacyBeansFactory#provideSerde
14:38:38.057 [Test worker] DEBUG io.micronaut.context.DefaultBeanContext --   class io.micronaut.serde.jsonb.JsonpValueSerde null Definition: io.micronaut.serde.jsonb.JsonpValueSerde
14:38:38.057 [Test worker] DEBUG io.micronaut.context.DefaultBeanContext --   interface io.micronaut.serde.Deserializer @Any Definition: io.micronaut.serde.Deserializer Factory: io.micronaut.serde.support.LegacyBeansFactory#provideDeserializer
14:38:38.057 [Test worker] DEBUG io.micronaut.context.DefaultBeanContext --   class io.micronaut.serde.support.serdes.LocalTimeSerde null Definition: io.micronaut.serde.support.serdes.LocalTimeSerde Factory: io.micronaut.serde.support.LegacyBeansFactory#localTimeSerde
14:38:38.057 [Test worker] DEBUG io.micronaut.context.DefaultBeanContext --   class io.micronaut.serde.support.serdes.ZonedDateTimeSerde null Definition: io.micronaut.serde.support.serdes.ZonedDateTimeSerde Factory: io.micronaut.serde.support.LegacyBeansFactory#zonedDateTimeSerde
14:38:38.057 [Test worker] DEBUG io.micronaut.context.DefaultBeanContext --   class io.micronaut.serde.support.serdes.InetAddressSerde null Definition: io.micronaut.serde.support.serdes.InetAddressSerde Factory: io.micronaut.serde.support.LegacyBeansFactory#inetAddressSerde
14:38:38.057 [Test worker] DEBUG io.micronaut.context.DefaultBeanContext --   class io.micronaut.serde.support.serdes.InstantSerde null Definition: io.micronaut.serde.support.serdes.InstantSerde Factory: io.micronaut.serde.support.LegacyBeansFactory#instantSerde
14:38:38.057 [Test worker] DEBUG io.micronaut.context.DefaultBeanContext --   class io.micronaut.serde.support.serdes.PriorityQueueSerde null Definition: io.micronaut.serde.support.serdes.PriorityQueueSerde
14:38:38.057 [Test worker] DEBUG io.micronaut.context.DefaultBeanContext --   class io.micronaut.serde.support.serdes.LocalDateTimeSerde null Definition: io.micronaut.serde.support.serdes.LocalDateTimeSerde Factory: io.micronaut.serde.support.LegacyBeansFactory#localDateTimeSerde
14:38:38.057 [Test worker] DEBUG io.micronaut.context.DefaultBeanContext --   class io.micronaut.serde.support.serdes.OffsetDateTimeSerde null Definition: io.micronaut.serde.support.serdes.OffsetDateTimeSerde Factory: io.micronaut.serde.support.LegacyBeansFactory#offsetDateTimeSerde
14:38:38.057 [Test worker] DEBUG io.micronaut.context.DefaultBeanContext --   class io.micronaut.serde.support.serdes.YearSerde null Definition: io.micronaut.serde.support.serdes.YearSerde Factory: io.micronaut.serde.support.LegacyBeansFactory#yearSerde
14:38:38.057 [Test worker] DEBUG io.micronaut.context.DefaultBeanContext --   class io.micronaut.serde.support.deserializers.SerdeHealthResultDeserializer_HealthResultDtoDeserializer null Definition: io.micronaut.serde.support.deserializers.SerdeHealthResultDeserializer_HealthResultDtoDeserializer
14:38:38.057 [Test worker] DEBUG io.micronaut.context.DefaultBeanContext --   class io.micronaut.serde.support.deserializers.ObjectDeserializer null Definition: io.micronaut.serde.support.deserializers.ObjectDeserializer Factory: io.micronaut.serde.support.LegacyBeansFactory#provideObjectDeserializer
14:38:38.057 [Test worker] DEBUG io.micronaut.context.DefaultBeanContext --   class io.micronaut.serde.support.deserializers.XmlIdRefDeserializer null Definition: io.micronaut.serde.support.deserializers.XmlIdRefDeserializer
14:38:38.057 [Test worker] DEBUG io.micronaut.context.DefaultBeanContext --   class io.micronaut.serde.support.serdes.ObjectArraySerde null Definition: io.micronaut.serde.support.serdes.ObjectArraySerde Factory: io.micronaut.serde.support.LegacyBeansFactory#provideObjectArraySerde
14:38:38.058 [Test worker] DEBUG io.micronaut.context.DefaultBeanContext -- Finding candidate beans for type: SerdeDeserializationPreInstantiateCallback
14:38:38.058 [Test worker] DEBUG io.micronaut.context.DefaultBeanContext -- No bean candidates found for type: SerdeDeserializationPreInstantiateCallback
14:38:38.058 [Test worker] DEBUG io.micronaut.context.lifecycle -- Created bean [io.micronaut.serde.support.DefaultSerdeRegistry@4522d793] from definition [Definition: io.micronaut.serde.support.DefaultSerdeRegistry] with qualifier [null]
14:38:38.058 [Test worker] DEBUG io.micronaut.context.DefaultBeanContext -- Finding candidate beans for type: SerdeJacksonConfiguration jacksonConfiguration
14:38:38.058 [Test worker] DEBUG io.micronaut.context.DefaultBeanContext --   class io.micronaut.serde.jackson.SerdeJacksonConfiguration null Definition: io.micronaut.serde.jackson.SerdeJacksonConfiguration
14:38:38.058 [Test worker] DEBUG io.micronaut.context.DefaultBeanContext -- Found concrete candidate [Definition: io.micronaut.serde.jackson.SerdeJacksonConfiguration] for type: jacksonConfiguration 
14:38:38.058 [Test worker] DEBUG io.micronaut.context.lifecycle -- Created bean [io.micronaut.serde.jackson.SerdeJacksonConfiguration@64dfb31d] from definition [Definition: io.micronaut.serde.jackson.SerdeJacksonConfiguration] with qualifier [null]
14:38:38.058 [Test worker] DEBUG io.micronaut.context.lifecycle -- Created bean [io.micronaut.serde.jackson.JacksonJsonMapper@17b6ad97] from definition [Definition: io.micronaut.serde.jackson.JacksonJsonMapper] with qualifier [null]
14:38:38.063 [Test worker] DEBUG io.micronaut.core.reflect.ClassUtils -- Reflectively retrieving hierarchy for class: class io.micronaut.serde.support.serdes.ZonedDateTimeSerde
14:38:38.063 [Test worker] DEBUG io.micronaut.core.reflect.ClassUtils -- Reflectively retrieving hierarchy for class: class io.micronaut.serde.support.deserializers.ObjectDeserializer
14:38:38.063 [Test worker] DEBUG io.micronaut.core.reflect.ClassUtils -- Reflectively retrieving hierarchy for class: class io.micronaut.serde.support.serdes.OffsetDateTimeSerde
14:38:38.063 [Test worker] DEBUG io.micronaut.core.reflect.ClassUtils -- Reflectively retrieving hierarchy for class: class io.micronaut.serde.support.serdes.LocalTimeSerde
14:38:38.063 [Test worker] DEBUG io.micronaut.core.reflect.ClassUtils -- Reflectively retrieving hierarchy for class: class io.micronaut.serde.support.serdes.InstantSerde
14:38:38.063 [Test worker] DEBUG io.micronaut.context.env.DefaultEnvironment -- Starting environment io.micronaut.context.env.DefaultEnvironment@37a67cf for active names []
14:38:38.064 [Test worker] DEBUG io.micronaut.context.env.DefaultEnvironment -- Processing property source: config convention: JAVA_PROPERTIES
14:38:38.064 [Test worker] DEBUG io.micronaut.context.DefaultBeanContext -- Starting BeanContext
14:38:38.064 [Test worker] DEBUG io.micronaut.context.DefaultBeanContext -- Resolving beans for type: io.micronaut.core.convert.TypeConverter
14:38:38.064 [Test worker] DEBUG io.micronaut.context.DefaultBeanContext -- Finding candidate beans for type: TypeConverter
14:38:38.064 [Test worker] DEBUG io.micronaut.context.DefaultBeanContext -- No bean candidates found for type: TypeConverter
14:38:38.064 [Test worker] DEBUG io.micronaut.context.DefaultBeanContext -- Resolving beans for type: io.micronaut.core.convert.TypeConverterRegistrar
14:38:38.064 [Test worker] DEBUG io.micronaut.context.DefaultBeanContext -- Finding candidate beans for type: TypeConverterRegistrar
14:38:38.064 [Test worker] DEBUG io.micronaut.context.DefaultBeanContext -- No bean candidates found for type: TypeConverterRegistrar
14:38:38.064 [Test worker] DEBUG io.micronaut.context.DefaultBeanContext -- BeanContext Started.
14:38:38.064 [Test worker] DEBUG io.micronaut.context.DefaultBeanContext -- Finding candidate beans for type: ObjectMapper
14:38:38.064 [Test worker] DEBUG io.micronaut.context.DefaultBeanContext --   class io.micronaut.serde.jackson.JacksonJsonMapper null Definition: io.micronaut.serde.jackson.JacksonJsonMapper
14:38:38.064 [Test worker] DEBUG io.micronaut.context.DefaultBeanContext -- Found concrete candidate [Definition: io.micronaut.serde.jackson.JacksonJsonMapper] for type: objectMapper 
14:38:38.064 [Test worker] DEBUG io.micronaut.context.DefaultBeanContext -- Finding candidate beans for type: SerdeRegistry registry
14:38:38.064 [Test worker] DEBUG io.micronaut.context.DefaultBeanContext --   class io.micronaut.serde.support.DefaultSerdeRegistry null Definition: io.micronaut.serde.support.DefaultSerdeRegistry
14:38:38.064 [Test worker] DEBUG io.micronaut.context.DefaultBeanContext -- Found concrete candidate [Definition: io.micronaut.serde.support.DefaultSerdeRegistry] for type: registry 
14:38:38.065 [Test worker] DEBUG io.micronaut.context.DefaultBeanContext -- Finding candidate beans for type: SerdeIntrospections introspections
14:38:38.065 [Test worker] DEBUG io.micronaut.context.DefaultBeanContext --   class io.micronaut.serde.support.DefaultSerdeIntrospections null Definition: io.micronaut.serde.support.DefaultSerdeIntrospections
14:38:38.065 [Test worker] DEBUG io.micronaut.context.DefaultBeanContext -- Found concrete candidate [Definition: io.micronaut.serde.support.DefaultSerdeIntrospections] for type: introspections 
14:38:38.065 [Test worker] DEBUG io.micronaut.context.DefaultBeanContext -- Finding candidate beans for type: SerdeConfiguration configuration
14:38:38.065 [Test worker] DEBUG io.micronaut.context.DefaultBeanContext --   class io.micronaut.serde.config.DefaultSerdeConfiguration null Definition: io.micronaut.serde.config.DefaultSerdeConfiguration
14:38:38.065 [Test worker] DEBUG io.micronaut.context.DefaultBeanContext -- Found concrete candidate [Definition: io.micronaut.serde.config.DefaultSerdeConfiguration] for type: configuration 
14:38:38.065 [Test worker] DEBUG io.micronaut.context.lifecycle -- Created bean [io.micronaut.serde.config.DefaultSerdeConfiguration@7b44bfb8] from definition [Definition: io.micronaut.serde.config.DefaultSerdeConfiguration] with qualifier [null]
14:38:38.065 [Test worker] DEBUG io.micronaut.context.lifecycle -- Created bean [io.micronaut.serde.support.DefaultSerdeIntrospections@5e0f2c82] from definition [Definition: io.micronaut.serde.support.DefaultSerdeIntrospections] with qualifier [null]
14:38:38.065 [Test worker] DEBUG io.micronaut.context.DefaultBeanContext -- Finding candidate beans for type: SerializationConfiguration serializationConfiguration
14:38:38.065 [Test worker] DEBUG io.micronaut.context.DefaultBeanContext --   class io.micronaut.serde.config.DefaultSerializationConfiguration null Definition: io.micronaut.serde.config.DefaultSerializationConfiguration
14:38:38.065 [Test worker] DEBUG io.micronaut.context.DefaultBeanContext -- Found concrete candidate [Definition: io.micronaut.serde.config.DefaultSerializationConfiguration] for type: serializationConfiguration 
14:38:38.065 [Test worker] DEBUG io.micronaut.context.lifecycle -- Created bean [io.micronaut.serde.config.DefaultSerializationConfiguration@98637a2] from definition [Definition: io.micronaut.serde.config.DefaultSerializationConfiguration] with qualifier [null]
14:38:38.065 [Test worker] DEBUG io.micronaut.context.DefaultBeanContext -- Finding candidate beans for type: DeserializationConfiguration deserializationConfiguration
14:38:38.065 [Test worker] DEBUG io.micronaut.context.DefaultBeanContext --   class io.micronaut.serde.config.DefaultDeserializationConfiguration null Definition: io.micronaut.serde.config.DefaultDeserializationConfiguration
14:38:38.065 [Test worker] DEBUG io.micronaut.context.DefaultBeanContext -- Found concrete candidate [Definition: io.micronaut.serde.config.DefaultDeserializationConfiguration] for type: deserializationConfiguration 
14:38:38.065 [Test worker] DEBUG io.micronaut.context.lifecycle -- Created bean [io.micronaut.serde.config.DefaultDeserializationConfiguration@4afd65fd] from definition [Definition: io.micronaut.serde.config.DefaultDeserializationConfiguration] with qualifier [null]
14:38:38.065 [Test worker] DEBUG io.micronaut.context.DefaultBeanContext -- Finding candidate beans for type: Serializer
14:38:38.065 [Test worker] DEBUG io.micronaut.context.condition.Condition -- Bean [Definition: io.micronaut.serde.support.serdes.HealthStatusSerde] will not be loaded due to failing conditions:
14:38:38.065 [Test worker] DEBUG io.micronaut.context.condition.Condition -- * Class [io.micronaut.health.HealthStatus] is not present
14:38:38.066 [Test worker] DEBUG io.micronaut.context.DefaultBeanContext --   class io.micronaut.serde.support.serdes.LocalDateSerde null Definition: io.micronaut.serde.support.serdes.LocalDateSerde Factory: io.micronaut.serde.support.LegacyBeansFactory#localDateSerde
14:38:38.066 [Test worker] DEBUG io.micronaut.context.DefaultBeanContext --   interface io.micronaut.serde.Serde @Any Definition: io.micronaut.serde.Serde Factory: io.micronaut.serde.support.LegacyBeansFactory#provideSerde
14:38:38.066 [Test worker] DEBUG io.micronaut.context.DefaultBeanContext --   interface io.micronaut.serde.Serializer @Any Definition: io.micronaut.serde.Serializer Factory: io.micronaut.serde.support.LegacyBeansFactory#provideSerializer
14:38:38.066 [Test worker] DEBUG io.micronaut.context.DefaultBeanContext --   class io.micronaut.serde.jsonb.JsonpValueSerde null Definition: io.micronaut.serde.jsonb.JsonpValueSerde
14:38:38.066 [Test worker] DEBUG io.micronaut.context.DefaultBeanContext --   class io.micronaut.serde.support.serdes.LocalTimeSerde null Definition: io.micronaut.serde.support.serdes.LocalTimeSerde Factory: io.micronaut.serde.support.LegacyBeansFactory#localTimeSerde
14:38:38.066 [Test worker] DEBUG io.micronaut.context.DefaultBeanContext --   class io.micronaut.serde.support.serializers.ObjectSerializer null Definition: io.micronaut.serde.support.serializers.ObjectSerializer Factory: io.micronaut.serde.support.LegacyBeansFactory#provideObjectSerializer
14:38:38.066 [Test worker] DEBUG io.micronaut.context.DefaultBeanContext --   class io.micronaut.serde.support.serdes.ZonedDateTimeSerde null Definition: io.micronaut.serde.support.serdes.ZonedDateTimeSerde Factory: io.micronaut.serde.support.LegacyBeansFactory#zonedDateTimeSerde
14:38:38.066 [Test worker] DEBUG io.micronaut.context.DefaultBeanContext --   class io.micronaut.serde.support.serdes.InetAddressSerde null Definition: io.micronaut.serde.support.serdes.InetAddressSerde Factory: io.micronaut.serde.support.LegacyBeansFactory#inetAddressSerde
14:38:38.066 [Test worker] DEBUG io.micronaut.context.DefaultBeanContext --   class io.micronaut.serde.support.serializers.XmlIdRefSerializer null Definition: io.micronaut.serde.support.serializers.XmlIdRefSerializer
14:38:38.066 [Test worker] DEBUG io.micronaut.context.DefaultBeanContext --   class io.micronaut.serde.support.serdes.InstantSerde null Definition: io.micronaut.serde.support.serdes.InstantSerde Factory: io.micronaut.serde.support.LegacyBeansFactory#instantSerde
14:38:38.066 [Test worker] DEBUG io.micronaut.context.DefaultBeanContext --   class io.micronaut.serde.support.deserializers.SerdeHealthResultDeserializer_HealthResultDtoSerializer null Definition: io.micronaut.serde.support.deserializers.SerdeHealthResultDeserializer_HealthResultDtoSerializer
14:38:38.066 [Test worker] DEBUG io.micronaut.context.DefaultBeanContext --   class io.micronaut.serde.support.serdes.PriorityQueueSerde null Definition: io.micronaut.serde.support.serdes.PriorityQueueSerde
14:38:38.066 [Test worker] DEBUG io.micronaut.context.DefaultBeanContext --   class io.micronaut.serde.support.serdes.LocalDateTimeSerde null Definition: io.micronaut.serde.support.serdes.LocalDateTimeSerde Factory: io.micronaut.serde.support.LegacyBeansFactory#localDateTimeSerde
14:38:38.066 [Test worker] DEBUG io.micronaut.context.DefaultBeanContext --   class io.micronaut.serde.support.serdes.OffsetDateTimeSerde null Definition: io.micronaut.serde.support.serdes.OffsetDateTimeSerde Factory: io.micronaut.serde.support.LegacyBeansFactory#offsetDateTimeSerde
14:38:38.066 [Test worker] DEBUG io.micronaut.context.DefaultBeanContext --   class io.micronaut.serde.support.serdes.YearSerde null Definition: io.micronaut.serde.support.serdes.YearSerde Factory: io.micronaut.serde.support.LegacyBeansFactory#yearSerde
14:38:38.066 [Test worker] DEBUG io.micronaut.context.DefaultBeanContext --   class io.micronaut.serde.support.serdes.ObjectArraySerde null Definition: io.micronaut.serde.support.serdes.ObjectArraySerde Factory: io.micronaut.serde.support.LegacyBeansFactory#provideObjectArraySerde
14:38:38.066 [Test worker] DEBUG io.micronaut.context.DefaultBeanContext -- Finding candidate beans for type: Deserializer
14:38:38.066 [Test worker] DEBUG io.micronaut.context.condition.Condition -- Bean [Definition: io.micronaut.serde.support.deserializers.HealthResultDeserializer] will not be loaded due to failing conditions:
14:38:38.066 [Test worker] DEBUG io.micronaut.context.condition.Condition -- * Class [io.micronaut.management.health.indicator.HealthResult] is not present
14:38:38.066 [Test worker] DEBUG io.micronaut.context.DefaultBeanContext --   class io.micronaut.serde.support.serdes.LocalDateSerde null Definition: io.micronaut.serde.support.serdes.LocalDateSerde Factory: io.micronaut.serde.support.LegacyBeansFactory#localDateSerde
14:38:38.066 [Test worker] DEBUG io.micronaut.context.DefaultBeanContext --   interface io.micronaut.serde.Serde @Any Definition: io.micronaut.serde.Serde Factory: io.micronaut.serde.support.LegacyBeansFactory#provideSerde
14:38:38.066 [Test worker] DEBUG io.micronaut.context.DefaultBeanContext --   class io.micronaut.serde.jsonb.JsonpValueSerde null Definition: io.micronaut.serde.jsonb.JsonpValueSerde
14:38:38.066 [Test worker] DEBUG io.micronaut.context.DefaultBeanContext --   interface io.micronaut.serde.Deserializer @Any Definition: io.micronaut.serde.Deserializer Factory: io.micronaut.serde.support.LegacyBeansFactory#provideDeserializer
14:38:38.066 [Test worker] DEBUG io.micronaut.context.DefaultBeanContext --   class io.micronaut.serde.support.serdes.LocalTimeSerde null Definition: io.micronaut.serde.support.serdes.LocalTimeSerde Factory: io.micronaut.serde.support.LegacyBeansFactory#localTimeSerde
14:38:38.066 [Test worker] DEBUG io.micronaut.context.DefaultBeanContext --   class io.micronaut.serde.support.serdes.ZonedDateTimeSerde null Definition: io.micronaut.serde.support.serdes.ZonedDateTimeSerde Factory: io.micronaut.serde.support.LegacyBeansFactory#zonedDateTimeSerde
14:38:38.066 [Test worker] DEBUG io.micronaut.context.DefaultBeanContext --   class io.micronaut.serde.support.serdes.InetAddressSerde null Definition: io.micronaut.serde.support.serdes.InetAddressSerde Factory: io.micronaut.serde.support.LegacyBeansFactory#inetAddressSerde
14:38:38.066 [Test worker] DEBUG io.micronaut.context.DefaultBeanContext --   class io.micronaut.serde.support.serdes.InstantSerde null Definition: io.micronaut.serde.support.serdes.InstantSerde Factory: io.micronaut.serde.support.LegacyBeansFactory#instantSerde
14:38:38.066 [Test worker] DEBUG io.micronaut.context.DefaultBeanContext --   class io.micronaut.serde.support.serdes.PriorityQueueSerde null Definition: io.micronaut.serde.support.serdes.PriorityQueueSerde
14:38:38.066 [Test worker] DEBUG io.micronaut.context.DefaultBeanContext --   class io.micronaut.serde.support.serdes.LocalDateTimeSerde null Definition: io.micronaut.serde.support.serdes.LocalDateTimeSerde Factory: io.micronaut.serde.support.LegacyBeansFactory#localDateTimeSerde
14:38:38.066 [Test worker] DEBUG io.micronaut.context.DefaultBeanContext --   class io.micronaut.serde.support.serdes.OffsetDateTimeSerde null Definition: io.micronaut.serde.support.serdes.OffsetDateTimeSerde Factory: io.micronaut.serde.support.LegacyBeansFactory#offsetDateTimeSerde
14:38:38.066 [Test worker] DEBUG io.micronaut.context.DefaultBeanContext --   class io.micronaut.serde.support.serdes.YearSerde null Definition: io.micronaut.serde.support.serdes.YearSerde Factory: io.micronaut.serde.support.LegacyBeansFactory#yearSerde
14:38:38.067 [Test worker] DEBUG io.micronaut.context.DefaultBeanContext --   class io.micronaut.serde.support.deserializers.SerdeHealthResultDeserializer_HealthResultDtoDeserializer null Definition: io.micronaut.serde.support.deserializers.SerdeHealthResultDeserializer_HealthResultDtoDeserializer
14:38:38.067 [Test worker] DEBUG io.micronaut.context.DefaultBeanContext --   class io.micronaut.serde.support.deserializers.ObjectDeserializer null Definition: io.micronaut.serde.support.deserializers.ObjectDeserializer Factory: io.micronaut.serde.support.LegacyBeansFactory#provideObjectDeserializer
14:38:38.067 [Test worker] DEBUG io.micronaut.context.DefaultBeanContext --   class io.micronaut.serde.support.deserializers.XmlIdRefDeserializer null Definition: io.micronaut.serde.support.deserializers.XmlIdRefDeserializer
14:38:38.067 [Test worker] DEBUG io.micronaut.context.DefaultBeanContext --   class io.micronaut.serde.support.serdes.ObjectArraySerde null Definition: io.micronaut.serde.support.serdes.ObjectArraySerde Factory: io.micronaut.serde.support.LegacyBeansFactory#provideObjectArraySerde
14:38:38.067 [Test worker] DEBUG io.micronaut.context.DefaultBeanContext -- Finding candidate beans for type: SerdeDeserializationPreInstantiateCallback
14:38:38.067 [Test worker] DEBUG io.micronaut.context.DefaultBeanContext -- No bean candidates found for type: SerdeDeserializationPreInstantiateCallback
14:38:38.067 [Test worker] DEBUG io.micronaut.context.lifecycle -- Created bean [io.micronaut.serde.support.DefaultSerdeRegistry@141aba65] from definition [Definition: io.micronaut.serde.support.DefaultSerdeRegistry] with qualifier [null]
14:38:38.067 [Test worker] DEBUG io.micronaut.context.DefaultBeanContext -- Finding candidate beans for type: SerdeJacksonConfiguration jacksonConfiguration
14:38:38.067 [Test worker] DEBUG io.micronaut.context.DefaultBeanContext --   class io.micronaut.serde.jackson.SerdeJacksonConfiguration null Definition: io.micronaut.serde.jackson.SerdeJacksonConfiguration
14:38:38.068 [Test worker] DEBUG io.micronaut.context.DefaultBeanContext -- Found concrete candidate [Definition: io.micronaut.serde.jackson.SerdeJacksonConfiguration] for type: jacksonConfiguration 
14:38:38.068 [Test worker] DEBUG io.micronaut.context.lifecycle -- Created bean [io.micronaut.serde.jackson.SerdeJacksonConfiguration@3356ff58] from definition [Definition: io.micronaut.serde.jackson.SerdeJacksonConfiguration] with qualifier [null]
14:38:38.068 [Test worker] DEBUG io.micronaut.context.lifecycle -- Created bean [io.micronaut.serde.jackson.JacksonJsonMapper@2aa6bbad] from definition [Definition: io.micronaut.serde.jackson.JacksonJsonMapper] with qualifier [null]
14:38:38.070 [Test worker] DEBUG io.micronaut.core.beans.DefaultBeanIntrospector -- No BeanIntrospection found for bean type: class ee.jakarta.tck.json.bind.customizedmapping.ijson.IJsonSupportTest$3
14:38:38.070 [Test worker] DEBUG io.micronaut.core.beans.DefaultBeanIntrospector -- No BeanIntrospection found for bean type: class ee.jakarta.tck.json.bind.customizedmapping.ijson.IJsonSupportTest$3
14:38:38.073 [Test worker] DEBUG io.micronaut.core.reflect.ClassUtils -- Reflectively retrieving hierarchy for class: class io.micronaut.serde.support.serdes.ZonedDateTimeSerde
14:38:38.073 [Test worker] DEBUG io.micronaut.core.reflect.ClassUtils -- Reflectively retrieving hierarchy for class: class io.micronaut.serde.support.deserializers.ObjectDeserializer
14:38:38.073 [Test worker] DEBUG io.micronaut.core.reflect.ClassUtils -- Reflectively retrieving hierarchy for class: class io.micronaut.serde.support.serdes.OffsetDateTimeSerde
14:38:38.073 [Test worker] DEBUG io.micronaut.core.reflect.ClassUtils -- Reflectively retrieving hierarchy for class: class io.micronaut.serde.support.serdes.LocalTimeSerde
14:38:38.073 [Test worker] DEBUG io.micronaut.core.reflect.ClassUtils -- Reflectively retrieving hierarchy for class: class io.micronaut.serde.support.serdes.InstantSerde
14:38:38.074 [Test worker] DEBUG io.micronaut.context.env.DefaultEnvironment -- Starting environment io.micronaut.context.env.DefaultEnvironment@64b73e0a for active names []
14:38:38.074 [Test worker] DEBUG io.micronaut.context.env.DefaultEnvironment -- Processing property source: config convention: JAVA_PROPERTIES
14:38:38.074 [Test worker] DEBUG io.micronaut.context.DefaultBeanContext -- Starting BeanContext
14:38:38.075 [Test worker] DEBUG io.micronaut.context.DefaultBeanContext -- Resolving beans for type: io.micronaut.core.convert.TypeConverter
14:38:38.075 [Test worker] DEBUG io.micronaut.context.DefaultBeanContext -- Finding candidate beans for type: TypeConverter
14:38:38.075 [Test worker] DEBUG io.micronaut.context.DefaultBeanContext -- No bean candidates found for type: TypeConverter
14:38:38.075 [Test worker] DEBUG io.micronaut.context.DefaultBeanContext -- Resolving beans for type: io.micronaut.core.convert.TypeConverterRegistrar
14:38:38.075 [Test worker] DEBUG io.micronaut.context.DefaultBeanContext -- Finding candidate beans for type: TypeConverterRegistrar
14:38:38.075 [Test worker] DEBUG io.micronaut.context.DefaultBeanContext -- No bean candidates found for type: TypeConverterRegistrar
14:38:38.075 [Test worker] DEBUG io.micronaut.context.DefaultBeanContext -- BeanContext Started.
14:38:38.075 [Test worker] DEBUG io.micronaut.context.DefaultBeanContext -- Finding candidate beans for type: ObjectMapper
14:38:38.075 [Test worker] DEBUG io.micronaut.context.DefaultBeanContext --   class io.micronaut.serde.jackson.JacksonJsonMapper null Definition: io.micronaut.serde.jackson.JacksonJsonMapper
14:38:38.075 [Test worker] DEBUG io.micronaut.context.DefaultBeanContext -- Found concrete candidate [Definition: io.micronaut.serde.jackson.JacksonJsonMapper] for type: objectMapper 
14:38:38.075 [Test worker] DEBUG io.micronaut.context.DefaultBeanContext -- Finding candidate beans for type: SerdeRegistry registry
14:38:38.075 [Test worker] DEBUG io.micronaut.context.DefaultBeanContext --   class io.micronaut.serde.support.DefaultSerdeRegistry null Definition: io.micronaut.serde.support.DefaultSerdeRegistry
14:38:38.075 [Test worker] DEBUG io.micronaut.context.DefaultBeanContext -- Found concrete candidate [Definition: io.micronaut.serde.support.DefaultSerdeRegistry] for type: registry 
14:38:38.075 [Test worker] DEBUG io.micronaut.context.DefaultBeanContext -- Finding candidate beans for type: SerdeIntrospections introspections
14:38:38.075 [Test worker] DEBUG io.micronaut.context.DefaultBeanContext --   class io.micronaut.serde.support.DefaultSerdeIntrospections null Definition: io.micronaut.serde.support.DefaultSerdeIntrospections
14:38:38.075 [Test worker] DEBUG io.micronaut.context.DefaultBeanContext -- Found concrete candidate [Definition: io.micronaut.serde.support.DefaultSerdeIntrospections] for type: introspections 
14:38:38.075 [Test worker] DEBUG io.micronaut.context.DefaultBeanContext -- Finding candidate beans for type: SerdeConfiguration configuration
14:38:38.075 [Test worker] DEBUG io.micronaut.context.DefaultBeanContext --   class io.micronaut.serde.config.DefaultSerdeConfiguration null Definition: io.micronaut.serde.config.DefaultSerdeConfiguration
14:38:38.075 [Test worker] DEBUG io.micronaut.context.DefaultBeanContext -- Found concrete candidate [Definition: io.micronaut.serde.config.DefaultSerdeConfiguration] for type: configuration 
14:38:38.075 [Test worker] DEBUG io.micronaut.context.lifecycle -- Created bean [io.micronaut.serde.config.DefaultSerdeConfiguration@17884d] from definition [Definition: io.micronaut.serde.config.DefaultSerdeConfiguration] with qualifier [null]
14:38:38.075 [Test worker] DEBUG io.micronaut.context.lifecycle -- Created bean [io.micronaut.serde.support.DefaultSerdeIntrospections@68e24e7] from definition [Definition: io.micronaut.serde.support.DefaultSerdeIntrospections] with qualifier [null]
14:38:38.075 [Test worker] DEBUG io.micronaut.context.DefaultBeanContext -- Finding candidate beans for type: SerializationConfiguration serializationConfiguration
14:38:38.075 [Test worker] DEBUG io.micronaut.context.DefaultBeanContext --   class io.micronaut.serde.config.DefaultSerializationConfiguration null Definition: io.micronaut.serde.config.DefaultSerializationConfiguration
14:38:38.075 [Test worker] DEBUG io.micronaut.context.DefaultBeanContext -- Found concrete candidate [Definition: io.micronaut.serde.config.DefaultSerializationConfiguration] for type: serializationConfiguration 
14:38:38.075 [Test worker] DEBUG io.micronaut.context.lifecycle -- Created bean [io.micronaut.serde.config.DefaultSerializationConfiguration@c732e1c] from definition [Definition: io.micronaut.serde.config.DefaultSerializationConfiguration] with qualifier [null]
14:38:38.075 [Test worker] DEBUG io.micronaut.context.DefaultBeanContext -- Finding candidate beans for type: DeserializationConfiguration deserializationConfiguration
14:38:38.075 [Test worker] DEBUG io.micronaut.context.DefaultBeanContext --   class io.micronaut.serde.config.DefaultDeserializationConfiguration null Definition: io.micronaut.serde.config.DefaultDeserializationConfiguration
14:38:38.075 [Test worker] DEBUG io.micronaut.context.DefaultBeanContext -- Found concrete candidate [Definition: io.micronaut.serde.config.DefaultDeserializationConfiguration] for type: deserializationConfiguration 
14:38:38.076 [Test worker] DEBUG io.micronaut.context.lifecycle -- Created bean [io.micronaut.serde.config.DefaultDeserializationConfiguration@6aad919c] from definition [Definition: io.micronaut.serde.config.DefaultDeserializationConfiguration] with qualifier [null]
14:38:38.076 [Test worker] DEBUG io.micronaut.context.DefaultBeanContext -- Finding candidate beans for type: Serializer
14:38:38.076 [Test worker] DEBUG io.micronaut.context.condition.Condition -- Bean [Definition: io.micronaut.serde.support.serdes.HealthStatusSerde] will not be loaded due to failing conditions:
14:38:38.076 [Test worker] DEBUG io.micronaut.context.condition.Condition -- * Class [io.micronaut.health.HealthStatus] is not present
14:38:38.076 [Test worker] DEBUG io.micronaut.context.DefaultBeanContext --   class io.micronaut.serde.support.serdes.LocalDateSerde null Definition: io.micronaut.serde.support.serdes.LocalDateSerde Factory: io.micronaut.serde.support.LegacyBeansFactory#localDateSerde
14:38:38.076 [Test worker] DEBUG io.micronaut.context.DefaultBeanContext --   interface io.micronaut.serde.Serde @Any Definition: io.micronaut.serde.Serde Factory: io.micronaut.serde.support.LegacyBeansFactory#provideSerde
14:38:38.076 [Test worker] DEBUG io.micronaut.context.DefaultBeanContext --   interface io.micronaut.serde.Serializer @Any Definition: io.micronaut.serde.Serializer Factory: io.micronaut.serde.support.LegacyBeansFactory#provideSerializer
14:38:38.076 [Test worker] DEBUG io.micronaut.context.DefaultBeanContext --   class io.micronaut.serde.jsonb.JsonpValueSerde null Definition: io.micronaut.serde.jsonb.JsonpValueSerde
14:38:38.076 [Test worker] DEBUG io.micronaut.context.DefaultBeanContext --   class io.micronaut.serde.support.serdes.LocalTimeSerde null Definition: io.micronaut.serde.support.serdes.LocalTimeSerde Factory: io.micronaut.serde.support.LegacyBeansFactory#localTimeSerde
14:38:38.076 [Test worker] DEBUG io.micronaut.context.DefaultBeanContext --   class io.micronaut.serde.support.serializers.ObjectSerializer null Definition: io.micronaut.serde.support.serializers.ObjectSerializer Factory: io.micronaut.serde.support.LegacyBeansFactory#provideObjectSerializer
14:38:38.076 [Test worker] DEBUG io.micronaut.context.DefaultBeanContext --   class io.micronaut.serde.support.serdes.ZonedDateTimeSerde null Definition: io.micronaut.serde.support.serdes.ZonedDateTimeSerde Factory: io.micronaut.serde.support.LegacyBeansFactory#zonedDateTimeSerde
14:38:38.076 [Test worker] DEBUG io.micronaut.context.DefaultBeanContext --   class io.micronaut.serde.support.serdes.InetAddressSerde null Definition: io.micronaut.serde.support.serdes.InetAddressSerde Factory: io.micronaut.serde.support.LegacyBeansFactory#inetAddressSerde
14:38:38.076 [Test worker] DEBUG io.micronaut.context.DefaultBeanContext --   class io.micronaut.serde.support.serializers.XmlIdRefSerializer null Definition: io.micronaut.serde.support.serializers.XmlIdRefSerializer
14:38:38.076 [Test worker] DEBUG io.micronaut.context.DefaultBeanContext --   class io.micronaut.serde.support.serdes.InstantSerde null Definition: io.micronaut.serde.support.serdes.InstantSerde Factory: io.micronaut.serde.support.LegacyBeansFactory#instantSerde
14:38:38.076 [Test worker] DEBUG io.micronaut.context.DefaultBeanContext --   class io.micronaut.serde.support.deserializers.SerdeHealthResultDeserializer_HealthResultDtoSerializer null Definition: io.micronaut.serde.support.deserializers.SerdeHealthResultDeserializer_HealthResultDtoSerializer
14:38:38.076 [Test worker] DEBUG io.micronaut.context.DefaultBeanContext --   class io.micronaut.serde.support.serdes.PriorityQueueSerde null Definition: io.micronaut.serde.support.serdes.PriorityQueueSerde
14:38:38.076 [Test worker] DEBUG io.micronaut.context.DefaultBeanContext --   class io.micronaut.serde.support.serdes.LocalDateTimeSerde null Definition: io.micronaut.serde.support.serdes.LocalDateTimeSerde Factory: io.micronaut.serde.support.LegacyBeansFactory#localDateTimeSerde
14:38:38.076 [Test worker] DEBUG io.micronaut.context.DefaultBeanContext --   class io.micronaut.serde.support.serdes.OffsetDateTimeSerde null Definition: io.micronaut.serde.support.serdes.OffsetDateTimeSerde Factory: io.micronaut.serde.support.LegacyBeansFactory#offsetDateTimeSerde
14:38:38.076 [Test worker] DEBUG io.micronaut.context.DefaultBeanContext --   class io.micronaut.serde.support.serdes.YearSerde null Definition: io.micronaut.serde.support.serdes.YearSerde Factory: io.micronaut.serde.support.LegacyBeansFactory#yearSerde
14:38:38.076 [Test worker] DEBUG io.micronaut.context.DefaultBeanContext --   class io.micronaut.serde.support.serdes.ObjectArraySerde null Definition: io.micronaut.serde.support.serdes.ObjectArraySerde Factory: io.micronaut.serde.support.LegacyBeansFactory#provideObjectArraySerde
14:38:38.076 [Test worker] DEBUG io.micronaut.context.DefaultBeanContext -- Finding candidate beans for type: Deserializer
14:38:38.076 [Test worker] DEBUG io.micronaut.context.condition.Condition -- Bean [Definition: io.micronaut.serde.support.deserializers.HealthResultDeserializer] will not be loaded due to failing conditions:
14:38:38.076 [Test worker] DEBUG io.micronaut.context.condition.Condition -- * Class [io.micronaut.management.health.indicator.HealthResult] is not present
14:38:38.076 [Test worker] DEBUG io.micronaut.context.DefaultBeanContext --   class io.micronaut.serde.support.serdes.LocalDateSerde null Definition: io.micronaut.serde.support.serdes.LocalDateSerde Factory: io.micronaut.serde.support.LegacyBeansFactory#localDateSerde
14:38:38.076 [Test worker] DEBUG io.micronaut.context.DefaultBeanContext --   interface io.micronaut.serde.Serde @Any Definition: io.micronaut.serde.Serde Factory: io.micronaut.serde.support.LegacyBeansFactory#provideSerde
14:38:38.076 [Test worker] DEBUG io.micronaut.context.DefaultBeanContext --   class io.micronaut.serde.jsonb.JsonpValueSerde null Definition: io.micronaut.serde.jsonb.JsonpValueSerde
14:38:38.076 [Test worker] DEBUG io.micronaut.context.DefaultBeanContext --   interface io.micronaut.serde.Deserializer @Any Definition: io.micronaut.serde.Deserializer Factory: io.micronaut.serde.support.LegacyBeansFactory#provideDeserializer
14:38:38.076 [Test worker] DEBUG io.micronaut.context.DefaultBeanContext --   class io.micronaut.serde.support.serdes.LocalTimeSerde null Definition: io.micronaut.serde.support.serdes.LocalTimeSerde Factory: io.micronaut.serde.support.LegacyBeansFactory#localTimeSerde
14:38:38.076 [Test worker] DEBUG io.micronaut.context.DefaultBeanContext --   class io.micronaut.serde.support.serdes.ZonedDateTimeSerde null Definition: io.micronaut.serde.support.serdes.ZonedDateTimeSerde Factory: io.micronaut.serde.support.LegacyBeansFactory#zonedDateTimeSerde
14:38:38.076 [Test worker] DEBUG io.micronaut.context.DefaultBeanContext --   class io.micronaut.serde.support.serdes.InetAddressSerde null Definition: io.micronaut.serde.support.serdes.InetAddressSerde Factory: io.micronaut.serde.support.LegacyBeansFactory#inetAddressSerde
14:38:38.076 [Test worker] DEBUG io.micronaut.context.DefaultBeanContext --   class io.micronaut.serde.support.serdes.InstantSerde null Definition: io.micronaut.serde.support.serdes.InstantSerde Factory: io.micronaut.serde.support.LegacyBeansFactory#instantSerde
14:38:38.076 [Test worker] DEBUG io.micronaut.context.DefaultBeanContext --   class io.micronaut.serde.support.serdes.PriorityQueueSerde null Definition: io.micronaut.serde.support.serdes.PriorityQueueSerde
14:38:38.076 [Test worker] DEBUG io.micronaut.context.DefaultBeanContext --   class io.micronaut.serde.support.serdes.LocalDateTimeSerde null Definition: io.micronaut.serde.support.serdes.LocalDateTimeSerde Factory: io.micronaut.serde.support.LegacyBeansFactory#localDateTimeSerde
14:38:38.076 [Test worker] DEBUG io.micronaut.context.DefaultBeanContext --   class io.micronaut.serde.support.serdes.OffsetDateTimeSerde null Definition: io.micronaut.serde.support.serdes.OffsetDateTimeSerde Factory: io.micronaut.serde.support.LegacyBeansFactory#offsetDateTimeSerde
14:38:38.076 [Test worker] DEBUG io.micronaut.context.DefaultBeanContext --   class io.micronaut.serde.support.serdes.YearSerde null Definition: io.micronaut.serde.support.serdes.YearSerde Factory: io.micronaut.serde.support.LegacyBeansFactory#yearSerde
14:38:38.076 [Test worker] DEBUG io.micronaut.context.DefaultBeanContext --   class io.micronaut.serde.support.deserializers.SerdeHealthResultDeserializer_HealthResultDtoDeserializer null Definition: io.micronaut.serde.support.deserializers.SerdeHealthResultDeserializer_HealthResultDtoDeserializer
14:38:38.076 [Test worker] DEBUG io.micronaut.context.DefaultBeanContext --   class io.micronaut.serde.support.deserializers.ObjectDeserializer null Definition: io.micronaut.serde.support.deserializers.ObjectDeserializer Factory: io.micronaut.serde.support.LegacyBeansFactory#provideObjectDeserializer
14:38:38.076 [Test worker] DEBUG io.micronaut.context.DefaultBeanContext --   class io.micronaut.serde.support.deserializers.XmlIdRefDeserializer null Definition: io.micronaut.serde.support.deserializers.XmlIdRefDeserializer
14:38:38.076 [Test worker] DEBUG io.micronaut.context.DefaultBeanContext --   class io.micronaut.serde.support.serdes.ObjectArraySerde null Definition: io.micronaut.serde.support.serdes.ObjectArraySerde Factory: io.micronaut.serde.support.LegacyBeansFactory#provideObjectArraySerde
14:38:38.077 [Test worker] DEBUG io.micronaut.context.DefaultBeanContext -- Finding candidate beans for type: SerdeDeserializationPreInstantiateCallback
14:38:38.077 [Test worker] DEBUG io.micronaut.context.DefaultBeanContext -- No bean candidates found for type: SerdeDeserializationPreInstantiateCallback
14:38:38.077 [Test worker] DEBUG io.micronaut.context.lifecycle -- Created bean [io.micronaut.serde.support.DefaultSerdeRegistry@56c42964] from definition [Definition: io.micronaut.serde.support.DefaultSerdeRegistry] with qualifier [null]
14:38:38.077 [Test worker] DEBUG io.micronaut.context.DefaultBeanContext -- Finding candidate beans for type: SerdeJacksonConfiguration jacksonConfiguration
14:38:38.077 [Test worker] DEBUG io.micronaut.context.DefaultBeanContext --   class io.micronaut.serde.jackson.SerdeJacksonConfiguration null Definition: io.micronaut.serde.jackson.SerdeJacksonConfiguration
14:38:38.077 [Test worker] DEBUG io.micronaut.context.DefaultBeanContext -- Found concrete candidate [Definition: io.micronaut.serde.jackson.SerdeJacksonConfiguration] for type: jacksonConfiguration 
14:38:38.077 [Test worker] DEBUG io.micronaut.context.lifecycle -- Created bean [io.micronaut.serde.jackson.SerdeJacksonConfiguration@211a9647] from definition [Definition: io.micronaut.serde.jackson.SerdeJacksonConfiguration] with qualifier [null]
14:38:38.077 [Test worker] DEBUG io.micronaut.context.lifecycle -- Created bean [io.micronaut.serde.jackson.JacksonJsonMapper@322b09da] from definition [Definition: io.micronaut.serde.jackson.JacksonJsonMapper] with qualifier [null]
14:38:38.079 [Test worker] DEBUG io.micronaut.core.beans.DefaultBeanIntrospector -- No BeanIntrospection found for bean type: class ee.jakarta.tck.json.bind.customizedmapping.ijson.IJsonSupportTest$6
14:38:38.080 [Test worker] DEBUG io.micronaut.core.beans.DefaultBeanIntrospector -- No BeanIntrospection found for bean type: class ee.jakarta.tck.json.bind.customizedmapping.ijson.IJsonSupportTest$6
14:38:38.083 [Test worker] DEBUG io.micronaut.core.reflect.ClassUtils -- Reflectively retrieving hierarchy for class: class io.micronaut.serde.support.serdes.ZonedDateTimeSerde
14:38:38.083 [Test worker] DEBUG io.micronaut.core.reflect.ClassUtils -- Reflectively retrieving hierarchy for class: class io.micronaut.serde.support.deserializers.ObjectDeserializer
14:38:38.083 [Test worker] DEBUG io.micronaut.core.reflect.ClassUtils -- Reflectively retrieving hierarchy for class: class io.micronaut.serde.support.serdes.OffsetDateTimeSerde
14:38:38.083 [Test worker] DEBUG io.micronaut.core.reflect.ClassUtils -- Reflectively retrieving hierarchy for class: class io.micronaut.serde.support.serdes.LocalTimeSerde
14:38:38.083 [Test worker] DEBUG io.micronaut.core.reflect.ClassUtils -- Reflectively retrieving hierarchy for class: class io.micronaut.serde.support.serdes.InstantSerde
14:38:38.084 [Test worker] DEBUG io.micronaut.context.env.DefaultEnvironment -- Starting environment io.micronaut.context.env.DefaultEnvironment@701d2b59 for active names []
14:38:38.084 [Test worker] DEBUG io.micronaut.context.env.DefaultEnvironment -- Processing property source: config convention: JAVA_PROPERTIES
14:38:38.084 [Test worker] DEBUG io.micronaut.context.DefaultBeanContext -- Starting BeanContext
14:38:38.084 [Test worker] DEBUG io.micronaut.context.DefaultBeanContext -- Resolving beans for type: io.micronaut.core.convert.TypeConverter
14:38:38.084 [Test worker] DEBUG io.micronaut.context.DefaultBeanContext -- Finding candidate beans for type: TypeConverter
14:38:38.084 [Test worker] DEBUG io.micronaut.context.DefaultBeanContext -- No bean candidates found for type: TypeConverter
14:38:38.084 [Test worker] DEBUG io.micronaut.context.DefaultBeanContext -- Resolving beans for type: io.micronaut.core.convert.TypeConverterRegistrar
14:38:38.084 [Test worker] DEBUG io.micronaut.context.DefaultBeanContext -- Finding candidate beans for type: TypeConverterRegistrar
14:38:38.084 [Test worker] DEBUG io.micronaut.context.DefaultBeanContext -- No bean candidates found for type: TypeConverterRegistrar
14:38:38.084 [Test worker] DEBUG io.micronaut.context.DefaultBeanContext -- BeanContext Started.
14:38:38.084 [Test worker] DEBUG io.micronaut.context.DefaultBeanContext -- Finding candidate beans for type: ObjectMapper
14:38:38.084 [Test worker] DEBUG io.micronaut.context.DefaultBeanContext --   class io.micronaut.serde.jackson.JacksonJsonMapper null Definition: io.micronaut.serde.jackson.JacksonJsonMapper
14:38:38.084 [Test worker] DEBUG io.micronaut.context.DefaultBeanContext -- Found concrete candidate [Definition: io.micronaut.serde.jackson.JacksonJsonMapper] for type: objectMapper 
14:38:38.084 [Test worker] DEBUG io.micronaut.context.DefaultBeanContext -- Finding candidate beans for type: SerdeRegistry registry
14:38:38.084 [Test worker] DEBUG io.micronaut.context.DefaultBeanContext --   class io.micronaut.serde.support.DefaultSerdeRegistry null Definition: io.micronaut.serde.support.DefaultSerdeRegistry
14:38:38.084 [Test worker] DEBUG io.micronaut.context.DefaultBeanContext -- Found concrete candidate [Definition: io.micronaut.serde.support.DefaultSerdeRegistry] for type: registry 
14:38:38.084 [Test worker] DEBUG io.micronaut.context.DefaultBeanContext -- Finding candidate beans for type: SerdeIntrospections introspections
14:38:38.084 [Test worker] DEBUG io.micronaut.context.DefaultBeanContext --   class io.micronaut.serde.support.DefaultSerdeIntrospections null Definition: io.micronaut.serde.support.DefaultSerdeIntrospections
14:38:38.084 [Test worker] DEBUG io.micronaut.context.DefaultBeanContext -- Found concrete candidate [Definition: io.micronaut.serde.support.DefaultSerdeIntrospections] for type: introspections 
14:38:38.084 [Test worker] DEBUG io.micronaut.context.DefaultBeanContext -- Finding candidate beans for type: SerdeConfiguration configuration
14:38:38.084 [Test worker] DEBUG io.micronaut.context.DefaultBeanContext --   class io.micronaut.serde.config.DefaultSerdeConfiguration null Definition: io.micronaut.serde.config.DefaultSerdeConfiguration
14:38:38.084 [Test worker] DEBUG io.micronaut.context.DefaultBeanContext -- Found concrete candidate [Definition: io.micronaut.serde.config.DefaultSerdeConfiguration] for type: configuration 
14:38:38.085 [Test worker] DEBUG io.micronaut.context.lifecycle -- Created bean [io.micronaut.serde.config.DefaultSerdeConfiguration@2964511] from definition [Definition: io.micronaut.serde.config.DefaultSerdeConfiguration] with qualifier [null]
14:38:38.085 [Test worker] DEBUG io.micronaut.context.lifecycle -- Created bean [io.micronaut.serde.support.DefaultSerdeIntrospections@6e9a10cd] from definition [Definition: io.micronaut.serde.support.DefaultSerdeIntrospections] with qualifier [null]
14:38:38.085 [Test worker] DEBUG io.micronaut.context.DefaultBeanContext -- Finding candidate beans for type: SerializationConfiguration serializationConfiguration
14:38:38.085 [Test worker] DEBUG io.micronaut.context.DefaultBeanContext --   class io.micronaut.serde.config.DefaultSerializationConfiguration null Definition: io.micronaut.serde.config.DefaultSerializationConfiguration
14:38:38.085 [Test worker] DEBUG io.micronaut.context.DefaultBeanContext -- Found concrete candidate [Definition: io.micronaut.serde.config.DefaultSerializationConfiguration] for type: serializationConfiguration 
14:38:38.085 [Test worker] DEBUG io.micronaut.context.lifecycle -- Created bean [io.micronaut.serde.config.DefaultSerializationConfiguration@6ea66c33] from definition [Definition: io.micronaut.serde.config.DefaultSerializationConfiguration] with qualifier [null]
14:38:38.085 [Test worker] DEBUG io.micronaut.context.DefaultBeanContext -- Finding candidate beans for type: DeserializationConfiguration deserializationConfiguration
14:38:38.085 [Test worker] DEBUG io.micronaut.context.DefaultBeanContext --   class io.micronaut.serde.config.DefaultDeserializationConfiguration null Definition: io.micronaut.serde.config.DefaultDeserializationConfiguration
14:38:38.085 [Test worker] DEBUG io.micronaut.context.DefaultBeanContext -- Found concrete candidate [Definition: io.micronaut.serde.config.DefaultDeserializationConfiguration] for type: deserializationConfiguration 
14:38:38.085 [Test worker] DEBUG io.micronaut.context.lifecycle -- Created bean [io.micronaut.serde.config.DefaultDeserializationConfiguration@59b447a4] from definition [Definition: io.micronaut.serde.config.DefaultDeserializationConfiguration] with qualifier [null]
14:38:38.085 [Test worker] DEBUG io.micronaut.context.DefaultBeanContext -- Finding candidate beans for type: Serializer
14:38:38.085 [Test worker] DEBUG io.micronaut.context.condition.Condition -- Bean [Definition: io.micronaut.serde.support.serdes.HealthStatusSerde] will not be loaded due to failing conditions:
14:38:38.085 [Test worker] DEBUG io.micronaut.context.condition.Condition -- * Class [io.micronaut.health.HealthStatus] is not present
14:38:38.085 [Test worker] DEBUG io.micronaut.context.DefaultBeanContext --   class io.micronaut.serde.support.serdes.LocalDateSerde null Definition: io.micronaut.serde.support.serdes.LocalDateSerde Factory: io.micronaut.serde.support.LegacyBeansFactory#localDateSerde
14:38:38.085 [Test worker] DEBUG io.micronaut.context.DefaultBeanContext --   interface io.micronaut.serde.Serde @Any Definition: io.micronaut.serde.Serde Factory: io.micronaut.serde.support.LegacyBeansFactory#provideSerde
14:38:38.085 [Test worker] DEBUG io.micronaut.context.DefaultBeanContext --   interface io.micronaut.serde.Serializer @Any Definition: io.micronaut.serde.Serializer Factory: io.micronaut.serde.support.LegacyBeansFactory#provideSerializer
14:38:38.085 [Test worker] DEBUG io.micronaut.context.DefaultBeanContext --   class io.micronaut.serde.jsonb.JsonpValueSerde null Definition: io.micronaut.serde.jsonb.JsonpValueSerde
14:38:38.085 [Test worker] DEBUG io.micronaut.context.DefaultBeanContext --   class io.micronaut.serde.support.serdes.LocalTimeSerde null Definition: io.micronaut.serde.support.serdes.LocalTimeSerde Factory: io.micronaut.serde.support.LegacyBeansFactory#localTimeSerde
14:38:38.085 [Test worker] DEBUG io.micronaut.context.DefaultBeanContext --   class io.micronaut.serde.support.serializers.ObjectSerializer null Definition: io.micronaut.serde.support.serializers.ObjectSerializer Factory: io.micronaut.serde.support.LegacyBeansFactory#provideObjectSerializer
14:38:38.085 [Test worker] DEBUG io.micronaut.context.DefaultBeanContext --   class io.micronaut.serde.support.serdes.ZonedDateTimeSerde null Definition: io.micronaut.serde.support.serdes.ZonedDateTimeSerde Factory: io.micronaut.serde.support.LegacyBeansFactory#zonedDateTimeSerde
14:38:38.085 [Test worker] DEBUG io.micronaut.context.DefaultBeanContext --   class io.micronaut.serde.support.serdes.InetAddressSerde null Definition: io.micronaut.serde.support.serdes.InetAddressSerde Factory: io.micronaut.serde.support.LegacyBeansFactory#inetAddressSerde
14:38:38.085 [Test worker] DEBUG io.micronaut.context.DefaultBeanContext --   class io.micronaut.serde.support.serializers.XmlIdRefSerializer null Definition: io.micronaut.serde.support.serializers.XmlIdRefSerializer
14:38:38.085 [Test worker] DEBUG io.micronaut.context.DefaultBeanContext --   class io.micronaut.serde.support.serdes.InstantSerde null Definition: io.micronaut.serde.support.serdes.InstantSerde Factory: io.micronaut.serde.support.LegacyBeansFactory#instantSerde
14:38:38.085 [Test worker] DEBUG io.micronaut.context.DefaultBeanContext --   class io.micronaut.serde.support.deserializers.SerdeHealthResultDeserializer_HealthResultDtoSerializer null Definition: io.micronaut.serde.support.deserializers.SerdeHealthResultDeserializer_HealthResultDtoSerializer
14:38:38.085 [Test worker] DEBUG io.micronaut.context.DefaultBeanContext --   class io.micronaut.serde.support.serdes.PriorityQueueSerde null Definition: io.micronaut.serde.support.serdes.PriorityQueueSerde
14:38:38.085 [Test worker] DEBUG io.micronaut.context.DefaultBeanContext --   class io.micronaut.serde.support.serdes.LocalDateTimeSerde null Definition: io.micronaut.serde.support.serdes.LocalDateTimeSerde Factory: io.micronaut.serde.support.LegacyBeansFactory#localDateTimeSerde
14:38:38.085 [Test worker] DEBUG io.micronaut.context.DefaultBeanContext --   class io.micronaut.serde.support.serdes.OffsetDateTimeSerde null Definition: io.micronaut.serde.support.serdes.OffsetDateTimeSerde Factory: io.micronaut.serde.support.LegacyBeansFactory#offsetDateTimeSerde
14:38:38.085 [Test worker] DEBUG io.micronaut.context.DefaultBeanContext --   class io.micronaut.serde.support.serdes.YearSerde null Definition: io.micronaut.serde.support.serdes.YearSerde Factory: io.micronaut.serde.support.LegacyBeansFactory#yearSerde
14:38:38.085 [Test worker] DEBUG io.micronaut.context.DefaultBeanContext --   class io.micronaut.serde.support.serdes.ObjectArraySerde null Definition: io.micronaut.serde.support.serdes.ObjectArraySerde Factory: io.micronaut.serde.support.LegacyBeansFactory#provideObjectArraySerde
14:38:38.085 [Test worker] DEBUG io.micronaut.context.DefaultBeanContext -- Finding candidate beans for type: Deserializer
14:38:38.085 [Test worker] DEBUG io.micronaut.context.condition.Condition -- Bean [Definition: io.micronaut.serde.support.deserializers.HealthResultDeserializer] will not be loaded due to failing conditions:
14:38:38.085 [Test worker] DEBUG io.micronaut.context.condition.Condition -- * Class [io.micronaut.management.health.indicator.HealthResult] is not present
14:38:38.085 [Test worker] DEBUG io.micronaut.context.DefaultBeanContext --   class io.micronaut.serde.support.serdes.LocalDateSerde null Definition: io.micronaut.serde.support.serdes.LocalDateSerde Factory: io.micronaut.serde.support.LegacyBeansFactory#localDateSerde
14:38:38.085 [Test worker] DEBUG io.micronaut.context.DefaultBeanContext --   interface io.micronaut.serde.Serde @Any Definition: io.micronaut.serde.Serde Factory: io.micronaut.serde.support.LegacyBeansFactory#provideSerde
14:38:38.085 [Test worker] DEBUG io.micronaut.context.DefaultBeanContext --   class io.micronaut.serde.jsonb.JsonpValueSerde null Definition: io.micronaut.serde.jsonb.JsonpValueSerde
14:38:38.085 [Test worker] DEBUG io.micronaut.context.DefaultBeanContext --   interface io.micronaut.serde.Deserializer @Any Definition: io.micronaut.serde.Deserializer Factory: io.micronaut.serde.support.LegacyBeansFactory#provideDeserializer
14:38:38.085 [Test worker] DEBUG io.micronaut.context.DefaultBeanContext --   class io.micronaut.serde.support.serdes.LocalTimeSerde null Definition: io.micronaut.serde.support.serdes.LocalTimeSerde Factory: io.micronaut.serde.support.LegacyBeansFactory#localTimeSerde
14:38:38.085 [Test worker] DEBUG io.micronaut.context.DefaultBeanContext --   class io.micronaut.serde.support.serdes.ZonedDateTimeSerde null Definition: io.micronaut.serde.support.serdes.ZonedDateTimeSerde Factory: io.micronaut.serde.support.LegacyBeansFactory#zonedDateTimeSerde
14:38:38.085 [Test worker] DEBUG io.micronaut.context.DefaultBeanContext --   class io.micronaut.serde.support.serdes.InetAddressSerde null Definition: io.micronaut.serde.support.serdes.InetAddressSerde Factory: io.micronaut.serde.support.LegacyBeansFactory#inetAddressSerde
14:38:38.085 [Test worker] DEBUG io.micronaut.context.DefaultBeanContext --   class io.micronaut.serde.support.serdes.InstantSerde null Definition: io.micronaut.serde.support.serdes.InstantSerde Factory: io.micronaut.serde.support.LegacyBeansFactory#instantSerde
14:38:38.085 [Test worker] DEBUG io.micronaut.context.DefaultBeanContext --   class io.micronaut.serde.support.serdes.PriorityQueueSerde null Definition: io.micronaut.serde.support.serdes.PriorityQueueSerde
14:38:38.085 [Test worker] DEBUG io.micronaut.context.DefaultBeanContext --   class io.micronaut.serde.support.serdes.LocalDateTimeSerde null Definition: io.micronaut.serde.support.serdes.LocalDateTimeSerde Factory: io.micronaut.serde.support.LegacyBeansFactory#localDateTimeSerde
14:38:38.085 [Test worker] DEBUG io.micronaut.context.DefaultBeanContext --   class io.micronaut.serde.support.serdes.OffsetDateTimeSerde null Definition: io.micronaut.serde.support.serdes.OffsetDateTimeSerde Factory: io.micronaut.serde.support.LegacyBeansFactory#offsetDateTimeSerde
14:38:38.085 [Test worker] DEBUG io.micronaut.context.DefaultBeanContext --   class io.micronaut.serde.support.serdes.YearSerde null Definition: io.micronaut.serde.support.serdes.YearSerde Factory: io.micronaut.serde.support.LegacyBeansFactory#yearSerde
14:38:38.085 [Test worker] DEBUG io.micronaut.context.DefaultBeanContext --   class io.micronaut.serde.support.deserializers.SerdeHealthResultDeserializer_HealthResultDtoDeserializer null Definition: io.micronaut.serde.support.deserializers.SerdeHealthResultDeserializer_HealthResultDtoDeserializer
14:38:38.085 [Test worker] DEBUG io.micronaut.context.DefaultBeanContext --   class io.micronaut.serde.support.deserializers.ObjectDeserializer null Definition: io.micronaut.serde.support.deserializers.ObjectDeserializer Factory: io.micronaut.serde.support.LegacyBeansFactory#provideObjectDeserializer
14:38:38.085 [Test worker] DEBUG io.micronaut.context.DefaultBeanContext --   class io.micronaut.serde.support.deserializers.XmlIdRefDeserializer null Definition: io.micronaut.serde.support.deserializers.XmlIdRefDeserializer
14:38:38.085 [Test worker] DEBUG io.micronaut.context.DefaultBeanContext --   class io.micronaut.serde.support.serdes.ObjectArraySerde null Definition: io.micronaut.serde.support.serdes.ObjectArraySerde Factory: io.micronaut.serde.support.LegacyBeansFactory#provideObjectArraySerde
14:38:38.086 [Test worker] DEBUG io.micronaut.context.DefaultBeanContext -- Finding candidate beans for type: SerdeDeserializationPreInstantiateCallback
14:38:38.086 [Test worker] DEBUG io.micronaut.context.DefaultBeanContext -- No bean candidates found for type: SerdeDeserializationPreInstantiateCallback
14:38:38.086 [Test worker] DEBUG io.micronaut.context.lifecycle -- Created bean [io.micronaut.serde.support.DefaultSerdeRegistry@69ba3f4e] from definition [Definition: io.micronaut.serde.support.DefaultSerdeRegistry] with qualifier [null]
14:38:38.086 [Test worker] DEBUG io.micronaut.context.DefaultBeanContext -- Finding candidate beans for type: SerdeJacksonConfiguration jacksonConfiguration
14:38:38.086 [Test worker] DEBUG io.micronaut.context.DefaultBeanContext --   class io.micronaut.serde.jackson.SerdeJacksonConfiguration null Definition: io.micronaut.serde.jackson.SerdeJacksonConfiguration
14:38:38.086 [Test worker] DEBUG io.micronaut.context.DefaultBeanContext -- Found concrete candidate [Definition: io.micronaut.serde.jackson.SerdeJacksonConfiguration] for type: jacksonConfiguration 
14:38:38.086 [Test worker] DEBUG io.micronaut.context.lifecycle -- Created bean [io.micronaut.serde.jackson.SerdeJacksonConfiguration@579846cc] from definition [Definition: io.micronaut.serde.jackson.SerdeJacksonConfiguration] with qualifier [null]
14:38:38.086 [Test worker] DEBUG io.micronaut.context.lifecycle -- Created bean [io.micronaut.serde.jackson.JacksonJsonMapper@71f0806b] from definition [Definition: io.micronaut.serde.jackson.JacksonJsonMapper] with qualifier [null]
14:38:38.088 [Test worker] DEBUG io.micronaut.core.beans.DefaultBeanIntrospector -- No BeanIntrospection found for bean type: class ee.jakarta.tck.json.bind.customizedmapping.ijson.IJsonSupportTest$5
14:38:38.088 [Test worker] DEBUG io.micronaut.core.beans.DefaultBeanIntrospector -- No BeanIntrospection found for bean type: class ee.jakarta.tck.json.bind.customizedmapping.ijson.IJsonSupportTest$5
14:38:38.090 [Test worker] DEBUG io.micronaut.core.reflect.ClassUtils -- Reflectively retrieving hierarchy for class: class io.micronaut.serde.support.serdes.ZonedDateTimeSerde
14:38:38.091 [Test worker] DEBUG io.micronaut.core.reflect.ClassUtils -- Reflectively retrieving hierarchy for class: class io.micronaut.serde.support.deserializers.ObjectDeserializer
14:38:38.091 [Test worker] DEBUG io.micronaut.core.reflect.ClassUtils -- Reflectively retrieving hierarchy for class: class io.micronaut.serde.support.serdes.OffsetDateTimeSerde
14:38:38.091 [Test worker] DEBUG io.micronaut.core.reflect.ClassUtils -- Reflectively retrieving hierarchy for class: class io.micronaut.serde.support.serdes.LocalTimeSerde
14:38:38.091 [Test worker] DEBUG io.micronaut.core.reflect.ClassUtils -- Reflectively retrieving hierarchy for class: class io.micronaut.serde.support.serdes.InstantSerde
14:38:38.091 [Test worker] DEBUG io.micronaut.context.env.DefaultEnvironment -- Starting environment io.micronaut.context.env.DefaultEnvironment@e795a1d for active names []
14:38:38.091 [Test worker] DEBUG io.micronaut.context.env.DefaultEnvironment -- Processing property source: config convention: JAVA_PROPERTIES
14:38:38.091 [Test worker] DEBUG io.micronaut.context.DefaultBeanContext -- Starting BeanContext
14:38:38.092 [Test worker] DEBUG io.micronaut.context.DefaultBeanContext -- Resolving beans for type: io.micronaut.core.convert.TypeConverter
14:38:38.092 [Test worker] DEBUG io.micronaut.context.DefaultBeanContext -- Finding candidate beans for type: TypeConverter
14:38:38.092 [Test worker] DEBUG io.micronaut.context.DefaultBeanContext -- No bean candidates found for type: TypeConverter
14:38:38.092 [Test worker] DEBUG io.micronaut.context.DefaultBeanContext -- Resolving beans for type: io.micronaut.core.convert.TypeConverterRegistrar
14:38:38.092 [Test worker] DEBUG io.micronaut.context.DefaultBeanContext -- Finding candidate beans for type: TypeConverterRegistrar
14:38:38.092 [Test worker] DEBUG io.micronaut.context.DefaultBeanContext -- No bean candidates found for type: TypeConverterRegistrar
14:38:38.092 [Test worker] DEBUG io.micronaut.context.DefaultBeanContext -- BeanContext Started.
14:38:38.092 [Test worker] DEBUG io.micronaut.context.DefaultBeanContext -- Finding candidate beans for type: ObjectMapper
14:38:38.092 [Test worker] DEBUG io.micronaut.context.DefaultBeanContext --   class io.micronaut.serde.jackson.JacksonJsonMapper null Definition: io.micronaut.serde.jackson.JacksonJsonMapper
14:38:38.092 [Test worker] DEBUG io.micronaut.context.DefaultBeanContext -- Found concrete candidate [Definition: io.micronaut.serde.jackson.JacksonJsonMapper] for type: objectMapper 
14:38:38.092 [Test worker] DEBUG io.micronaut.context.DefaultBeanContext -- Finding candidate beans for type: SerdeRegistry registry
14:38:38.092 [Test worker] DEBUG io.micronaut.context.DefaultBeanContext --   class io.micronaut.serde.support.DefaultSerdeRegistry null Definition: io.micronaut.serde.support.DefaultSerdeRegistry
14:38:38.092 [Test worker] DEBUG io.micronaut.context.DefaultBeanContext -- Found concrete candidate [Definition: io.micronaut.serde.support.DefaultSerdeRegistry] for type: registry 
14:38:38.092 [Test worker] DEBUG io.micronaut.context.DefaultBeanContext -- Finding candidate beans for type: SerdeIntrospections introspections
14:38:38.092 [Test worker] DEBUG io.micronaut.context.DefaultBeanContext --   class io.micronaut.serde.support.DefaultSerdeIntrospections null Definition: io.micronaut.serde.support.DefaultSerdeIntrospections
14:38:38.092 [Test worker] DEBUG io.micronaut.context.DefaultBeanContext -- Found concrete candidate [Definition: io.micronaut.serde.support.DefaultSerdeIntrospections] for type: introspections 
14:38:38.092 [Test worker] DEBUG io.micronaut.context.DefaultBeanContext -- Finding candidate beans for type: SerdeConfiguration configuration
14:38:38.092 [Test worker] DEBUG io.micronaut.context.DefaultBeanContext --   class io.micronaut.serde.config.DefaultSerdeConfiguration null Definition: io.micronaut.serde.config.DefaultSerdeConfiguration
14:38:38.092 [Test worker] DEBUG io.micronaut.context.DefaultBeanContext -- Found concrete candidate [Definition: io.micronaut.serde.config.DefaultSerdeConfiguration] for type: configuration 
14:38:38.093 [Test worker] DEBUG io.micronaut.context.lifecycle -- Created bean [io.micronaut.serde.config.DefaultSerdeConfiguration@62cd562d] from definition [Definition: io.micronaut.serde.config.DefaultSerdeConfiguration] with qualifier [null]
14:38:38.093 [Test worker] DEBUG io.micronaut.context.lifecycle -- Created bean [io.micronaut.serde.support.DefaultSerdeIntrospections@3d1c52f5] from definition [Definition: io.micronaut.serde.support.DefaultSerdeIntrospections] with qualifier [null]
14:38:38.093 [Test worker] DEBUG io.micronaut.context.DefaultBeanContext -- Finding candidate beans for type: SerializationConfiguration serializationConfiguration
14:38:38.093 [Test worker] DEBUG io.micronaut.context.DefaultBeanContext --   class io.micronaut.serde.config.DefaultSerializationConfiguration null Definition: io.micronaut.serde.config.DefaultSerializationConfiguration
14:38:38.093 [Test worker] DEBUG io.micronaut.context.DefaultBeanContext -- Found concrete candidate [Definition: io.micronaut.serde.config.DefaultSerializationConfiguration] for type: serializationConfiguration 
14:38:38.093 [Test worker] DEBUG io.micronaut.context.lifecycle -- Created bean [io.micronaut.serde.config.DefaultSerializationConfiguration@4e7bc939] from definition [Definition: io.micronaut.serde.config.DefaultSerializationConfiguration] with qualifier [null]
14:38:38.093 [Test worker] DEBUG io.micronaut.context.DefaultBeanContext -- Finding candidate beans for type: DeserializationConfiguration deserializationConfiguration
14:38:38.093 [Test worker] DEBUG io.micronaut.context.DefaultBeanContext --   class io.micronaut.serde.config.DefaultDeserializationConfiguration null Definition: io.micronaut.serde.config.DefaultDeserializationConfiguration
14:38:38.093 [Test worker] DEBUG io.micronaut.context.DefaultBeanContext -- Found concrete candidate [Definition: io.micronaut.serde.config.DefaultDeserializationConfiguration] for type: deserializationConfiguration 
14:38:38.093 [Test worker] DEBUG io.micronaut.context.lifecycle -- Created bean [io.micronaut.serde.config.DefaultDeserializationConfiguration@67b5e613] from definition [Definition: io.micronaut.serde.config.DefaultDeserializationConfiguration] with qualifier [null]
14:38:38.093 [Test worker] DEBUG io.micronaut.context.DefaultBeanContext -- Finding candidate beans for type: Serializer
14:38:38.093 [Test worker] DEBUG io.micronaut.context.condition.Condition -- Bean [Definition: io.micronaut.serde.support.serdes.HealthStatusSerde] will not be loaded due to failing conditions:
14:38:38.093 [Test worker] DEBUG io.micronaut.context.condition.Condition -- * Class [io.micronaut.health.HealthStatus] is not present
14:38:38.093 [Test worker] DEBUG io.micronaut.context.DefaultBeanContext --   class io.micronaut.serde.support.serdes.LocalDateSerde null Definition: io.micronaut.serde.support.serdes.LocalDateSerde Factory: io.micronaut.serde.support.LegacyBeansFactory#localDateSerde
14:38:38.093 [Test worker] DEBUG io.micronaut.context.DefaultBeanContext --   interface io.micronaut.serde.Serde @Any Definition: io.micronaut.serde.Serde Factory: io.micronaut.serde.support.LegacyBeansFactory#provideSerde
14:38:38.093 [Test worker] DEBUG io.micronaut.context.DefaultBeanContext --   interface io.micronaut.serde.Serializer @Any Definition: io.micronaut.serde.Serializer Factory: io.micronaut.serde.support.LegacyBeansFactory#provideSerializer
14:38:38.093 [Test worker] DEBUG io.micronaut.context.DefaultBeanContext --   class io.micronaut.serde.jsonb.JsonpValueSerde null Definition: io.micronaut.serde.jsonb.JsonpValueSerde
[...]
14:38:38.121 [Test worker] DEBUG io.micronaut.context.DefaultBeanContext -- Finding candidate beans for type: SerdeDeserializationPreInstantiateCallback
14:38:38.121 [Test worker] DEBUG io.micronaut.context.DefaultBeanContext -- No bean candidates found for type: SerdeDeserializationPreInstantiateCallback
14:38:38.121 [Test worker] DEBUG io.micronaut.context.lifecycle -- Created bean [io.micronaut.serde.support.DefaultSerdeRegistry@7d28cdcd] from definition [Definition: io.micronaut.serde.support.DefaultSerdeRegistry] with qualifier [null]
14:38:38.121 [Test worker] DEBUG io.micronaut.context.DefaultBeanContext -- Finding candidate beans for type: SerdeJacksonConfiguration jacksonConfiguration
14:38:38.122 [Test worker] DEBUG io.micronaut.context.DefaultBeanContext --   class io.micronaut.serde.jackson.SerdeJacksonConfiguration null Definition: io.micronaut.serde.jackson.SerdeJacksonConfiguration
14:38:38.122 [Test worker] DEBUG io.micronaut.context.DefaultBeanContext -- Found concrete candidate [Definition: io.micronaut.serde.jackson.SerdeJacksonConfiguration] for type: jacksonConfiguration 
14:38:38.122 [Test worker] DEBUG io.micronaut.context.lifecycle -- Created bean [io.micronaut.serde.jackson.SerdeJacksonConfiguration@255ed8e4] from definition [Definition: io.micronaut.serde.jackson.SerdeJacksonConfiguration] with qualifier [null]
14:38:38.122 [Test worker] DEBUG io.micronaut.context.lifecycle -- Created bean [io.micronaut.serde.jackson.JacksonJsonMapper@2a7bc16b] from definition [Definition: io.micronaut.serde.jackson.JacksonJsonMapper] with qualifier [null]
14:38:38.123 [Test worker] DEBUG io.micronaut.core.beans.DefaultBeanIntrospector -- Found BeanIntrospection for type: class ee.jakarta.tck.json.bind.customizedmapping.ijson.model.BinaryDataContainer,
14:38:38.123 [Test worker] DEBUG io.micronaut.core.beans.DefaultBeanIntrospector -- Found BeanIntrospection for type: class ee.jakarta.tck.json.bind.customizedmapping.ijson.model.BinaryDataContainer,
14:38:38.123 [Test worker] DEBUG io.micronaut.core.beans.DefaultBeanIntrospector -- Found BeanIntrospection for type: class ee.jakarta.tck.json.bind.customizedmapping.ijson.model.BinaryDataContainer,
14:38:38.126 [Test worker] DEBUG io.micronaut.core.reflect.ClassUtils -- Reflectively retrieving hierarchy for class: class io.micronaut.serde.support.serdes.ZonedDateTimeSerde
14:38:38.126 [Test worker] DEBUG io.micronaut.core.reflect.ClassUtils -- Reflectively retrieving hierarchy for class: class io.micronaut.serde.support.deserializers.ObjectDeserializer
14:38:38.126 [Test worker] DEBUG io.micronaut.core.reflect.ClassUtils -- Reflectively retrieving hierarchy for class: class io.micronaut.serde.support.serdes.OffsetDateTimeSerde
14:38:38.126 [Test worker] DEBUG io.micronaut.core.reflect.ClassUtils -- Reflectively retrieving hierarchy for class: class io.micronaut.serde.support.serdes.LocalTimeSerde
14:38:38.126 [Test worker] DEBUG io.micronaut.core.reflect.ClassUtils -- Reflectively retrieving hierarchy for class: class io.micronaut.serde.support.serdes.InstantSerde
14:38:38.126 [Test worker] DEBUG io.micronaut.context.env.DefaultEnvironment -- Starting environment io.micronaut.context.env.DefaultEnvironment@4fe2dd02 for active names []
14:38:38.127 [Test worker] DEBUG io.micronaut.context.env.DefaultEnvironment -- Processing property source: config convention: JAVA_PROPERTIES
14:38:38.127 [Test worker] DEBUG io.micronaut.context.DefaultBeanContext -- Starting BeanContext
14:38:38.127 [Test worker] DEBUG io.micronaut.context.DefaultBeanContext -- Resolving beans for type: io.micronaut.core.convert.TypeConverter
14:38:38.127 [Test worker] DEBUG io.micronaut.context.DefaultBeanContext -- Finding candidate beans for type: TypeConverter
14:38:38.127 [Test worker] DEBUG io.micronaut.context.DefaultBeanContext -- No bean candidates found for type: TypeConverter
14:38:38.127 [Test worker] DEBUG io.micronaut.context.DefaultBeanContext -- Resolving beans for type: io.micronaut.core.convert.TypeConverterRegistrar
14:38:38.127 [Test worker] DEBUG io.micronaut.context.DefaultBeanContext -- Finding candidate beans for type: TypeConverterRegistrar
14:38:38.127 [Test worker] DEBUG io.micronaut.context.DefaultBeanContext -- No bean candidates found for type: TypeConverterRegistrar
14:38:38.127 [Test worker] DEBUG io.micronaut.context.DefaultBeanContext -- BeanContext Started.
14:38:38.127 [Test worker] DEBUG io.micronaut.context.DefaultBeanContext -- Finding candidate beans for type: ObjectMapper
14:38:38.127 [Test worker] DEBUG io.micronaut.context.DefaultBeanContext --   class io.micronaut.serde.jackson.JacksonJsonMapper null Definition: io.micronaut.serde.jackson.JacksonJsonMapper
14:38:38.127 [Test worker] DEBUG io.micronaut.context.DefaultBeanContext -- Found concrete candidate [Definition: io.micronaut.serde.jackson.JacksonJsonMapper] for type: objectMapper 
14:38:38.127 [Test worker] DEBUG io.micronaut.context.DefaultBeanContext -- Finding candidate beans for type: SerdeRegistry registry
14:38:38.127 [Test worker] DEBUG io.micronaut.context.DefaultBeanContext --   class io.micronaut.serde.support.DefaultSerdeRegistry null Definition: io.micronaut.serde.support.DefaultSerdeRegistry
14:38:38.127 [Test worker] DEBUG io.micronaut.context.DefaultBeanContext -- Found concrete candidate [Definition: io.micronaut.serde.support.DefaultSerdeRegistry] for type: registry 
14:38:38.127 [Test worker] DEBUG io.micronaut.context.DefaultBeanContext -- Finding candidate beans for type: SerdeIntrospections introspections
14:38:38.127 [Test worker] DEBUG io.micronaut.context.DefaultBeanContext --   class io.micronaut.serde.support.DefaultSerdeIntrospections null Definition: io.micronaut.serde.support.DefaultSerdeIntrospections
14:38:38.127 [Test worker] DEBUG io.micronaut.context.DefaultBeanContext -- Found concrete candidate [Definition: io.micronaut.serde.support.DefaultSerdeIntrospections] for type: introspections 
14:38:38.127 [Test worker] DEBUG io.micronaut.context.DefaultBeanContext -- Finding candidate beans for type: SerdeConfiguration configuration
14:38:38.127 [Test worker] DEBUG io.micronaut.context.DefaultBeanContext --   class io.micronaut.serde.config.DefaultSerdeConfiguration null Definition: io.micronaut.serde.config.DefaultSerdeConfiguration
14:38:38.127 [Test worker] DEBUG io.micronaut.context.DefaultBeanContext -- Found concrete candidate [Definition: io.micronaut.serde.config.DefaultSerdeConfiguration] for type: configuration 
14:38:38.127 [Test worker] DEBUG io.micronaut.context.lifecycle -- Created bean [io.micronaut.serde.config.DefaultSerdeConfiguration@7dd91ffc] from definition [Definition: io.micronaut.serde.config.DefaultSerdeConfiguration] with qualifier [null]
14:38:38.127 [Test worker] DEBUG io.micronaut.context.lifecycle -- Created bean [io.micronaut.serde.support.DefaultSerdeIntrospections@1c2dd89b] from definition [Definition: io.micronaut.serde.support.DefaultSerdeIntrospections] with qualifier [null]
14:38:38.127 [Test worker] DEBUG io.micronaut.context.DefaultBeanContext -- Finding candidate beans for type: SerializationConfiguration serializationConfiguration
14:38:38.127 [Test worker] DEBUG io.micronaut.context.DefaultBeanContext --   class io.micronaut.serde.config.DefaultSerializationConfiguration null Definition: io.micronaut.serde.config.DefaultSerializationConfiguration
14:38:38.127 [Test worker] DEBUG io.micronaut.context.DefaultBeanContext -- Found concrete candidate [Definition: io.micronaut.serde.config.DefaultSerializationConfiguration] for type: serializationConfiguration 
14:38:38.128 [Test worker] DEBUG io.micronaut.context.lifecycle -- Created bean [io.micronaut.serde.config.DefaultSerializationConfiguration@3ad847f8] from definition [Definition: io.micronaut.serde.config.DefaultSerializationConfiguration] with qualifier [null]
14:38:38.128 [Test worker] DEBUG io.micronaut.context.DefaultBeanContext -- Finding candidate beans for type: DeserializationConfiguration deserializationConfiguration
14:38:38.128 [Test worker] DEBUG io.micronaut.context.DefaultBeanContext --   class io.micronaut.serde.config.DefaultDeserializationConfiguration null Definition: io.micronaut.serde.config.DefaultDeserializationConfiguration
14:38:38.128 [Test worker] DEBUG io.micronaut.context.DefaultBeanContext -- Found concrete candidate [Definition: io.micronaut.serde.config.DefaultDeserializationConfiguration] for type: deserializationConfiguration 
14:38:38.128 [Test worker] DEBUG io.micronaut.context.lifecycle -- Created bean [io.micronaut.serde.config.DefaultDeserializationConfiguration@19faedcc] from definition [Definition: io.micronaut.serde.config.DefaultDeserializationConfiguration] with qualifier [null]
14:38:38.128 [Test worker] DEBUG io.micronaut.context.DefaultBeanContext -- Finding candidate beans for type: Serializer
14:38:38.128 [Test worker] DEBUG io.micronaut.context.condition.Condition -- Bean [Definition: io.micronaut.serde.support.serdes.HealthStatusSerde] will not be loaded due to failing conditions:
14:38:38.128 [Test worker] DEBUG io.micronaut.context.condition.Condition -- * Class [io.micronaut.health.HealthStatus] is not present
14:38:38.128 [Test worker] DEBUG io.micronaut.context.DefaultBeanContext --   class io.micronaut.serde.support.serdes.LocalDateSerde null Definition: io.micronaut.serde.support.serdes.LocalDateSerde Factory: io.micronaut.serde.support.LegacyBeansFactory#localDateSerde
14:38:38.128 [Test worker] DEBUG io.micronaut.context.DefaultBeanContext --   interface io.micronaut.serde.Serde @Any Definition: io.micronaut.serde.Serde Factory: io.micronaut.serde.support.LegacyBeansFactory#provideSerde
14:38:38.128 [Test worker] DEBUG io.micronaut.context.DefaultBeanContext --   interface io.micronaut.serde.Serializer @Any Definition: io.micronaut.serde.Serializer Factory: io.micronaut.serde.support.LegacyBeansFactory#provideSerializer
14:38:38.128 [Test worker] DEBUG io.micronaut.context.DefaultBeanContext --   class io.micronaut.serde.jsonb.JsonpValueSerde null Definition: io.micronaut.serde.jsonb.JsonpValueSerde
14:38:38.128 [Test worker] DEBUG io.micronaut.context.DefaultBeanContext --   class io.micronaut.serde.support.serdes.LocalTimeSerde null Definition: io.micronaut.serde.support.serdes.LocalTimeSerde Factory: io.micronaut.serde.support.LegacyBeansFactory#localTimeSerde
14:38:38.128 [Test worker] DEBUG io.micronaut.context.DefaultBeanContext --   class io.micronaut.serde.support.serializers.ObjectSerializer null Definition: io.micronaut.serde.support.serializers.ObjectSerializer Factory: io.micronaut.serde.support.LegacyBeansFactory#provideObjectSerializer
14:38:38.128 [Test worker] DEBUG io.micronaut.context.DefaultBeanContext --   class io.micronaut.serde.support.serdes.ZonedDateTimeSerde null Definition: io.micronaut.serde.support.serdes.ZonedDateTimeSerde Factory: io.micronaut.serde.support.LegacyBeansFactory#zonedDateTimeSerde
14:38:38.128 [Test worker] DEBUG io.micronaut.context.DefaultBeanContext --   class io.micronaut.serde.support.serdes.InetAddressSerde null Definition: io.micronaut.serde.support.serdes.InetAddressSerde Factory: io.micronaut.serde.support.LegacyBeansFactory#inetAddressSerde
14:38:38.128 [Test worker] DEBUG io.micronaut.context.DefaultBeanContext --   class io.micronaut.serde.support.serializers.XmlIdRefSerializer null Definition: io.micronaut.serde.support.serializers.XmlIdRefSerializer
14:38:38.128 [Test worker] DEBUG io.micronaut.context.DefaultBeanContext --   class io.micronaut.serde.support.serdes.InstantSerde null Definition: io.micronaut.serde.support.serdes.InstantSerde Factory: io.micronaut.serde.support.LegacyBeansFactory#instantSerde
14:38:38.128 [Test worker] DEBUG io.micronaut.context.DefaultBeanContext --   class io.micronaut.serde.support.deserializers.SerdeHealthResultDeserializer_HealthResultDtoSerializer null Definition: io.micronaut.serde.support.deserializers.SerdeHealthResultDeserializer_HealthResultDtoSerializer
14:38:38.128 [Test worker] DEBUG io.micronaut.context.DefaultBeanContext --   class io.micronaut.serde.support.serdes.PriorityQueueSerde null Definition: io.micronaut.serde.support.serdes.PriorityQueueSerde
14:38:38.128 [Test worker] DEBUG io.micronaut.context.DefaultBeanContext --   class io.micronaut.serde.support.serdes.LocalDateTimeSerde null Definition: io.micronaut.serde.support.serdes.LocalDateTimeSerde Factory: io.micronaut.serde.support.LegacyBeansFactory#localDateTimeSerde
14:38:38.128 [Test worker] DEBUG io.micronaut.context.DefaultBeanContext --   class io.micronaut.serde.support.serdes.OffsetDateTimeSerde null Definition: io.micronaut.serde.support.serdes.OffsetDateTimeSerde Factory: io.micronaut.serde.support.LegacyBeansFactory#offsetDateTimeSerde
14:38:38.128 [Test worker] DEBUG io.micronaut.context.DefaultBeanContext --   class io.micronaut.serde.support.serdes.YearSerde null Definition: io.micronaut.serde.support.serdes.YearSerde Factory: io.micronaut.serde.support.LegacyBeansFactory#yearSerde
14:38:38.128 [Test worker] DEBUG io.micronaut.context.DefaultBeanContext --   class io.micronaut.serde.support.serdes.ObjectArraySerde null Definition: io.micronaut.serde.support.serdes.ObjectArraySerde Factory: io.micronaut.serde.support.LegacyBeansFactory#provideObjectArraySerde
14:38:38.128 [Test worker] DEBUG io.micronaut.context.DefaultBeanContext -- Finding candidate beans for type: Deserializer
14:38:38.128 [Test worker] DEBUG io.micronaut.context.condition.Condition -- Bean [Definition: io.micronaut.serde.support.deserializers.HealthResultDeserializer] will not be loaded due to failing conditions:
14:38:38.128 [Test worker] DEBUG io.micronaut.context.condition.Condition -- * Class [io.micronaut.management.health.indicator.HealthResult] is not present
14:38:38.128 [Test worker] DEBUG io.micronaut.context.DefaultBeanContext --   class io.micronaut.serde.support.serdes.LocalDateSerde null Definition: io.micronaut.serde.support.serdes.LocalDateSerde Factory: io.micronaut.serde.support.LegacyBeansFactory#localDateSerde
14:38:38.128 [Test worker] DEBUG io.micronaut.context.DefaultBeanContext --   interface io.micronaut.serde.Serde @Any Definition: io.micronaut.serde.Serde Factory: io.micronaut.serde.support.LegacyBeansFactory#provideSerde
14:38:38.128 [Test worker] DEBUG io.micronaut.context.DefaultBeanContext --   class io.micronaut.serde.jsonb.JsonpValueSerde null Definition: io.micronaut.serde.jsonb.JsonpValueSerde
14:38:38.128 [Test worker] DEBUG io.micronaut.context.DefaultBeanContext --   interface io.micronaut.serde.Deserializer @Any Definition: io.micronaut.serde.Deserializer Factory: io.micronaut.serde.support.LegacyBeansFactory#provideDeserializer
14:38:38.128 [Test worker] DEBUG io.micronaut.context.DefaultBeanContext --   class io.micronaut.serde.support.serdes.LocalTimeSerde null Definition: io.micronaut.serde.support.serdes.LocalTimeSerde Factory: io.micronaut.serde.support.LegacyBeansFactory#localTimeSerde
14:38:38.128 [Test worker] DEBUG io.micronaut.context.DefaultBeanContext --   class io.micronaut.serde.support.serdes.ZonedDateTimeSerde null Definition: io.micronaut.serde.support.serdes.ZonedDateTimeSerde Factory: io.micronaut.serde.support.LegacyBeansFactory#zonedDateTimeSerde
14:38:38.128 [Test worker] DEBUG io.micronaut.context.DefaultBeanContext --   class io.micronaut.serde.support.serdes.InetAddressSerde null Definition: io.micronaut.serde.support.serdes.InetAddressSerde Factory: io.micronaut.serde.support.LegacyBeansFactory#inetAddressSerde
14:38:38.128 [Test worker] DEBUG io.micronaut.context.DefaultBeanContext --   class io.micronaut.serde.support.serdes.InstantSerde null Definition: io.micronaut.serde.support.serdes.InstantSerde Factory: io.micronaut.serde.support.LegacyBeansFactory#instantSerde
14:38:38.128 [Test worker] DEBUG io.micronaut.context.DefaultBeanContext --   class io.micronaut.serde.support.serdes.PriorityQueueSerde null Definition: io.micronaut.serde.support.serdes.PriorityQueueSerde
14:38:38.128 [Test worker] DEBUG io.micronaut.context.DefaultBeanContext --   class io.micronaut.serde.support.serdes.LocalDateTimeSerde null Definition: io.micronaut.serde.support.serdes.LocalDateTimeSerde Factory: io.micronaut.serde.support.LegacyBeansFactory#localDateTimeSerde
14:38:38.128 [Test worker] DEBUG io.micronaut.context.DefaultBeanContext --   class io.micronaut.serde.support.serdes.OffsetDateTimeSerde null Definition: io.micronaut.serde.support.serdes.OffsetDateTimeSerde Factory: io.micronaut.serde.support.LegacyBeansFactory#offsetDateTimeSerde
14:38:38.128 [Test worker] DEBUG io.micronaut.context.DefaultBeanContext --   class io.micronaut.serde.support.serdes.YearSerde null Definition: io.micronaut.serde.support.serdes.YearSerde Factory: io.micronaut.serde.support.LegacyBeansFactory#yearSerde
14:38:38.128 [Test worker] DEBUG io.micronaut.context.DefaultBeanContext --   class io.micronaut.serde.support.deserializers.SerdeHealthResultDeserializer_HealthResultDtoDeserializer null Definition: io.micronaut.serde.support.deserializers.SerdeHealthResultDeserializer_HealthResultDtoDeserializer
14:38:38.128 [Test worker] DEBUG io.micronaut.context.DefaultBeanContext --   class io.micronaut.serde.support.deserializers.ObjectDeserializer null Definition: io.micronaut.serde.support.deserializers.ObjectDeserializer Factory: io.micronaut.serde.support.LegacyBeansFactory#provideObjectDeserializer
14:38:38.128 [Test worker] DEBUG io.micronaut.context.DefaultBeanContext --   class io.micronaut.serde.support.deserializers.XmlIdRefDeserializer null Definition: io.micronaut.serde.support.deserializers.XmlIdRefDeserializer
14:38:38.128 [Test worker] DEBUG io.micronaut.context.DefaultBeanContext --   class io.micronaut.serde.support.serdes.ObjectArraySerde null Definition: io.micronaut.serde.support.serdes.ObjectArraySerde Factory: io.micronaut.serde.support.LegacyBeansFactory#provideObjectArraySerde
14:38:38.128 [Test worker] DEBUG io.micronaut.context.DefaultBeanContext -- Finding candidate beans for type: SerdeDeserializationPreInstantiateCallback
14:38:38.128 [Test worker] DEBUG io.micronaut.context.DefaultBeanContext -- No bean candidates found for type: SerdeDeserializationPreInstantiateCallback
14:38:38.128 [Test worker] DEBUG io.micronaut.context.lifecycle -- Created bean [io.micronaut.serde.support.DefaultSerdeRegistry@2c6927f0] from definition [Definition: io.micronaut.serde.support.DefaultSerdeRegistry] with qualifier [null]
14:38:38.128 [Test worker] DEBUG io.micronaut.context.DefaultBeanContext -- Finding candidate beans for type: SerdeJacksonConfiguration jacksonConfiguration
14:38:38.129 [Test worker] DEBUG io.micronaut.context.DefaultBeanContext --   class io.micronaut.serde.jackson.SerdeJacksonConfiguration null Definition: io.micronaut.serde.jackson.SerdeJacksonConfiguration
14:38:38.129 [Test worker] DEBUG io.micronaut.context.DefaultBeanContext -- Found concrete candidate [Definition: io.micronaut.serde.jackson.SerdeJacksonConfiguration] for type: jacksonConfiguration 
14:38:38.129 [Test worker] DEBUG io.micronaut.context.lifecycle -- Created bean [io.micronaut.serde.jackson.SerdeJacksonConfiguration@5ef2cbe6] from definition [Definition: io.micronaut.serde.jackson.SerdeJacksonConfiguration] with qualifier [null]
14:38:38.129 [Test worker] DEBUG io.micronaut.context.lifecycle -- Created bean [io.micronaut.serde.jackson.JacksonJsonMapper@68b7bdcb] from definition [Definition: io.micronaut.serde.jackson.JacksonJsonMapper] with qualifier [null]
14:38:38.130 [Test worker] DEBUG io.micronaut.core.beans.DefaultBeanIntrospector -- No BeanIntrospection found for bean type: class ee.jakarta.tck.json.bind.customizedmapping.ijson.IJsonSupportTest$4
14:38:38.131 [Test worker] DEBUG io.micronaut.core.beans.DefaultBeanIntrospector -- No BeanIntrospection found for bean type: class ee.jakarta.tck.json.bind.customizedmapping.ijson.IJsonSupportTest$4
]]></system-out>
  <system-err><![CDATA[]]></system-err>
</testsuite>
