<?xml version="1.0" encoding="UTF-8"?>
<testsuite name="ee.jakarta.tck.json.bind.customizedmapping.binarydata.BinaryDataCustomizationTest" tests="3" skipped="0" failures="0" errors="0" timestamp="SANITIZED" hostname="SANITIZED" time="0">
  <properties/>
  <testcase name="testBase64UrlBinaryDataEncoding()" classname="ee.jakarta.tck.json.bind.customizedmapping.binarydata.BinaryDataCustomizationTest" time="0"/>
  <testcase name="testByteBinaryDataEncoding()" classname="ee.jakarta.tck.json.bind.customizedmapping.binarydata.BinaryDataCustomizationTest" time="0"/>
  <testcase name="testBase64BinaryDataEncoding()" classname="ee.jakarta.tck.json.bind.customizedmapping.binarydata.BinaryDataCustomizationTest" time="0"/>
  <system-out><![CDATA[09:42:34.719 [Test worker] DEBUG io.micronaut.core.reflect.ClassUtils -- Reflectively retrieving hierarchy for class: class io.micronaut.serde.support.serdes.ZonedDateTimeSerde
09:42:34.719 [Test worker] DEBUG io.micronaut.core.reflect.ClassUtils -- Reflectively retrieving hierarchy for class: class io.micronaut.serde.support.deserializers.ObjectDeserializer
09:42:34.719 [Test worker] DEBUG io.micronaut.core.reflect.ClassUtils -- Reflectively retrieving hierarchy for class: class io.micronaut.serde.support.serdes.OffsetDateTimeSerde
09:42:34.719 [Test worker] DEBUG io.micronaut.core.reflect.ClassUtils -- Reflectively retrieving hierarchy for class: class io.micronaut.serde.support.serdes.LocalTimeSerde
09:42:34.719 [Test worker] DEBUG io.micronaut.core.reflect.ClassUtils -- Reflectively retrieving hierarchy for class: class io.micronaut.serde.support.serdes.InstantSerde
09:42:34.720 [Test worker] DEBUG io.micronaut.context.env.DefaultEnvironment -- Starting environment io.micronaut.context.env.DefaultEnvironment@646cd766 for active names []
09:42:34.720 [Test worker] DEBUG io.micronaut.context.env.DefaultEnvironment -- Processing property source: config convention: JAVA_PROPERTIES
09:42:34.720 [Test worker] DEBUG io.micronaut.context.DefaultBeanContext -- Starting BeanContext
09:42:34.720 [Test worker] DEBUG io.micronaut.context.DefaultBeanContext -- Resolving beans for type: io.micronaut.core.convert.TypeConverter
09:42:34.720 [Test worker] DEBUG io.micronaut.context.DefaultBeanContext -- Finding candidate beans for type: TypeConverter
09:42:34.720 [Test worker] DEBUG io.micronaut.context.DefaultBeanContext -- No bean candidates found for type: TypeConverter
09:42:34.720 [Test worker] DEBUG io.micronaut.context.DefaultBeanContext -- Resolving beans for type: io.micronaut.core.convert.TypeConverterRegistrar
09:42:34.720 [Test worker] DEBUG io.micronaut.context.DefaultBeanContext -- Finding candidate beans for type: TypeConverterRegistrar
09:42:34.720 [Test worker] DEBUG io.micronaut.context.DefaultBeanContext -- No bean candidates found for type: TypeConverterRegistrar
09:42:34.720 [Test worker] DEBUG io.micronaut.context.DefaultBeanContext -- BeanContext Started.
09:42:34.721 [Test worker] DEBUG io.micronaut.context.DefaultBeanContext -- Finding candidate beans for type: ObjectMapper
09:42:34.721 [Test worker] DEBUG io.micronaut.context.DefaultBeanContext --   class io.micronaut.serde.jackson.JacksonJsonMapper null Definition: io.micronaut.serde.jackson.JacksonJsonMapper
09:42:34.721 [Test worker] DEBUG io.micronaut.context.DefaultBeanContext -- Found concrete candidate [Definition: io.micronaut.serde.jackson.JacksonJsonMapper] for type: objectMapper 
09:42:34.721 [Test worker] DEBUG io.micronaut.context.DefaultBeanContext -- Finding candidate beans for type: SerdeRegistry registry
09:42:34.721 [Test worker] DEBUG io.micronaut.context.DefaultBeanContext --   class io.micronaut.serde.support.DefaultSerdeRegistry null Definition: io.micronaut.serde.support.DefaultSerdeRegistry
09:42:34.721 [Test worker] DEBUG io.micronaut.context.DefaultBeanContext -- Found concrete candidate [Definition: io.micronaut.serde.support.DefaultSerdeRegistry] for type: registry 
09:42:34.721 [Test worker] DEBUG io.micronaut.context.DefaultBeanContext -- Finding candidate beans for type: SerdeIntrospections introspections
09:42:34.721 [Test worker] DEBUG io.micronaut.context.DefaultBeanContext --   class io.micronaut.serde.support.DefaultSerdeIntrospections null Definition: io.micronaut.serde.support.DefaultSerdeIntrospections
09:42:34.721 [Test worker] DEBUG io.micronaut.context.DefaultBeanContext -- Found concrete candidate [Definition: io.micronaut.serde.support.DefaultSerdeIntrospections] for type: introspections 
09:42:34.721 [Test worker] DEBUG io.micronaut.context.DefaultBeanContext -- Finding candidate beans for type: SerdeConfiguration configuration
09:42:34.721 [Test worker] DEBUG io.micronaut.context.DefaultBeanContext --   class io.micronaut.serde.config.DefaultSerdeConfiguration null Definition: io.micronaut.serde.config.DefaultSerdeConfiguration
09:42:34.721 [Test worker] DEBUG io.micronaut.context.DefaultBeanContext -- Found concrete candidate [Definition: io.micronaut.serde.config.DefaultSerdeConfiguration] for type: configuration 
09:42:34.721 [Test worker] DEBUG io.micronaut.context.lifecycle -- Created bean [io.micronaut.serde.config.DefaultSerdeConfiguration@57151b3a] from definition [Definition: io.micronaut.serde.config.DefaultSerdeConfiguration] with qualifier [null]
09:42:34.721 [Test worker] DEBUG io.micronaut.context.lifecycle -- Created bean [io.micronaut.serde.support.DefaultSerdeIntrospections@26457986] from definition [Definition: io.micronaut.serde.support.DefaultSerdeIntrospections] with qualifier [null]
09:42:34.721 [Test worker] DEBUG io.micronaut.context.DefaultBeanContext -- Finding candidate beans for type: SerializationConfiguration serializationConfiguration
09:42:34.721 [Test worker] DEBUG io.micronaut.context.DefaultBeanContext --   class io.micronaut.serde.config.DefaultSerializationConfiguration null Definition: io.micronaut.serde.config.DefaultSerializationConfiguration
09:42:34.721 [Test worker] DEBUG io.micronaut.context.DefaultBeanContext -- Found concrete candidate [Definition: io.micronaut.serde.config.DefaultSerializationConfiguration] for type: serializationConfiguration 
09:42:34.721 [Test worker] DEBUG io.micronaut.context.lifecycle -- Created bean [io.micronaut.serde.config.DefaultSerializationConfiguration@2dff7085] from definition [Definition: io.micronaut.serde.config.DefaultSerializationConfiguration] with qualifier [null]
09:42:34.721 [Test worker] DEBUG io.micronaut.context.DefaultBeanContext -- Finding candidate beans for type: DeserializationConfiguration deserializationConfiguration
09:42:34.722 [Test worker] DEBUG io.micronaut.context.DefaultBeanContext --   class io.micronaut.serde.config.DefaultDeserializationConfiguration null Definition: io.micronaut.serde.config.DefaultDeserializationConfiguration
09:42:34.722 [Test worker] DEBUG io.micronaut.context.DefaultBeanContext -- Found concrete candidate [Definition: io.micronaut.serde.config.DefaultDeserializationConfiguration] for type: deserializationConfiguration 
09:42:34.722 [Test worker] DEBUG io.micronaut.context.lifecycle -- Created bean [io.micronaut.serde.config.DefaultDeserializationConfiguration@2faa55bb] from definition [Definition: io.micronaut.serde.config.DefaultDeserializationConfiguration] with qualifier [null]
09:42:34.722 [Test worker] DEBUG io.micronaut.context.DefaultBeanContext -- Finding candidate beans for type: Serializer
09:42:34.722 [Test worker] DEBUG io.micronaut.context.condition.Condition -- Bean [Definition: io.micronaut.serde.support.serdes.HealthStatusSerde] will not be loaded due to failing conditions:
09:42:34.722 [Test worker] DEBUG io.micronaut.context.condition.Condition -- * Class [io.micronaut.health.HealthStatus] is not present
09:42:34.722 [Test worker] DEBUG io.micronaut.context.DefaultBeanContext --   class io.micronaut.serde.support.serdes.InstantSerde null Definition: io.micronaut.serde.support.serdes.InstantSerde Factory: io.micronaut.serde.support.LegacyBeansFactory#instantSerde
09:42:34.722 [Test worker] DEBUG io.micronaut.context.DefaultBeanContext --   interface io.micronaut.serde.Serializer @Any Definition: io.micronaut.serde.Serializer Factory: io.micronaut.serde.support.LegacyBeansFactory#provideSerializer
09:42:34.722 [Test worker] DEBUG io.micronaut.context.DefaultBeanContext --   class io.micronaut.serde.support.serdes.ObjectArraySerde null Definition: io.micronaut.serde.support.serdes.ObjectArraySerde Factory: io.micronaut.serde.support.LegacyBeansFactory#provideObjectArraySerde
09:42:34.722 [Test worker] DEBUG io.micronaut.context.DefaultBeanContext --   class io.micronaut.serde.support.serdes.LocalDateTimeSerde null Definition: io.micronaut.serde.support.serdes.LocalDateTimeSerde Factory: io.micronaut.serde.support.LegacyBeansFactory#localDateTimeSerde
09:42:34.722 [Test worker] DEBUG io.micronaut.context.DefaultBeanContext --   class io.micronaut.serde.support.serdes.InetAddressSerde null Definition: io.micronaut.serde.support.serdes.InetAddressSerde Factory: io.micronaut.serde.support.LegacyBeansFactory#inetAddressSerde
09:42:34.722 [Test worker] DEBUG io.micronaut.context.DefaultBeanContext --   class io.micronaut.serde.support.deserializers.SerdeHealthResultDeserializer_HealthResultDtoSerializer null Definition: io.micronaut.serde.support.deserializers.SerdeHealthResultDeserializer_HealthResultDtoSerializer
09:42:34.722 [Test worker] DEBUG io.micronaut.context.DefaultBeanContext --   interface io.micronaut.serde.Serde @Any Definition: io.micronaut.serde.Serde Factory: io.micronaut.serde.support.LegacyBeansFactory#provideSerde
09:42:34.722 [Test worker] DEBUG io.micronaut.context.DefaultBeanContext --   class io.micronaut.serde.support.serdes.LocalDateSerde null Definition: io.micronaut.serde.support.serdes.LocalDateSerde Factory: io.micronaut.serde.support.LegacyBeansFactory#localDateSerde
09:42:34.722 [Test worker] DEBUG io.micronaut.context.DefaultBeanContext --   class io.micronaut.serde.support.serdes.ZonedDateTimeSerde null Definition: io.micronaut.serde.support.serdes.ZonedDateTimeSerde Factory: io.micronaut.serde.support.LegacyBeansFactory#zonedDateTimeSerde
09:42:34.722 [Test worker] DEBUG io.micronaut.context.DefaultBeanContext --   class io.micronaut.serde.support.serializers.ObjectSerializer null Definition: io.micronaut.serde.support.serializers.ObjectSerializer Factory: io.micronaut.serde.support.LegacyBeansFactory#provideObjectSerializer
09:42:34.722 [Test worker] DEBUG io.micronaut.context.DefaultBeanContext --   class io.micronaut.serde.jsonb.JsonpValueSerde null Definition: io.micronaut.serde.jsonb.JsonpValueSerde
09:42:34.722 [Test worker] DEBUG io.micronaut.context.DefaultBeanContext --   class io.micronaut.serde.support.serdes.PriorityQueueSerde null Definition: io.micronaut.serde.support.serdes.PriorityQueueSerde
09:42:34.722 [Test worker] DEBUG io.micronaut.context.DefaultBeanContext --   class io.micronaut.serde.support.serdes.OffsetDateTimeSerde null Definition: io.micronaut.serde.support.serdes.OffsetDateTimeSerde Factory: io.micronaut.serde.support.LegacyBeansFactory#offsetDateTimeSerde
09:42:34.722 [Test worker] DEBUG io.micronaut.context.DefaultBeanContext --   class io.micronaut.serde.support.serdes.LocalTimeSerde null Definition: io.micronaut.serde.support.serdes.LocalTimeSerde Factory: io.micronaut.serde.support.LegacyBeansFactory#localTimeSerde
09:42:34.722 [Test worker] DEBUG io.micronaut.context.DefaultBeanContext --   class io.micronaut.serde.support.serdes.YearSerde null Definition: io.micronaut.serde.support.serdes.YearSerde Factory: io.micronaut.serde.support.LegacyBeansFactory#yearSerde
09:42:34.722 [Test worker] DEBUG io.micronaut.context.DefaultBeanContext -- Finding candidate beans for type: Deserializer
09:42:34.722 [Test worker] DEBUG io.micronaut.context.condition.Condition -- Bean [Definition: io.micronaut.serde.support.deserializers.HealthResultDeserializer] will not be loaded due to failing conditions:
09:42:34.722 [Test worker] DEBUG io.micronaut.context.condition.Condition -- * Class [io.micronaut.management.health.indicator.HealthResult] is not present
09:42:34.722 [Test worker] DEBUG io.micronaut.context.DefaultBeanContext --   class io.micronaut.serde.support.serdes.InstantSerde null Definition: io.micronaut.serde.support.serdes.InstantSerde Factory: io.micronaut.serde.support.LegacyBeansFactory#instantSerde
09:42:34.722 [Test worker] DEBUG io.micronaut.context.DefaultBeanContext --   class io.micronaut.serde.support.deserializers.SerdeHealthResultDeserializer_HealthResultDtoDeserializer null Definition: io.micronaut.serde.support.deserializers.SerdeHealthResultDeserializer_HealthResultDtoDeserializer
09:42:34.722 [Test worker] DEBUG io.micronaut.context.DefaultBeanContext --   class io.micronaut.serde.support.serdes.ObjectArraySerde null Definition: io.micronaut.serde.support.serdes.ObjectArraySerde Factory: io.micronaut.serde.support.LegacyBeansFactory#provideObjectArraySerde
09:42:34.722 [Test worker] DEBUG io.micronaut.context.DefaultBeanContext --   class io.micronaut.serde.support.serdes.LocalDateTimeSerde null Definition: io.micronaut.serde.support.serdes.LocalDateTimeSerde Factory: io.micronaut.serde.support.LegacyBeansFactory#localDateTimeSerde
09:42:34.722 [Test worker] DEBUG io.micronaut.context.DefaultBeanContext --   class io.micronaut.serde.support.serdes.InetAddressSerde null Definition: io.micronaut.serde.support.serdes.InetAddressSerde Factory: io.micronaut.serde.support.LegacyBeansFactory#inetAddressSerde
09:42:34.722 [Test worker] DEBUG io.micronaut.context.DefaultBeanContext --   interface io.micronaut.serde.Serde @Any Definition: io.micronaut.serde.Serde Factory: io.micronaut.serde.support.LegacyBeansFactory#provideSerde
09:42:34.722 [Test worker] DEBUG io.micronaut.context.DefaultBeanContext --   class io.micronaut.serde.support.serdes.LocalDateSerde null Definition: io.micronaut.serde.support.serdes.LocalDateSerde Factory: io.micronaut.serde.support.LegacyBeansFactory#localDateSerde
09:42:34.722 [Test worker] DEBUG io.micronaut.context.DefaultBeanContext --   class io.micronaut.serde.support.serdes.ZonedDateTimeSerde null Definition: io.micronaut.serde.support.serdes.ZonedDateTimeSerde Factory: io.micronaut.serde.support.LegacyBeansFactory#zonedDateTimeSerde
09:42:34.722 [Test worker] DEBUG io.micronaut.context.DefaultBeanContext --   class io.micronaut.serde.jsonb.JsonpValueSerde null Definition: io.micronaut.serde.jsonb.JsonpValueSerde
09:42:34.722 [Test worker] DEBUG io.micronaut.context.DefaultBeanContext --   class io.micronaut.serde.support.serdes.PriorityQueueSerde null Definition: io.micronaut.serde.support.serdes.PriorityQueueSerde
09:42:34.722 [Test worker] DEBUG io.micronaut.context.DefaultBeanContext --   class io.micronaut.serde.support.deserializers.ObjectDeserializer null Definition: io.micronaut.serde.support.deserializers.ObjectDeserializer Factory: io.micronaut.serde.support.LegacyBeansFactory#provideObjectDeserializer
09:42:34.722 [Test worker] DEBUG io.micronaut.context.DefaultBeanContext --   interface io.micronaut.serde.Deserializer @Any Definition: io.micronaut.serde.Deserializer Factory: io.micronaut.serde.support.LegacyBeansFactory#provideDeserializer
09:42:34.722 [Test worker] DEBUG io.micronaut.context.DefaultBeanContext --   class io.micronaut.serde.support.serdes.OffsetDateTimeSerde null Definition: io.micronaut.serde.support.serdes.OffsetDateTimeSerde Factory: io.micronaut.serde.support.LegacyBeansFactory#offsetDateTimeSerde
09:42:34.722 [Test worker] DEBUG io.micronaut.context.DefaultBeanContext --   class io.micronaut.serde.support.serdes.LocalTimeSerde null Definition: io.micronaut.serde.support.serdes.LocalTimeSerde Factory: io.micronaut.serde.support.LegacyBeansFactory#localTimeSerde
09:42:34.722 [Test worker] DEBUG io.micronaut.context.DefaultBeanContext --   class io.micronaut.serde.support.serdes.YearSerde null Definition: io.micronaut.serde.support.serdes.YearSerde Factory: io.micronaut.serde.support.LegacyBeansFactory#yearSerde
09:42:34.723 [Test worker] DEBUG io.micronaut.context.DefaultBeanContext -- Finding candidate beans for type: SerdeDeserializationPreInstantiateCallback
09:42:34.723 [Test worker] DEBUG io.micronaut.context.DefaultBeanContext -- No bean candidates found for type: SerdeDeserializationPreInstantiateCallback
09:42:34.723 [Test worker] DEBUG io.micronaut.context.lifecycle -- Created bean [io.micronaut.serde.support.DefaultSerdeRegistry@501957bf] from definition [Definition: io.micronaut.serde.support.DefaultSerdeRegistry] with qualifier [null]
09:42:34.723 [Test worker] DEBUG io.micronaut.context.DefaultBeanContext -- Finding candidate beans for type: SerdeJacksonConfiguration jacksonConfiguration
09:42:34.724 [Test worker] DEBUG io.micronaut.context.DefaultBeanContext --   class io.micronaut.serde.jackson.SerdeJacksonConfiguration null Definition: io.micronaut.serde.jackson.SerdeJacksonConfiguration
09:42:34.724 [Test worker] DEBUG io.micronaut.context.DefaultBeanContext -- Found concrete candidate [Definition: io.micronaut.serde.jackson.SerdeJacksonConfiguration] for type: jacksonConfiguration 
09:42:34.724 [Test worker] DEBUG io.micronaut.context.lifecycle -- Created bean [io.micronaut.serde.jackson.SerdeJacksonConfiguration@5d1d9d73] from definition [Definition: io.micronaut.serde.jackson.SerdeJacksonConfiguration] with qualifier [null]
09:42:34.724 [Test worker] DEBUG io.micronaut.context.lifecycle -- Created bean [io.micronaut.serde.jackson.JacksonJsonMapper@764a3e5d] from definition [Definition: io.micronaut.serde.jackson.JacksonJsonMapper] with qualifier [null]
09:42:34.726 [Test worker] DEBUG io.micronaut.core.beans.DefaultBeanIntrospector -- Found BeanIntrospection for type: class ee.jakarta.tck.json.bind.customizedmapping.binarydata.model.BinaryDataContainer,
09:42:34.726 [Test worker] DEBUG io.micronaut.core.beans.DefaultBeanIntrospector -- Found BeanIntrospection for type: class ee.jakarta.tck.json.bind.customizedmapping.binarydata.model.BinaryDataContainer,
09:42:34.726 [Test worker] DEBUG io.micronaut.core.beans.DefaultBeanIntrospector -- Found BeanIntrospection for type: class ee.jakarta.tck.json.bind.customizedmapping.binarydata.model.BinaryDataContainer,
09:42:34.727 [Test worker] DEBUG io.micronaut.core.beans.DefaultBeanIntrospector -- Found BeanIntrospection for type: class ee.jakarta.tck.json.bind.customizedmapping.binarydata.model.BinaryDataContainer,
09:42:34.728 [Test worker] DEBUG io.micronaut.core.beans.DefaultBeanIntrospector -- Found BeanIntrospection for type: class ee.jakarta.tck.json.bind.customizedmapping.binarydata.model.BinaryDataContainer,
09:42:34.728 [Test worker] DEBUG io.micronaut.core.beans.DefaultBeanIntrospector -- Found BeanIntrospection for type: class ee.jakarta.tck.json.bind.customizedmapping.binarydata.model.BinaryDataContainer,
09:42:34.733 [Test worker] DEBUG io.micronaut.core.reflect.ClassUtils -- Reflectively retrieving hierarchy for class: class io.micronaut.serde.support.serdes.ZonedDateTimeSerde
09:42:34.733 [Test worker] DEBUG io.micronaut.core.reflect.ClassUtils -- Reflectively retrieving hierarchy for class: class io.micronaut.serde.support.deserializers.ObjectDeserializer
09:42:34.733 [Test worker] DEBUG io.micronaut.core.reflect.ClassUtils -- Reflectively retrieving hierarchy for class: class io.micronaut.serde.support.serdes.OffsetDateTimeSerde
09:42:34.733 [Test worker] DEBUG io.micronaut.core.reflect.ClassUtils -- Reflectively retrieving hierarchy for class: class io.micronaut.serde.support.serdes.LocalTimeSerde
09:42:34.734 [Test worker] DEBUG io.micronaut.core.reflect.ClassUtils -- Reflectively retrieving hierarchy for class: class io.micronaut.serde.support.serdes.InstantSerde
09:42:34.734 [Test worker] DEBUG io.micronaut.context.env.DefaultEnvironment -- Starting environment io.micronaut.context.env.DefaultEnvironment@44d7e24 for active names []
09:42:34.735 [Test worker] DEBUG io.micronaut.context.env.DefaultEnvironment -- Processing property source: config convention: JAVA_PROPERTIES
09:42:34.735 [Test worker] DEBUG io.micronaut.context.DefaultBeanContext -- Starting BeanContext
09:42:34.735 [Test worker] DEBUG io.micronaut.context.DefaultBeanContext -- Resolving beans for type: io.micronaut.core.convert.TypeConverter
09:42:34.735 [Test worker] DEBUG io.micronaut.context.DefaultBeanContext -- Finding candidate beans for type: TypeConverter
09:42:34.735 [Test worker] DEBUG io.micronaut.context.DefaultBeanContext -- No bean candidates found for type: TypeConverter
09:42:34.735 [Test worker] DEBUG io.micronaut.context.DefaultBeanContext -- Resolving beans for type: io.micronaut.core.convert.TypeConverterRegistrar
09:42:34.735 [Test worker] DEBUG io.micronaut.context.DefaultBeanContext -- Finding candidate beans for type: TypeConverterRegistrar
09:42:34.735 [Test worker] DEBUG io.micronaut.context.DefaultBeanContext -- No bean candidates found for type: TypeConverterRegistrar
09:42:34.735 [Test worker] DEBUG io.micronaut.context.DefaultBeanContext -- BeanContext Started.
09:42:34.735 [Test worker] DEBUG io.micronaut.context.DefaultBeanContext -- Finding candidate beans for type: ObjectMapper
09:42:34.735 [Test worker] DEBUG io.micronaut.context.DefaultBeanContext --   class io.micronaut.serde.jackson.JacksonJsonMapper null Definition: io.micronaut.serde.jackson.JacksonJsonMapper
09:42:34.735 [Test worker] DEBUG io.micronaut.context.DefaultBeanContext -- Found concrete candidate [Definition: io.micronaut.serde.jackson.JacksonJsonMapper] for type: objectMapper 
09:42:34.735 [Test worker] DEBUG io.micronaut.context.DefaultBeanContext -- Finding candidate beans for type: SerdeRegistry registry
09:42:34.735 [Test worker] DEBUG io.micronaut.context.DefaultBeanContext --   class io.micronaut.serde.support.DefaultSerdeRegistry null Definition: io.micronaut.serde.support.DefaultSerdeRegistry
09:42:34.735 [Test worker] DEBUG io.micronaut.context.DefaultBeanContext -- Found concrete candidate [Definition: io.micronaut.serde.support.DefaultSerdeRegistry] for type: registry 
09:42:34.735 [Test worker] DEBUG io.micronaut.context.DefaultBeanContext -- Finding candidate beans for type: SerdeIntrospections introspections
09:42:34.736 [Test worker] DEBUG io.micronaut.context.DefaultBeanContext --   class io.micronaut.serde.support.DefaultSerdeIntrospections null Definition: io.micronaut.serde.support.DefaultSerdeIntrospections
09:42:34.736 [Test worker] DEBUG io.micronaut.context.DefaultBeanContext -- Found concrete candidate [Definition: io.micronaut.serde.support.DefaultSerdeIntrospections] for type: introspections 
09:42:34.736 [Test worker] DEBUG io.micronaut.context.DefaultBeanContext -- Finding candidate beans for type: SerdeConfiguration configuration
09:42:34.736 [Test worker] DEBUG io.micronaut.context.DefaultBeanContext --   class io.micronaut.serde.config.DefaultSerdeConfiguration null Definition: io.micronaut.serde.config.DefaultSerdeConfiguration
09:42:34.736 [Test worker] DEBUG io.micronaut.context.DefaultBeanContext -- Found concrete candidate [Definition: io.micronaut.serde.config.DefaultSerdeConfiguration] for type: configuration 
09:42:34.736 [Test worker] DEBUG io.micronaut.context.lifecycle -- Created bean [io.micronaut.serde.config.DefaultSerdeConfiguration@45801322] from definition [Definition: io.micronaut.serde.config.DefaultSerdeConfiguration] with qualifier [null]
09:42:34.736 [Test worker] DEBUG io.micronaut.context.lifecycle -- Created bean [io.micronaut.serde.support.DefaultSerdeIntrospections@756b2d90] from definition [Definition: io.micronaut.serde.support.DefaultSerdeIntrospections] with qualifier [null]
09:42:34.736 [Test worker] DEBUG io.micronaut.context.DefaultBeanContext -- Finding candidate beans for type: SerializationConfiguration serializationConfiguration
09:42:34.736 [Test worker] DEBUG io.micronaut.context.DefaultBeanContext --   class io.micronaut.serde.config.DefaultSerializationConfiguration null Definition: io.micronaut.serde.config.DefaultSerializationConfiguration
09:42:34.736 [Test worker] DEBUG io.micronaut.context.DefaultBeanContext -- Found concrete candidate [Definition: io.micronaut.serde.config.DefaultSerializationConfiguration] for type: serializationConfiguration 
09:42:34.736 [Test worker] DEBUG io.micronaut.context.lifecycle -- Created bean [io.micronaut.serde.config.DefaultSerializationConfiguration@3520958b] from definition [Definition: io.micronaut.serde.config.DefaultSerializationConfiguration] with qualifier [null]
09:42:34.736 [Test worker] DEBUG io.micronaut.context.DefaultBeanContext -- Finding candidate beans for type: DeserializationConfiguration deserializationConfiguration
09:42:34.736 [Test worker] DEBUG io.micronaut.context.DefaultBeanContext --   class io.micronaut.serde.config.DefaultDeserializationConfiguration null Definition: io.micronaut.serde.config.DefaultDeserializationConfiguration
09:42:34.736 [Test worker] DEBUG io.micronaut.context.DefaultBeanContext -- Found concrete candidate [Definition: io.micronaut.serde.config.DefaultDeserializationConfiguration] for type: deserializationConfiguration 
09:42:34.736 [Test worker] DEBUG io.micronaut.context.lifecycle -- Created bean [io.micronaut.serde.config.DefaultDeserializationConfiguration@6cc64028] from definition [Definition: io.micronaut.serde.config.DefaultDeserializationConfiguration] with qualifier [null]
09:42:34.736 [Test worker] DEBUG io.micronaut.context.DefaultBeanContext -- Finding candidate beans for type: Serializer
09:42:34.737 [Test worker] DEBUG io.micronaut.context.condition.Condition -- Bean [Definition: io.micronaut.serde.support.serdes.HealthStatusSerde] will not be loaded due to failing conditions:
09:42:34.737 [Test worker] DEBUG io.micronaut.context.condition.Condition -- * Class [io.micronaut.health.HealthStatus] is not present
09:42:34.737 [Test worker] DEBUG io.micronaut.context.DefaultBeanContext --   class io.micronaut.serde.support.serdes.InstantSerde null Definition: io.micronaut.serde.support.serdes.InstantSerde Factory: io.micronaut.serde.support.LegacyBeansFactory#instantSerde
09:42:34.737 [Test worker] DEBUG io.micronaut.context.DefaultBeanContext --   interface io.micronaut.serde.Serializer @Any Definition: io.micronaut.serde.Serializer Factory: io.micronaut.serde.support.LegacyBeansFactory#provideSerializer
09:42:34.737 [Test worker] DEBUG io.micronaut.context.DefaultBeanContext --   class io.micronaut.serde.support.serdes.ObjectArraySerde null Definition: io.micronaut.serde.support.serdes.ObjectArraySerde Factory: io.micronaut.serde.support.LegacyBeansFactory#provideObjectArraySerde
09:42:34.737 [Test worker] DEBUG io.micronaut.context.DefaultBeanContext --   class io.micronaut.serde.support.serdes.LocalDateTimeSerde null Definition: io.micronaut.serde.support.serdes.LocalDateTimeSerde Factory: io.micronaut.serde.support.LegacyBeansFactory#localDateTimeSerde
09:42:34.737 [Test worker] DEBUG io.micronaut.context.DefaultBeanContext --   class io.micronaut.serde.support.serdes.InetAddressSerde null Definition: io.micronaut.serde.support.serdes.InetAddressSerde Factory: io.micronaut.serde.support.LegacyBeansFactory#inetAddressSerde
09:42:34.737 [Test worker] DEBUG io.micronaut.context.DefaultBeanContext --   class io.micronaut.serde.support.deserializers.SerdeHealthResultDeserializer_HealthResultDtoSerializer null Definition: io.micronaut.serde.support.deserializers.SerdeHealthResultDeserializer_HealthResultDtoSerializer
09:42:34.737 [Test worker] DEBUG io.micronaut.context.DefaultBeanContext --   interface io.micronaut.serde.Serde @Any Definition: io.micronaut.serde.Serde Factory: io.micronaut.serde.support.LegacyBeansFactory#provideSerde
09:42:34.737 [Test worker] DEBUG io.micronaut.context.DefaultBeanContext --   class io.micronaut.serde.support.serdes.LocalDateSerde null Definition: io.micronaut.serde.support.serdes.LocalDateSerde Factory: io.micronaut.serde.support.LegacyBeansFactory#localDateSerde
09:42:34.737 [Test worker] DEBUG io.micronaut.context.DefaultBeanContext --   class io.micronaut.serde.support.serdes.ZonedDateTimeSerde null Definition: io.micronaut.serde.support.serdes.ZonedDateTimeSerde Factory: io.micronaut.serde.support.LegacyBeansFactory#zonedDateTimeSerde
09:42:34.737 [Test worker] DEBUG io.micronaut.context.DefaultBeanContext --   class io.micronaut.serde.support.serializers.ObjectSerializer null Definition: io.micronaut.serde.support.serializers.ObjectSerializer Factory: io.micronaut.serde.support.LegacyBeansFactory#provideObjectSerializer
09:42:34.737 [Test worker] DEBUG io.micronaut.context.DefaultBeanContext --   class io.micronaut.serde.jsonb.JsonpValueSerde null Definition: io.micronaut.serde.jsonb.JsonpValueSerde
09:42:34.737 [Test worker] DEBUG io.micronaut.context.DefaultBeanContext --   class io.micronaut.serde.support.serdes.PriorityQueueSerde null Definition: io.micronaut.serde.support.serdes.PriorityQueueSerde
09:42:34.737 [Test worker] DEBUG io.micronaut.context.DefaultBeanContext --   class io.micronaut.serde.support.serdes.OffsetDateTimeSerde null Definition: io.micronaut.serde.support.serdes.OffsetDateTimeSerde Factory: io.micronaut.serde.support.LegacyBeansFactory#offsetDateTimeSerde
09:42:34.737 [Test worker] DEBUG io.micronaut.context.DefaultBeanContext --   class io.micronaut.serde.support.serdes.LocalTimeSerde null Definition: io.micronaut.serde.support.serdes.LocalTimeSerde Factory: io.micronaut.serde.support.LegacyBeansFactory#localTimeSerde
09:42:34.737 [Test worker] DEBUG io.micronaut.context.DefaultBeanContext --   class io.micronaut.serde.support.serdes.YearSerde null Definition: io.micronaut.serde.support.serdes.YearSerde Factory: io.micronaut.serde.support.LegacyBeansFactory#yearSerde
09:42:34.737 [Test worker] DEBUG io.micronaut.context.DefaultBeanContext -- Finding candidate beans for type: Deserializer
09:42:34.737 [Test worker] DEBUG io.micronaut.context.condition.Condition -- Bean [Definition: io.micronaut.serde.support.deserializers.HealthResultDeserializer] will not be loaded due to failing conditions:
09:42:34.737 [Test worker] DEBUG io.micronaut.context.condition.Condition -- * Class [io.micronaut.management.health.indicator.HealthResult] is not present
09:42:34.737 [Test worker] DEBUG io.micronaut.context.DefaultBeanContext --   class io.micronaut.serde.support.serdes.InstantSerde null Definition: io.micronaut.serde.support.serdes.InstantSerde Factory: io.micronaut.serde.support.LegacyBeansFactory#instantSerde
09:42:34.737 [Test worker] DEBUG io.micronaut.context.DefaultBeanContext --   class io.micronaut.serde.support.deserializers.SerdeHealthResultDeserializer_HealthResultDtoDeserializer null Definition: io.micronaut.serde.support.deserializers.SerdeHealthResultDeserializer_HealthResultDtoDeserializer
09:42:34.737 [Test worker] DEBUG io.micronaut.context.DefaultBeanContext --   class io.micronaut.serde.support.serdes.ObjectArraySerde null Definition: io.micronaut.serde.support.serdes.ObjectArraySerde Factory: io.micronaut.serde.support.LegacyBeansFactory#provideObjectArraySerde
09:42:34.737 [Test worker] DEBUG io.micronaut.context.DefaultBeanContext --   class io.micronaut.serde.support.serdes.LocalDateTimeSerde null Definition: io.micronaut.serde.support.serdes.LocalDateTimeSerde Factory: io.micronaut.serde.support.LegacyBeansFactory#localDateTimeSerde
09:42:34.737 [Test worker] DEBUG io.micronaut.context.DefaultBeanContext --   class io.micronaut.serde.support.serdes.InetAddressSerde null Definition: io.micronaut.serde.support.serdes.InetAddressSerde Factory: io.micronaut.serde.support.LegacyBeansFactory#inetAddressSerde
09:42:34.737 [Test worker] DEBUG io.micronaut.context.DefaultBeanContext --   interface io.micronaut.serde.Serde @Any Definition: io.micronaut.serde.Serde Factory: io.micronaut.serde.support.LegacyBeansFactory#provideSerde
09:42:34.737 [Test worker] DEBUG io.micronaut.context.DefaultBeanContext --   class io.micronaut.serde.support.serdes.LocalDateSerde null Definition: io.micronaut.serde.support.serdes.LocalDateSerde Factory: io.micronaut.serde.support.LegacyBeansFactory#localDateSerde
09:42:34.737 [Test worker] DEBUG io.micronaut.context.DefaultBeanContext --   class io.micronaut.serde.support.serdes.ZonedDateTimeSerde null Definition: io.micronaut.serde.support.serdes.ZonedDateTimeSerde Factory: io.micronaut.serde.support.LegacyBeansFactory#zonedDateTimeSerde
09:42:34.737 [Test worker] DEBUG io.micronaut.context.DefaultBeanContext --   class io.micronaut.serde.jsonb.JsonpValueSerde null Definition: io.micronaut.serde.jsonb.JsonpValueSerde
09:42:34.737 [Test worker] DEBUG io.micronaut.context.DefaultBeanContext --   class io.micronaut.serde.support.serdes.PriorityQueueSerde null Definition: io.micronaut.serde.support.serdes.PriorityQueueSerde
09:42:34.737 [Test worker] DEBUG io.micronaut.context.DefaultBeanContext --   class io.micronaut.serde.support.deserializers.ObjectDeserializer null Definition: io.micronaut.serde.support.deserializers.ObjectDeserializer Factory: io.micronaut.serde.support.LegacyBeansFactory#provideObjectDeserializer
09:42:34.737 [Test worker] DEBUG io.micronaut.context.DefaultBeanContext --   interface io.micronaut.serde.Deserializer @Any Definition: io.micronaut.serde.Deserializer Factory: io.micronaut.serde.support.LegacyBeansFactory#provideDeserializer
09:42:34.737 [Test worker] DEBUG io.micronaut.context.DefaultBeanContext --   class io.micronaut.serde.support.serdes.OffsetDateTimeSerde null Definition: io.micronaut.serde.support.serdes.OffsetDateTimeSerde Factory: io.micronaut.serde.support.LegacyBeansFactory#offsetDateTimeSerde
09:42:34.737 [Test worker] DEBUG io.micronaut.context.DefaultBeanContext --   class io.micronaut.serde.support.serdes.LocalTimeSerde null Definition: io.micronaut.serde.support.serdes.LocalTimeSerde Factory: io.micronaut.serde.support.LegacyBeansFactory#localTimeSerde
09:42:34.737 [Test worker] DEBUG io.micronaut.context.DefaultBeanContext --   class io.micronaut.serde.support.serdes.YearSerde null Definition: io.micronaut.serde.support.serdes.YearSerde Factory: io.micronaut.serde.support.LegacyBeansFactory#yearSerde
09:42:34.738 [Test worker] DEBUG io.micronaut.context.DefaultBeanContext -- Finding candidate beans for type: SerdeDeserializationPreInstantiateCallback
09:42:34.738 [Test worker] DEBUG io.micronaut.context.DefaultBeanContext -- No bean candidates found for type: SerdeDeserializationPreInstantiateCallback
09:42:34.738 [Test worker] DEBUG io.micronaut.context.lifecycle -- Created bean [io.micronaut.serde.support.DefaultSerdeRegistry@291a4791] from definition [Definition: io.micronaut.serde.support.DefaultSerdeRegistry] with qualifier [null]
09:42:34.738 [Test worker] DEBUG io.micronaut.context.DefaultBeanContext -- Finding candidate beans for type: SerdeJacksonConfiguration jacksonConfiguration
09:42:34.738 [Test worker] DEBUG io.micronaut.context.DefaultBeanContext --   class io.micronaut.serde.jackson.SerdeJacksonConfiguration null Definition: io.micronaut.serde.jackson.SerdeJacksonConfiguration
09:42:34.738 [Test worker] DEBUG io.micronaut.context.DefaultBeanContext -- Found concrete candidate [Definition: io.micronaut.serde.jackson.SerdeJacksonConfiguration] for type: jacksonConfiguration 
09:42:34.738 [Test worker] DEBUG io.micronaut.context.lifecycle -- Created bean [io.micronaut.serde.jackson.SerdeJacksonConfiguration@5b1e88f] from definition [Definition: io.micronaut.serde.jackson.SerdeJacksonConfiguration] with qualifier [null]
09:42:34.739 [Test worker] DEBUG io.micronaut.context.lifecycle -- Created bean [io.micronaut.serde.jackson.JacksonJsonMapper@6a1568d6] from definition [Definition: io.micronaut.serde.jackson.JacksonJsonMapper] with qualifier [null]
09:42:34.740 [Test worker] DEBUG io.micronaut.core.beans.DefaultBeanIntrospector -- Found BeanIntrospection for type: class ee.jakarta.tck.json.bind.customizedmapping.binarydata.model.BinaryDataContainer,
09:42:34.740 [Test worker] DEBUG io.micronaut.core.beans.DefaultBeanIntrospector -- Found BeanIntrospection for type: class ee.jakarta.tck.json.bind.customizedmapping.binarydata.model.BinaryDataContainer,
09:42:34.740 [Test worker] DEBUG io.micronaut.core.beans.DefaultBeanIntrospector -- Found BeanIntrospection for type: class ee.jakarta.tck.json.bind.customizedmapping.binarydata.model.BinaryDataContainer,
09:42:34.741 [Test worker] DEBUG io.micronaut.core.beans.DefaultBeanIntrospector -- Found BeanIntrospection for type: class ee.jakarta.tck.json.bind.customizedmapping.binarydata.model.BinaryDataContainer,
09:42:34.741 [Test worker] DEBUG io.micronaut.core.beans.DefaultBeanIntrospector -- Found BeanIntrospection for type: class ee.jakarta.tck.json.bind.customizedmapping.binarydata.model.BinaryDataContainer,
09:42:34.741 [Test worker] DEBUG io.micronaut.core.beans.DefaultBeanIntrospector -- Found BeanIntrospection for type: class ee.jakarta.tck.json.bind.customizedmapping.binarydata.model.BinaryDataContainer,
09:42:34.746 [Test worker] DEBUG io.micronaut.core.reflect.ClassUtils -- Reflectively retrieving hierarchy for class: class io.micronaut.serde.support.serdes.ZonedDateTimeSerde
09:42:34.746 [Test worker] DEBUG io.micronaut.core.reflect.ClassUtils -- Reflectively retrieving hierarchy for class: class io.micronaut.serde.support.deserializers.ObjectDeserializer
09:42:34.746 [Test worker] DEBUG io.micronaut.core.reflect.ClassUtils -- Reflectively retrieving hierarchy for class: class io.micronaut.serde.support.serdes.OffsetDateTimeSerde
09:42:34.746 [Test worker] DEBUG io.micronaut.core.reflect.ClassUtils -- Reflectively retrieving hierarchy for class: class io.micronaut.serde.support.serdes.LocalTimeSerde
09:42:34.746 [Test worker] DEBUG io.micronaut.core.reflect.ClassUtils -- Reflectively retrieving hierarchy for class: class io.micronaut.serde.support.serdes.InstantSerde
09:42:34.747 [Test worker] DEBUG io.micronaut.context.env.DefaultEnvironment -- Starting environment io.micronaut.context.env.DefaultEnvironment@284bdeed for active names []
09:42:34.747 [Test worker] DEBUG io.micronaut.context.env.DefaultEnvironment -- Processing property source: config convention: JAVA_PROPERTIES
09:42:34.747 [Test worker] DEBUG io.micronaut.context.DefaultBeanContext -- Starting BeanContext
09:42:34.747 [Test worker] DEBUG io.micronaut.context.DefaultBeanContext -- Resolving beans for type: io.micronaut.core.convert.TypeConverter
09:42:34.747 [Test worker] DEBUG io.micronaut.context.DefaultBeanContext -- Finding candidate beans for type: TypeConverter
09:42:34.747 [Test worker] DEBUG io.micronaut.context.DefaultBeanContext -- No bean candidates found for type: TypeConverter
09:42:34.747 [Test worker] DEBUG io.micronaut.context.DefaultBeanContext -- Resolving beans for type: io.micronaut.core.convert.TypeConverterRegistrar
09:42:34.747 [Test worker] DEBUG io.micronaut.context.DefaultBeanContext -- Finding candidate beans for type: TypeConverterRegistrar
09:42:34.747 [Test worker] DEBUG io.micronaut.context.DefaultBeanContext -- No bean candidates found for type: TypeConverterRegistrar
09:42:34.747 [Test worker] DEBUG io.micronaut.context.DefaultBeanContext -- BeanContext Started.
09:42:34.747 [Test worker] DEBUG io.micronaut.context.DefaultBeanContext -- Finding candidate beans for type: ObjectMapper
09:42:34.747 [Test worker] DEBUG io.micronaut.context.DefaultBeanContext --   class io.micronaut.serde.jackson.JacksonJsonMapper null Definition: io.micronaut.serde.jackson.JacksonJsonMapper
09:42:34.748 [Test worker] DEBUG io.micronaut.context.DefaultBeanContext -- Found concrete candidate [Definition: io.micronaut.serde.jackson.JacksonJsonMapper] for type: objectMapper 
09:42:34.748 [Test worker] DEBUG io.micronaut.context.DefaultBeanContext -- Finding candidate beans for type: SerdeRegistry registry
09:42:34.748 [Test worker] DEBUG io.micronaut.context.DefaultBeanContext --   class io.micronaut.serde.support.DefaultSerdeRegistry null Definition: io.micronaut.serde.support.DefaultSerdeRegistry
09:42:34.748 [Test worker] DEBUG io.micronaut.context.DefaultBeanContext -- Found concrete candidate [Definition: io.micronaut.serde.support.DefaultSerdeRegistry] for type: registry 
09:42:34.748 [Test worker] DEBUG io.micronaut.context.DefaultBeanContext -- Finding candidate beans for type: SerdeIntrospections introspections
09:42:34.748 [Test worker] DEBUG io.micronaut.context.DefaultBeanContext --   class io.micronaut.serde.support.DefaultSerdeIntrospections null Definition: io.micronaut.serde.support.DefaultSerdeIntrospections
09:42:34.748 [Test worker] DEBUG io.micronaut.context.DefaultBeanContext -- Found concrete candidate [Definition: io.micronaut.serde.support.DefaultSerdeIntrospections] for type: introspections 
09:42:34.748 [Test worker] DEBUG io.micronaut.context.DefaultBeanContext -- Finding candidate beans for type: SerdeConfiguration configuration
09:42:34.748 [Test worker] DEBUG io.micronaut.context.DefaultBeanContext --   class io.micronaut.serde.config.DefaultSerdeConfiguration null Definition: io.micronaut.serde.config.DefaultSerdeConfiguration
09:42:34.748 [Test worker] DEBUG io.micronaut.context.DefaultBeanContext -- Found concrete candidate [Definition: io.micronaut.serde.config.DefaultSerdeConfiguration] for type: configuration 
09:42:34.748 [Test worker] DEBUG io.micronaut.context.lifecycle -- Created bean [io.micronaut.serde.config.DefaultSerdeConfiguration@6af310c7] from definition [Definition: io.micronaut.serde.config.DefaultSerdeConfiguration] with qualifier [null]
09:42:34.748 [Test worker] DEBUG io.micronaut.context.lifecycle -- Created bean [io.micronaut.serde.support.DefaultSerdeIntrospections@4aed311e] from definition [Definition: io.micronaut.serde.support.DefaultSerdeIntrospections] with qualifier [null]
09:42:34.748 [Test worker] DEBUG io.micronaut.context.DefaultBeanContext -- Finding candidate beans for type: SerializationConfiguration serializationConfiguration
09:42:34.748 [Test worker] DEBUG io.micronaut.context.DefaultBeanContext --   class io.micronaut.serde.config.DefaultSerializationConfiguration null Definition: io.micronaut.serde.config.DefaultSerializationConfiguration
09:42:34.748 [Test worker] DEBUG io.micronaut.context.DefaultBeanContext -- Found concrete candidate [Definition: io.micronaut.serde.config.DefaultSerializationConfiguration] for type: serializationConfiguration 
09:42:34.748 [Test worker] DEBUG io.micronaut.context.lifecycle -- Created bean [io.micronaut.serde.config.DefaultSerializationConfiguration@4c38cd16] from definition [Definition: io.micronaut.serde.config.DefaultSerializationConfiguration] with qualifier [null]
09:42:34.748 [Test worker] DEBUG io.micronaut.context.DefaultBeanContext -- Finding candidate beans for type: DeserializationConfiguration deserializationConfiguration
09:42:34.748 [Test worker] DEBUG io.micronaut.context.DefaultBeanContext --   class io.micronaut.serde.config.DefaultDeserializationConfiguration null Definition: io.micronaut.serde.config.DefaultDeserializationConfiguration
09:42:34.748 [Test worker] DEBUG io.micronaut.context.DefaultBeanContext -- Found concrete candidate [Definition: io.micronaut.serde.config.DefaultDeserializationConfiguration] for type: deserializationConfiguration 
09:42:34.749 [Test worker] DEBUG io.micronaut.context.lifecycle -- Created bean [io.micronaut.serde.config.DefaultDeserializationConfiguration@7ddcb0dc] from definition [Definition: io.micronaut.serde.config.DefaultDeserializationConfiguration] with qualifier [null]
09:42:34.749 [Test worker] DEBUG io.micronaut.context.DefaultBeanContext -- Finding candidate beans for type: Serializer
09:42:34.749 [Test worker] DEBUG io.micronaut.context.condition.Condition -- Bean [Definition: io.micronaut.serde.support.serdes.HealthStatusSerde] will not be loaded due to failing conditions:
09:42:34.749 [Test worker] DEBUG io.micronaut.context.condition.Condition -- * Class [io.micronaut.health.HealthStatus] is not present
09:42:34.749 [Test worker] DEBUG io.micronaut.context.DefaultBeanContext --   class io.micronaut.serde.support.serdes.InstantSerde null Definition: io.micronaut.serde.support.serdes.InstantSerde Factory: io.micronaut.serde.support.LegacyBeansFactory#instantSerde
09:42:34.749 [Test worker] DEBUG io.micronaut.context.DefaultBeanContext --   interface io.micronaut.serde.Serializer @Any Definition: io.micronaut.serde.Serializer Factory: io.micronaut.serde.support.LegacyBeansFactory#provideSerializer
09:42:34.749 [Test worker] DEBUG io.micronaut.context.DefaultBeanContext --   class io.micronaut.serde.support.serdes.ObjectArraySerde null Definition: io.micronaut.serde.support.serdes.ObjectArraySerde Factory: io.micronaut.serde.support.LegacyBeansFactory#provideObjectArraySerde
09:42:34.749 [Test worker] DEBUG io.micronaut.context.DefaultBeanContext --   class io.micronaut.serde.support.serdes.LocalDateTimeSerde null Definition: io.micronaut.serde.support.serdes.LocalDateTimeSerde Factory: io.micronaut.serde.support.LegacyBeansFactory#localDateTimeSerde
09:42:34.749 [Test worker] DEBUG io.micronaut.context.DefaultBeanContext --   class io.micronaut.serde.support.serdes.InetAddressSerde null Definition: io.micronaut.serde.support.serdes.InetAddressSerde Factory: io.micronaut.serde.support.LegacyBeansFactory#inetAddressSerde
09:42:34.749 [Test worker] DEBUG io.micronaut.context.DefaultBeanContext --   class io.micronaut.serde.support.deserializers.SerdeHealthResultDeserializer_HealthResultDtoSerializer null Definition: io.micronaut.serde.support.deserializers.SerdeHealthResultDeserializer_HealthResultDtoSerializer
09:42:34.749 [Test worker] DEBUG io.micronaut.context.DefaultBeanContext --   interface io.micronaut.serde.Serde @Any Definition: io.micronaut.serde.Serde Factory: io.micronaut.serde.support.LegacyBeansFactory#provideSerde
09:42:34.749 [Test worker] DEBUG io.micronaut.context.DefaultBeanContext --   class io.micronaut.serde.support.serdes.LocalDateSerde null Definition: io.micronaut.serde.support.serdes.LocalDateSerde Factory: io.micronaut.serde.support.LegacyBeansFactory#localDateSerde
09:42:34.749 [Test worker] DEBUG io.micronaut.context.DefaultBeanContext --   class io.micronaut.serde.support.serdes.ZonedDateTimeSerde null Definition: io.micronaut.serde.support.serdes.ZonedDateTimeSerde Factory: io.micronaut.serde.support.LegacyBeansFactory#zonedDateTimeSerde
09:42:34.749 [Test worker] DEBUG io.micronaut.context.DefaultBeanContext --   class io.micronaut.serde.support.serializers.ObjectSerializer null Definition: io.micronaut.serde.support.serializers.ObjectSerializer Factory: io.micronaut.serde.support.LegacyBeansFactory#provideObjectSerializer
09:42:34.749 [Test worker] DEBUG io.micronaut.context.DefaultBeanContext --   class io.micronaut.serde.jsonb.JsonpValueSerde null Definition: io.micronaut.serde.jsonb.JsonpValueSerde
09:42:34.749 [Test worker] DEBUG io.micronaut.context.DefaultBeanContext --   class io.micronaut.serde.support.serdes.PriorityQueueSerde null Definition: io.micronaut.serde.support.serdes.PriorityQueueSerde
09:42:34.749 [Test worker] DEBUG io.micronaut.context.DefaultBeanContext --   class io.micronaut.serde.support.serdes.OffsetDateTimeSerde null Definition: io.micronaut.serde.support.serdes.OffsetDateTimeSerde Factory: io.micronaut.serde.support.LegacyBeansFactory#offsetDateTimeSerde
09:42:34.749 [Test worker] DEBUG io.micronaut.context.DefaultBeanContext --   class io.micronaut.serde.support.serdes.LocalTimeSerde null Definition: io.micronaut.serde.support.serdes.LocalTimeSerde Factory: io.micronaut.serde.support.LegacyBeansFactory#localTimeSerde
09:42:34.749 [Test worker] DEBUG io.micronaut.context.DefaultBeanContext --   class io.micronaut.serde.support.serdes.YearSerde null Definition: io.micronaut.serde.support.serdes.YearSerde Factory: io.micronaut.serde.support.LegacyBeansFactory#yearSerde
09:42:34.749 [Test worker] DEBUG io.micronaut.context.DefaultBeanContext -- Finding candidate beans for type: Deserializer
09:42:34.749 [Test worker] DEBUG io.micronaut.context.condition.Condition -- Bean [Definition: io.micronaut.serde.support.deserializers.HealthResultDeserializer] will not be loaded due to failing conditions:
09:42:34.749 [Test worker] DEBUG io.micronaut.context.condition.Condition -- * Class [io.micronaut.management.health.indicator.HealthResult] is not present
09:42:34.749 [Test worker] DEBUG io.micronaut.context.DefaultBeanContext --   class io.micronaut.serde.support.serdes.InstantSerde null Definition: io.micronaut.serde.support.serdes.InstantSerde Factory: io.micronaut.serde.support.LegacyBeansFactory#instantSerde
09:42:34.749 [Test worker] DEBUG io.micronaut.context.DefaultBeanContext --   class io.micronaut.serde.support.deserializers.SerdeHealthResultDeserializer_HealthResultDtoDeserializer null Definition: io.micronaut.serde.support.deserializers.SerdeHealthResultDeserializer_HealthResultDtoDeserializer
09:42:34.749 [Test worker] DEBUG io.micronaut.context.DefaultBeanContext --   class io.micronaut.serde.support.serdes.ObjectArraySerde null Definition: io.micronaut.serde.support.serdes.ObjectArraySerde Factory: io.micronaut.serde.support.LegacyBeansFactory#provideObjectArraySerde
09:42:34.749 [Test worker] DEBUG io.micronaut.context.DefaultBeanContext --   class io.micronaut.serde.support.serdes.LocalDateTimeSerde null Definition: io.micronaut.serde.support.serdes.LocalDateTimeSerde Factory: io.micronaut.serde.support.LegacyBeansFactory#localDateTimeSerde
09:42:34.749 [Test worker] DEBUG io.micronaut.context.DefaultBeanContext --   class io.micronaut.serde.support.serdes.InetAddressSerde null Definition: io.micronaut.serde.support.serdes.InetAddressSerde Factory: io.micronaut.serde.support.LegacyBeansFactory#inetAddressSerde
09:42:34.749 [Test worker] DEBUG io.micronaut.context.DefaultBeanContext --   interface io.micronaut.serde.Serde @Any Definition: io.micronaut.serde.Serde Factory: io.micronaut.serde.support.LegacyBeansFactory#provideSerde
09:42:34.749 [Test worker] DEBUG io.micronaut.context.DefaultBeanContext --   class io.micronaut.serde.support.serdes.LocalDateSerde null Definition: io.micronaut.serde.support.serdes.LocalDateSerde Factory: io.micronaut.serde.support.LegacyBeansFactory#localDateSerde
09:42:34.749 [Test worker] DEBUG io.micronaut.context.DefaultBeanContext --   class io.micronaut.serde.support.serdes.ZonedDateTimeSerde null Definition: io.micronaut.serde.support.serdes.ZonedDateTimeSerde Factory: io.micronaut.serde.support.LegacyBeansFactory#zonedDateTimeSerde
09:42:34.749 [Test worker] DEBUG io.micronaut.context.DefaultBeanContext --   class io.micronaut.serde.jsonb.JsonpValueSerde null Definition: io.micronaut.serde.jsonb.JsonpValueSerde
09:42:34.749 [Test worker] DEBUG io.micronaut.context.DefaultBeanContext --   class io.micronaut.serde.support.serdes.PriorityQueueSerde null Definition: io.micronaut.serde.support.serdes.PriorityQueueSerde
09:42:34.749 [Test worker] DEBUG io.micronaut.context.DefaultBeanContext --   class io.micronaut.serde.support.deserializers.ObjectDeserializer null Definition: io.micronaut.serde.support.deserializers.ObjectDeserializer Factory: io.micronaut.serde.support.LegacyBeansFactory#provideObjectDeserializer
09:42:34.749 [Test worker] DEBUG io.micronaut.context.DefaultBeanContext --   interface io.micronaut.serde.Deserializer @Any Definition: io.micronaut.serde.Deserializer Factory: io.micronaut.serde.support.LegacyBeansFactory#provideDeserializer
09:42:34.749 [Test worker] DEBUG io.micronaut.context.DefaultBeanContext --   class io.micronaut.serde.support.serdes.OffsetDateTimeSerde null Definition: io.micronaut.serde.support.serdes.OffsetDateTimeSerde Factory: io.micronaut.serde.support.LegacyBeansFactory#offsetDateTimeSerde
09:42:34.749 [Test worker] DEBUG io.micronaut.context.DefaultBeanContext --   class io.micronaut.serde.support.serdes.LocalTimeSerde null Definition: io.micronaut.serde.support.serdes.LocalTimeSerde Factory: io.micronaut.serde.support.LegacyBeansFactory#localTimeSerde
09:42:34.749 [Test worker] DEBUG io.micronaut.context.DefaultBeanContext --   class io.micronaut.serde.support.serdes.YearSerde null Definition: io.micronaut.serde.support.serdes.YearSerde Factory: io.micronaut.serde.support.LegacyBeansFactory#yearSerde
09:42:34.750 [Test worker] DEBUG io.micronaut.context.DefaultBeanContext -- Finding candidate beans for type: SerdeDeserializationPreInstantiateCallback
09:42:34.750 [Test worker] DEBUG io.micronaut.context.DefaultBeanContext -- No bean candidates found for type: SerdeDeserializationPreInstantiateCallback
09:42:34.750 [Test worker] DEBUG io.micronaut.context.lifecycle -- Created bean [io.micronaut.serde.support.DefaultSerdeRegistry@f5bf288] from definition [Definition: io.micronaut.serde.support.DefaultSerdeRegistry] with qualifier [null]
09:42:34.750 [Test worker] DEBUG io.micronaut.context.DefaultBeanContext -- Finding candidate beans for type: SerdeJacksonConfiguration jacksonConfiguration
09:42:34.750 [Test worker] DEBUG io.micronaut.context.DefaultBeanContext --   class io.micronaut.serde.jackson.SerdeJacksonConfiguration null Definition: io.micronaut.serde.jackson.SerdeJacksonConfiguration
09:42:34.750 [Test worker] DEBUG io.micronaut.context.DefaultBeanContext -- Found concrete candidate [Definition: io.micronaut.serde.jackson.SerdeJacksonConfiguration] for type: jacksonConfiguration 
09:42:34.750 [Test worker] DEBUG io.micronaut.context.lifecycle -- Created bean [io.micronaut.serde.jackson.SerdeJacksonConfiguration@2c1d57bc] from definition [Definition: io.micronaut.serde.jackson.SerdeJacksonConfiguration] with qualifier [null]
09:42:34.750 [Test worker] DEBUG io.micronaut.context.lifecycle -- Created bean [io.micronaut.serde.jackson.JacksonJsonMapper@3e856100] from definition [Definition: io.micronaut.serde.jackson.JacksonJsonMapper] with qualifier [null]
09:42:34.752 [Test worker] DEBUG io.micronaut.core.beans.DefaultBeanIntrospector -- Found BeanIntrospection for type: class ee.jakarta.tck.json.bind.customizedmapping.binarydata.model.BinaryDataContainer,
09:42:34.753 [Test worker] DEBUG io.micronaut.core.beans.DefaultBeanIntrospector -- Found BeanIntrospection for type: class ee.jakarta.tck.json.bind.customizedmapping.binarydata.model.BinaryDataContainer,
09:42:34.753 [Test worker] DEBUG io.micronaut.core.beans.DefaultBeanIntrospector -- Found BeanIntrospection for type: class ee.jakarta.tck.json.bind.customizedmapping.binarydata.model.BinaryDataContainer,
09:42:34.753 [Test worker] DEBUG io.micronaut.core.beans.DefaultBeanIntrospector -- Found BeanIntrospection for type: class ee.jakarta.tck.json.bind.customizedmapping.binarydata.model.BinaryDataContainer,
09:42:34.753 [Test worker] DEBUG io.micronaut.core.beans.DefaultBeanIntrospector -- Found BeanIntrospection for type: class ee.jakarta.tck.json.bind.customizedmapping.binarydata.model.BinaryDataContainer,
09:42:34.753 [Test worker] DEBUG io.micronaut.core.beans.DefaultBeanIntrospector -- Found BeanIntrospection for type: class ee.jakarta.tck.json.bind.customizedmapping.binarydata.model.BinaryDataContainer,
]]></system-out>
  <system-err><![CDATA[]]></system-err>
</testsuite>
