<?xml version="1.0" encoding="UTF-8"?>
<testsuite name="ee.jakarta.tck.json.bind.customizedmapping.ijson.IJsonSupportTest" tests="9" skipped="0" failures="0" errors="0" timestamp="SANITIZED" hostname="SANITIZED" time="0">
  <properties/>
  <testcase name="testStrictNonObjectOrArrayTopLevel()" classname="ee.jakarta.tck.json.bind.customizedmapping.ijson.IJsonSupportTest" time="0"/>
  <testcase name="testStrictGregorianCalendar()" classname="ee.jakarta.tck.json.bind.customizedmapping.ijson.IJsonSupportTest" time="0"/>
  <testcase name="testStrictInstant()" classname="ee.jakarta.tck.json.bind.customizedmapping.ijson.IJsonSupportTest" time="0"/>
  <testcase name="testStrictLocalDateTime()" classname="ee.jakarta.tck.json.bind.customizedmapping.ijson.IJsonSupportTest" time="0"/>
  <testcase name="testStrictDuration()" classname="ee.jakarta.tck.json.bind.customizedmapping.ijson.IJsonSupportTest" time="0"/>
  <testcase name="testStrictCalendar()" classname="ee.jakarta.tck.json.bind.customizedmapping.ijson.IJsonSupportTest" time="0"/>
  <testcase name="testStrictDate()" classname="ee.jakarta.tck.json.bind.customizedmapping.ijson.IJsonSupportTest" time="0"/>
  <testcase name="testStrictBinaryDataEncoding()" classname="ee.jakarta.tck.json.bind.customizedmapping.ijson.IJsonSupportTest" time="0"/>
  <testcase name="testStrictLocalDate()" classname="ee.jakarta.tck.json.bind.customizedmapping.ijson.IJsonSupportTest" time="0"/>
  <system-out><![CDATA[10:03:13.784 [Test worker] DEBUG io.micronaut.core.reflect.ClassUtils -- Reflectively retrieving hierarchy for class: class io.micronaut.serde.support.serdes.ZonedDateTimeSerde
10:03:13.784 [Test worker] DEBUG io.micronaut.core.reflect.ClassUtils -- Reflectively retrieving hierarchy for class: class io.micronaut.serde.support.deserializers.ObjectDeserializer
10:03:13.784 [Test worker] DEBUG io.micronaut.core.reflect.ClassUtils -- Reflectively retrieving hierarchy for class: class io.micronaut.serde.support.serdes.OffsetDateTimeSerde
10:03:13.784 [Test worker] DEBUG io.micronaut.core.reflect.ClassUtils -- Reflectively retrieving hierarchy for class: class io.micronaut.serde.support.serdes.LocalTimeSerde
10:03:13.784 [Test worker] DEBUG io.micronaut.core.reflect.ClassUtils -- Reflectively retrieving hierarchy for class: class io.micronaut.serde.support.serdes.InstantSerde
10:03:13.785 [Test worker] DEBUG io.micronaut.context.env.DefaultEnvironment -- Starting environment io.micronaut.context.env.DefaultEnvironment@5cc3e49b for active names []
10:03:13.785 [Test worker] DEBUG io.micronaut.context.env.DefaultEnvironment -- Processing property source: config convention: JAVA_PROPERTIES
10:03:13.786 [Test worker] DEBUG io.micronaut.context.DefaultBeanContext -- Starting BeanContext
10:03:13.786 [Test worker] DEBUG io.micronaut.context.DefaultBeanContext -- Resolving beans for type: io.micronaut.core.convert.TypeConverter
10:03:13.786 [Test worker] DEBUG io.micronaut.context.DefaultBeanContext -- Finding candidate beans for type: TypeConverter
10:03:13.786 [Test worker] DEBUG io.micronaut.context.DefaultBeanContext -- No bean candidates found for type: TypeConverter
10:03:13.786 [Test worker] DEBUG io.micronaut.context.DefaultBeanContext -- Resolving beans for type: io.micronaut.core.convert.TypeConverterRegistrar
10:03:13.786 [Test worker] DEBUG io.micronaut.context.DefaultBeanContext -- Finding candidate beans for type: TypeConverterRegistrar
10:03:13.786 [Test worker] DEBUG io.micronaut.context.DefaultBeanContext -- No bean candidates found for type: TypeConverterRegistrar
10:03:13.786 [Test worker] DEBUG io.micronaut.context.DefaultBeanContext -- BeanContext Started.
10:03:13.786 [Test worker] DEBUG io.micronaut.context.DefaultBeanContext -- Finding candidate beans for type: ObjectMapper
10:03:13.786 [Test worker] DEBUG io.micronaut.context.DefaultBeanContext --   class io.micronaut.serde.jackson.JacksonJsonMapper null Definition: io.micronaut.serde.jackson.JacksonJsonMapper
10:03:13.786 [Test worker] DEBUG io.micronaut.context.DefaultBeanContext -- Found concrete candidate [Definition: io.micronaut.serde.jackson.JacksonJsonMapper] for type: objectMapper 
10:03:13.786 [Test worker] DEBUG io.micronaut.context.DefaultBeanContext -- Finding candidate beans for type: SerdeRegistry registry
10:03:13.786 [Test worker] DEBUG io.micronaut.context.DefaultBeanContext --   class io.micronaut.serde.support.DefaultSerdeRegistry null Definition: io.micronaut.serde.support.DefaultSerdeRegistry
10:03:13.786 [Test worker] DEBUG io.micronaut.context.DefaultBeanContext -- Found concrete candidate [Definition: io.micronaut.serde.support.DefaultSerdeRegistry] for type: registry 
10:03:13.786 [Test worker] DEBUG io.micronaut.context.DefaultBeanContext -- Finding candidate beans for type: SerdeIntrospections introspections
10:03:13.786 [Test worker] DEBUG io.micronaut.context.DefaultBeanContext --   class io.micronaut.serde.support.DefaultSerdeIntrospections null Definition: io.micronaut.serde.support.DefaultSerdeIntrospections
10:03:13.786 [Test worker] DEBUG io.micronaut.context.DefaultBeanContext -- Found concrete candidate [Definition: io.micronaut.serde.support.DefaultSerdeIntrospections] for type: introspections 
10:03:13.786 [Test worker] DEBUG io.micronaut.context.DefaultBeanContext -- Finding candidate beans for type: SerdeConfiguration configuration
10:03:13.786 [Test worker] DEBUG io.micronaut.context.DefaultBeanContext --   class io.micronaut.serde.config.DefaultSerdeConfiguration null Definition: io.micronaut.serde.config.DefaultSerdeConfiguration
10:03:13.786 [Test worker] DEBUG io.micronaut.context.DefaultBeanContext -- Found concrete candidate [Definition: io.micronaut.serde.config.DefaultSerdeConfiguration] for type: configuration 
10:03:13.786 [Test worker] DEBUG io.micronaut.context.lifecycle -- Created bean [io.micronaut.serde.config.DefaultSerdeConfiguration@2ab9e43e] from definition [Definition: io.micronaut.serde.config.DefaultSerdeConfiguration] with qualifier [null]
10:03:13.786 [Test worker] DEBUG io.micronaut.context.lifecycle -- Created bean [io.micronaut.serde.support.DefaultSerdeIntrospections@10dfa7ef] from definition [Definition: io.micronaut.serde.support.DefaultSerdeIntrospections] with qualifier [null]
10:03:13.786 [Test worker] DEBUG io.micronaut.context.DefaultBeanContext -- Finding candidate beans for type: SerializationConfiguration serializationConfiguration
10:03:13.786 [Test worker] DEBUG io.micronaut.context.DefaultBeanContext --   class io.micronaut.serde.config.DefaultSerializationConfiguration null Definition: io.micronaut.serde.config.DefaultSerializationConfiguration
10:03:13.786 [Test worker] DEBUG io.micronaut.context.DefaultBeanContext -- Found concrete candidate [Definition: io.micronaut.serde.config.DefaultSerializationConfiguration] for type: serializationConfiguration 
10:03:13.787 [Test worker] DEBUG io.micronaut.context.lifecycle -- Created bean [io.micronaut.serde.config.DefaultSerializationConfiguration@4fd80300] from definition [Definition: io.micronaut.serde.config.DefaultSerializationConfiguration] with qualifier [null]
10:03:13.787 [Test worker] DEBUG io.micronaut.context.DefaultBeanContext -- Finding candidate beans for type: DeserializationConfiguration deserializationConfiguration
10:03:13.787 [Test worker] DEBUG io.micronaut.context.DefaultBeanContext --   class io.micronaut.serde.config.DefaultDeserializationConfiguration null Definition: io.micronaut.serde.config.DefaultDeserializationConfiguration
10:03:13.787 [Test worker] DEBUG io.micronaut.context.DefaultBeanContext -- Found concrete candidate [Definition: io.micronaut.serde.config.DefaultDeserializationConfiguration] for type: deserializationConfiguration 
10:03:13.787 [Test worker] DEBUG io.micronaut.context.lifecycle -- Created bean [io.micronaut.serde.config.DefaultDeserializationConfiguration@1805383] from definition [Definition: io.micronaut.serde.config.DefaultDeserializationConfiguration] with qualifier [null]
10:03:13.787 [Test worker] DEBUG io.micronaut.context.DefaultBeanContext -- Finding candidate beans for type: Serializer
10:03:13.787 [Test worker] DEBUG io.micronaut.context.condition.Condition -- Bean [Definition: io.micronaut.serde.support.serdes.HealthStatusSerde] will not be loaded due to failing conditions:
10:03:13.787 [Test worker] DEBUG io.micronaut.context.condition.Condition -- * Class [io.micronaut.health.HealthStatus] is not present
10:03:13.787 [Test worker] DEBUG io.micronaut.context.DefaultBeanContext --   class io.micronaut.serde.support.serdes.InstantSerde null Definition: io.micronaut.serde.support.serdes.InstantSerde Factory: io.micronaut.serde.support.LegacyBeansFactory#instantSerde
10:03:13.787 [Test worker] DEBUG io.micronaut.context.DefaultBeanContext --   interface io.micronaut.serde.Serde @Any Definition: io.micronaut.serde.Serde Factory: io.micronaut.serde.support.LegacyBeansFactory#provideSerde
10:03:13.787 [Test worker] DEBUG io.micronaut.context.DefaultBeanContext --   class io.micronaut.serde.support.serdes.ZonedDateTimeSerde null Definition: io.micronaut.serde.support.serdes.ZonedDateTimeSerde Factory: io.micronaut.serde.support.LegacyBeansFactory#zonedDateTimeSerde
10:03:13.787 [Test worker] DEBUG io.micronaut.context.DefaultBeanContext --   class io.micronaut.serde.support.deserializers.SerdeHealthResultDeserializer_HealthResultDtoSerializer null Definition: io.micronaut.serde.support.deserializers.SerdeHealthResultDeserializer_HealthResultDtoSerializer
10:03:13.787 [Test worker] DEBUG io.micronaut.context.DefaultBeanContext --   interface io.micronaut.serde.Serializer @Any Definition: io.micronaut.serde.Serializer Factory: io.micronaut.serde.support.LegacyBeansFactory#provideSerializer
10:03:13.787 [Test worker] DEBUG io.micronaut.context.DefaultBeanContext --   class io.micronaut.serde.support.serdes.OffsetDateTimeSerde null Definition: io.micronaut.serde.support.serdes.OffsetDateTimeSerde Factory: io.micronaut.serde.support.LegacyBeansFactory#offsetDateTimeSerde
10:03:13.787 [Test worker] DEBUG io.micronaut.context.DefaultBeanContext --   class io.micronaut.serde.support.serdes.InetAddressSerde null Definition: io.micronaut.serde.support.serdes.InetAddressSerde Factory: io.micronaut.serde.support.LegacyBeansFactory#inetAddressSerde
10:03:13.787 [Test worker] DEBUG io.micronaut.context.DefaultBeanContext --   class io.micronaut.serde.jsonb.JsonpValueSerde null Definition: io.micronaut.serde.jsonb.JsonpValueSerde
10:03:13.787 [Test worker] DEBUG io.micronaut.context.DefaultBeanContext --   class io.micronaut.serde.support.serializers.ObjectSerializer null Definition: io.micronaut.serde.support.serializers.ObjectSerializer Factory: io.micronaut.serde.support.LegacyBeansFactory#provideObjectSerializer
10:03:13.787 [Test worker] DEBUG io.micronaut.context.DefaultBeanContext --   class io.micronaut.serde.support.serdes.LocalTimeSerde null Definition: io.micronaut.serde.support.serdes.LocalTimeSerde Factory: io.micronaut.serde.support.LegacyBeansFactory#localTimeSerde
10:03:13.787 [Test worker] DEBUG io.micronaut.context.DefaultBeanContext --   class io.micronaut.serde.support.serdes.PriorityQueueSerde null Definition: io.micronaut.serde.support.serdes.PriorityQueueSerde
10:03:13.787 [Test worker] DEBUG io.micronaut.context.DefaultBeanContext --   class io.micronaut.serde.support.serdes.YearSerde null Definition: io.micronaut.serde.support.serdes.YearSerde Factory: io.micronaut.serde.support.LegacyBeansFactory#yearSerde
10:03:13.787 [Test worker] DEBUG io.micronaut.context.DefaultBeanContext --   class io.micronaut.serde.support.serdes.LocalDateTimeSerde null Definition: io.micronaut.serde.support.serdes.LocalDateTimeSerde Factory: io.micronaut.serde.support.LegacyBeansFactory#localDateTimeSerde
10:03:13.787 [Test worker] DEBUG io.micronaut.context.DefaultBeanContext --   class io.micronaut.serde.support.serdes.LocalDateSerde null Definition: io.micronaut.serde.support.serdes.LocalDateSerde Factory: io.micronaut.serde.support.LegacyBeansFactory#localDateSerde
10:03:13.787 [Test worker] DEBUG io.micronaut.context.DefaultBeanContext --   class io.micronaut.serde.support.serdes.ObjectArraySerde null Definition: io.micronaut.serde.support.serdes.ObjectArraySerde Factory: io.micronaut.serde.support.LegacyBeansFactory#provideObjectArraySerde
10:03:13.787 [Test worker] DEBUG io.micronaut.context.DefaultBeanContext -- Finding candidate beans for type: Deserializer
10:03:13.787 [Test worker] DEBUG io.micronaut.context.condition.Condition -- Bean [Definition: io.micronaut.serde.support.deserializers.HealthResultDeserializer] will not be loaded due to failing conditions:
10:03:13.787 [Test worker] DEBUG io.micronaut.context.condition.Condition -- * Class [io.micronaut.management.health.indicator.HealthResult] is not present
10:03:13.787 [Test worker] DEBUG io.micronaut.context.DefaultBeanContext --   class io.micronaut.serde.support.serdes.InstantSerde null Definition: io.micronaut.serde.support.serdes.InstantSerde Factory: io.micronaut.serde.support.LegacyBeansFactory#instantSerde
10:03:13.787 [Test worker] DEBUG io.micronaut.context.DefaultBeanContext --   interface io.micronaut.serde.Serde @Any Definition: io.micronaut.serde.Serde Factory: io.micronaut.serde.support.LegacyBeansFactory#provideSerde
10:03:13.787 [Test worker] DEBUG io.micronaut.context.DefaultBeanContext --   class io.micronaut.serde.support.deserializers.SerdeHealthResultDeserializer_HealthResultDtoDeserializer null Definition: io.micronaut.serde.support.deserializers.SerdeHealthResultDeserializer_HealthResultDtoDeserializer
10:03:13.787 [Test worker] DEBUG io.micronaut.context.DefaultBeanContext --   class io.micronaut.serde.support.serdes.ZonedDateTimeSerde null Definition: io.micronaut.serde.support.serdes.ZonedDateTimeSerde Factory: io.micronaut.serde.support.LegacyBeansFactory#zonedDateTimeSerde
10:03:13.787 [Test worker] DEBUG io.micronaut.context.DefaultBeanContext --   class io.micronaut.serde.support.serdes.OffsetDateTimeSerde null Definition: io.micronaut.serde.support.serdes.OffsetDateTimeSerde Factory: io.micronaut.serde.support.LegacyBeansFactory#offsetDateTimeSerde
10:03:13.787 [Test worker] DEBUG io.micronaut.context.DefaultBeanContext --   class io.micronaut.serde.support.serdes.InetAddressSerde null Definition: io.micronaut.serde.support.serdes.InetAddressSerde Factory: io.micronaut.serde.support.LegacyBeansFactory#inetAddressSerde
10:03:13.787 [Test worker] DEBUG io.micronaut.context.DefaultBeanContext --   class io.micronaut.serde.support.deserializers.ObjectDeserializer null Definition: io.micronaut.serde.support.deserializers.ObjectDeserializer Factory: io.micronaut.serde.support.LegacyBeansFactory#provideObjectDeserializer
10:03:13.787 [Test worker] DEBUG io.micronaut.context.DefaultBeanContext --   class io.micronaut.serde.jsonb.JsonpValueSerde null Definition: io.micronaut.serde.jsonb.JsonpValueSerde
10:03:13.787 [Test worker] DEBUG io.micronaut.context.DefaultBeanContext --   class io.micronaut.serde.support.serdes.LocalTimeSerde null Definition: io.micronaut.serde.support.serdes.LocalTimeSerde Factory: io.micronaut.serde.support.LegacyBeansFactory#localTimeSerde
10:03:13.787 [Test worker] DEBUG io.micronaut.context.DefaultBeanContext --   class io.micronaut.serde.support.serdes.PriorityQueueSerde null Definition: io.micronaut.serde.support.serdes.PriorityQueueSerde
10:03:13.787 [Test worker] DEBUG io.micronaut.context.DefaultBeanContext --   interface io.micronaut.serde.Deserializer @Any Definition: io.micronaut.serde.Deserializer Factory: io.micronaut.serde.support.LegacyBeansFactory#provideDeserializer
10:03:13.787 [Test worker] DEBUG io.micronaut.context.DefaultBeanContext --   class io.micronaut.serde.support.serdes.YearSerde null Definition: io.micronaut.serde.support.serdes.YearSerde Factory: io.micronaut.serde.support.LegacyBeansFactory#yearSerde
10:03:13.787 [Test worker] DEBUG io.micronaut.context.DefaultBeanContext --   class io.micronaut.serde.support.serdes.LocalDateTimeSerde null Definition: io.micronaut.serde.support.serdes.LocalDateTimeSerde Factory: io.micronaut.serde.support.LegacyBeansFactory#localDateTimeSerde
10:03:13.787 [Test worker] DEBUG io.micronaut.context.DefaultBeanContext --   class io.micronaut.serde.support.serdes.LocalDateSerde null Definition: io.micronaut.serde.support.serdes.LocalDateSerde Factory: io.micronaut.serde.support.LegacyBeansFactory#localDateSerde
10:03:13.787 [Test worker] DEBUG io.micronaut.context.DefaultBeanContext --   class io.micronaut.serde.support.serdes.ObjectArraySerde null Definition: io.micronaut.serde.support.serdes.ObjectArraySerde Factory: io.micronaut.serde.support.LegacyBeansFactory#provideObjectArraySerde
10:03:13.789 [Test worker] DEBUG io.micronaut.context.DefaultBeanContext -- Finding candidate beans for type: SerdeDeserializationPreInstantiateCallback
10:03:13.789 [Test worker] DEBUG io.micronaut.context.DefaultBeanContext -- No bean candidates found for type: SerdeDeserializationPreInstantiateCallback
10:03:13.789 [Test worker] DEBUG io.micronaut.context.lifecycle -- Created bean [io.micronaut.serde.support.DefaultSerdeRegistry@5a06904] from definition [Definition: io.micronaut.serde.support.DefaultSerdeRegistry] with qualifier [null]
10:03:13.789 [Test worker] DEBUG io.micronaut.context.DefaultBeanContext -- Finding candidate beans for type: SerdeJacksonConfiguration jacksonConfiguration
10:03:13.789 [Test worker] DEBUG io.micronaut.context.DefaultBeanContext --   class io.micronaut.serde.jackson.SerdeJacksonConfiguration null Definition: io.micronaut.serde.jackson.SerdeJacksonConfiguration
10:03:13.789 [Test worker] DEBUG io.micronaut.context.DefaultBeanContext -- Found concrete candidate [Definition: io.micronaut.serde.jackson.SerdeJacksonConfiguration] for type: jacksonConfiguration 
10:03:13.789 [Test worker] DEBUG io.micronaut.context.lifecycle -- Created bean [io.micronaut.serde.jackson.SerdeJacksonConfiguration@fabef2e] from definition [Definition: io.micronaut.serde.jackson.SerdeJacksonConfiguration] with qualifier [null]
10:03:13.789 [Test worker] DEBUG io.micronaut.context.lifecycle -- Created bean [io.micronaut.serde.jackson.JacksonJsonMapper@7e848aea] from definition [Definition: io.micronaut.serde.jackson.JacksonJsonMapper] with qualifier [null]
10:03:13.795 [Test worker] DEBUG io.micronaut.core.reflect.ClassUtils -- Reflectively retrieving hierarchy for class: class io.micronaut.serde.support.serdes.ZonedDateTimeSerde
10:03:13.795 [Test worker] DEBUG io.micronaut.core.reflect.ClassUtils -- Reflectively retrieving hierarchy for class: class io.micronaut.serde.support.deserializers.ObjectDeserializer
10:03:13.795 [Test worker] DEBUG io.micronaut.core.reflect.ClassUtils -- Reflectively retrieving hierarchy for class: class io.micronaut.serde.support.serdes.OffsetDateTimeSerde
10:03:13.795 [Test worker] DEBUG io.micronaut.core.reflect.ClassUtils -- Reflectively retrieving hierarchy for class: class io.micronaut.serde.support.serdes.LocalTimeSerde
10:03:13.795 [Test worker] DEBUG io.micronaut.core.reflect.ClassUtils -- Reflectively retrieving hierarchy for class: class io.micronaut.serde.support.serdes.InstantSerde
10:03:13.796 [Test worker] DEBUG io.micronaut.context.env.DefaultEnvironment -- Starting environment io.micronaut.context.env.DefaultEnvironment@29b5533 for active names []
10:03:13.796 [Test worker] DEBUG io.micronaut.context.env.DefaultEnvironment -- Processing property source: config convention: JAVA_PROPERTIES
10:03:13.796 [Test worker] DEBUG io.micronaut.context.DefaultBeanContext -- Starting BeanContext
10:03:13.796 [Test worker] DEBUG io.micronaut.context.DefaultBeanContext -- Resolving beans for type: io.micronaut.core.convert.TypeConverter
10:03:13.796 [Test worker] DEBUG io.micronaut.context.DefaultBeanContext -- Finding candidate beans for type: TypeConverter
10:03:13.796 [Test worker] DEBUG io.micronaut.context.DefaultBeanContext -- No bean candidates found for type: TypeConverter
10:03:13.796 [Test worker] DEBUG io.micronaut.context.DefaultBeanContext -- Resolving beans for type: io.micronaut.core.convert.TypeConverterRegistrar
10:03:13.796 [Test worker] DEBUG io.micronaut.context.DefaultBeanContext -- Finding candidate beans for type: TypeConverterRegistrar
10:03:13.796 [Test worker] DEBUG io.micronaut.context.DefaultBeanContext -- No bean candidates found for type: TypeConverterRegistrar
10:03:13.797 [Test worker] DEBUG io.micronaut.context.DefaultBeanContext -- BeanContext Started.
10:03:13.797 [Test worker] DEBUG io.micronaut.context.DefaultBeanContext -- Finding candidate beans for type: ObjectMapper
10:03:13.797 [Test worker] DEBUG io.micronaut.context.DefaultBeanContext --   class io.micronaut.serde.jackson.JacksonJsonMapper null Definition: io.micronaut.serde.jackson.JacksonJsonMapper
10:03:13.797 [Test worker] DEBUG io.micronaut.context.DefaultBeanContext -- Found concrete candidate [Definition: io.micronaut.serde.jackson.JacksonJsonMapper] for type: objectMapper 
10:03:13.797 [Test worker] DEBUG io.micronaut.context.DefaultBeanContext -- Finding candidate beans for type: SerdeRegistry registry
10:03:13.797 [Test worker] DEBUG io.micronaut.context.DefaultBeanContext --   class io.micronaut.serde.support.DefaultSerdeRegistry null Definition: io.micronaut.serde.support.DefaultSerdeRegistry
10:03:13.797 [Test worker] DEBUG io.micronaut.context.DefaultBeanContext -- Found concrete candidate [Definition: io.micronaut.serde.support.DefaultSerdeRegistry] for type: registry 
10:03:13.798 [Test worker] DEBUG io.micronaut.context.DefaultBeanContext -- Finding candidate beans for type: SerdeIntrospections introspections
10:03:13.798 [Test worker] DEBUG io.micronaut.context.DefaultBeanContext --   class io.micronaut.serde.support.DefaultSerdeIntrospections null Definition: io.micronaut.serde.support.DefaultSerdeIntrospections
10:03:13.798 [Test worker] DEBUG io.micronaut.context.DefaultBeanContext -- Found concrete candidate [Definition: io.micronaut.serde.support.DefaultSerdeIntrospections] for type: introspections 
10:03:13.798 [Test worker] DEBUG io.micronaut.context.DefaultBeanContext -- Finding candidate beans for type: SerdeConfiguration configuration
10:03:13.798 [Test worker] DEBUG io.micronaut.context.DefaultBeanContext --   class io.micronaut.serde.config.DefaultSerdeConfiguration null Definition: io.micronaut.serde.config.DefaultSerdeConfiguration
10:03:13.798 [Test worker] DEBUG io.micronaut.context.DefaultBeanContext -- Found concrete candidate [Definition: io.micronaut.serde.config.DefaultSerdeConfiguration] for type: configuration 
10:03:13.798 [Test worker] DEBUG io.micronaut.context.lifecycle -- Created bean [io.micronaut.serde.config.DefaultSerdeConfiguration@236861da] from definition [Definition: io.micronaut.serde.config.DefaultSerdeConfiguration] with qualifier [null]
10:03:13.798 [Test worker] DEBUG io.micronaut.context.lifecycle -- Created bean [io.micronaut.serde.support.DefaultSerdeIntrospections@37fef327] from definition [Definition: io.micronaut.serde.support.DefaultSerdeIntrospections] with qualifier [null]
10:03:13.798 [Test worker] DEBUG io.micronaut.context.DefaultBeanContext -- Finding candidate beans for type: SerializationConfiguration serializationConfiguration
10:03:13.798 [Test worker] DEBUG io.micronaut.context.DefaultBeanContext --   class io.micronaut.serde.config.DefaultSerializationConfiguration null Definition: io.micronaut.serde.config.DefaultSerializationConfiguration
10:03:13.798 [Test worker] DEBUG io.micronaut.context.DefaultBeanContext -- Found concrete candidate [Definition: io.micronaut.serde.config.DefaultSerializationConfiguration] for type: serializationConfiguration 
10:03:13.799 [Test worker] DEBUG io.micronaut.context.lifecycle -- Created bean [io.micronaut.serde.config.DefaultSerializationConfiguration@2cd3fc29] from definition [Definition: io.micronaut.serde.config.DefaultSerializationConfiguration] with qualifier [null]
10:03:13.799 [Test worker] DEBUG io.micronaut.context.DefaultBeanContext -- Finding candidate beans for type: DeserializationConfiguration deserializationConfiguration
10:03:13.799 [Test worker] DEBUG io.micronaut.context.DefaultBeanContext --   class io.micronaut.serde.config.DefaultDeserializationConfiguration null Definition: io.micronaut.serde.config.DefaultDeserializationConfiguration
10:03:13.799 [Test worker] DEBUG io.micronaut.context.DefaultBeanContext -- Found concrete candidate [Definition: io.micronaut.serde.config.DefaultDeserializationConfiguration] for type: deserializationConfiguration 
10:03:13.799 [Test worker] DEBUG io.micronaut.context.lifecycle -- Created bean [io.micronaut.serde.config.DefaultDeserializationConfiguration@55951fcd] from definition [Definition: io.micronaut.serde.config.DefaultDeserializationConfiguration] with qualifier [null]
10:03:13.799 [Test worker] DEBUG io.micronaut.context.DefaultBeanContext -- Finding candidate beans for type: Serializer
10:03:13.799 [Test worker] DEBUG io.micronaut.context.condition.Condition -- Bean [Definition: io.micronaut.serde.support.serdes.HealthStatusSerde] will not be loaded due to failing conditions:
10:03:13.799 [Test worker] DEBUG io.micronaut.context.condition.Condition -- * Class [io.micronaut.health.HealthStatus] is not present
10:03:13.799 [Test worker] DEBUG io.micronaut.context.DefaultBeanContext --   class io.micronaut.serde.support.serdes.InstantSerde null Definition: io.micronaut.serde.support.serdes.InstantSerde Factory: io.micronaut.serde.support.LegacyBeansFactory#instantSerde
10:03:13.799 [Test worker] DEBUG io.micronaut.context.DefaultBeanContext --   interface io.micronaut.serde.Serde @Any Definition: io.micronaut.serde.Serde Factory: io.micronaut.serde.support.LegacyBeansFactory#provideSerde
10:03:13.799 [Test worker] DEBUG io.micronaut.context.DefaultBeanContext --   class io.micronaut.serde.support.serdes.ZonedDateTimeSerde null Definition: io.micronaut.serde.support.serdes.ZonedDateTimeSerde Factory: io.micronaut.serde.support.LegacyBeansFactory#zonedDateTimeSerde
10:03:13.799 [Test worker] DEBUG io.micronaut.context.DefaultBeanContext --   class io.micronaut.serde.support.deserializers.SerdeHealthResultDeserializer_HealthResultDtoSerializer null Definition: io.micronaut.serde.support.deserializers.SerdeHealthResultDeserializer_HealthResultDtoSerializer
10:03:13.799 [Test worker] DEBUG io.micronaut.context.DefaultBeanContext --   interface io.micronaut.serde.Serializer @Any Definition: io.micronaut.serde.Serializer Factory: io.micronaut.serde.support.LegacyBeansFactory#provideSerializer
10:03:13.799 [Test worker] DEBUG io.micronaut.context.DefaultBeanContext --   class io.micronaut.serde.support.serdes.OffsetDateTimeSerde null Definition: io.micronaut.serde.support.serdes.OffsetDateTimeSerde Factory: io.micronaut.serde.support.LegacyBeansFactory#offsetDateTimeSerde
10:03:13.799 [Test worker] DEBUG io.micronaut.context.DefaultBeanContext --   class io.micronaut.serde.support.serdes.InetAddressSerde null Definition: io.micronaut.serde.support.serdes.InetAddressSerde Factory: io.micronaut.serde.support.LegacyBeansFactory#inetAddressSerde
10:03:13.799 [Test worker] DEBUG io.micronaut.context.DefaultBeanContext --   class io.micronaut.serde.jsonb.JsonpValueSerde null Definition: io.micronaut.serde.jsonb.JsonpValueSerde
10:03:13.799 [Test worker] DEBUG io.micronaut.context.DefaultBeanContext --   class io.micronaut.serde.support.serializers.ObjectSerializer null Definition: io.micronaut.serde.support.serializers.ObjectSerializer Factory: io.micronaut.serde.support.LegacyBeansFactory#provideObjectSerializer
10:03:13.799 [Test worker] DEBUG io.micronaut.context.DefaultBeanContext --   class io.micronaut.serde.support.serdes.LocalTimeSerde null Definition: io.micronaut.serde.support.serdes.LocalTimeSerde Factory: io.micronaut.serde.support.LegacyBeansFactory#localTimeSerde
10:03:13.799 [Test worker] DEBUG io.micronaut.context.DefaultBeanContext --   class io.micronaut.serde.support.serdes.PriorityQueueSerde null Definition: io.micronaut.serde.support.serdes.PriorityQueueSerde
10:03:13.799 [Test worker] DEBUG io.micronaut.context.DefaultBeanContext --   class io.micronaut.serde.support.serdes.YearSerde null Definition: io.micronaut.serde.support.serdes.YearSerde Factory: io.micronaut.serde.support.LegacyBeansFactory#yearSerde
10:03:13.799 [Test worker] DEBUG io.micronaut.context.DefaultBeanContext --   class io.micronaut.serde.support.serdes.LocalDateTimeSerde null Definition: io.micronaut.serde.support.serdes.LocalDateTimeSerde Factory: io.micronaut.serde.support.LegacyBeansFactory#localDateTimeSerde
10:03:13.799 [Test worker] DEBUG io.micronaut.context.DefaultBeanContext --   class io.micronaut.serde.support.serdes.LocalDateSerde null Definition: io.micronaut.serde.support.serdes.LocalDateSerde Factory: io.micronaut.serde.support.LegacyBeansFactory#localDateSerde
10:03:13.799 [Test worker] DEBUG io.micronaut.context.DefaultBeanContext --   class io.micronaut.serde.support.serdes.ObjectArraySerde null Definition: io.micronaut.serde.support.serdes.ObjectArraySerde Factory: io.micronaut.serde.support.LegacyBeansFactory#provideObjectArraySerde
10:03:13.799 [Test worker] DEBUG io.micronaut.context.DefaultBeanContext -- Finding candidate beans for type: Deserializer
10:03:13.799 [Test worker] DEBUG io.micronaut.context.condition.Condition -- Bean [Definition: io.micronaut.serde.support.deserializers.HealthResultDeserializer] will not be loaded due to failing conditions:
10:03:13.799 [Test worker] DEBUG io.micronaut.context.condition.Condition -- * Class [io.micronaut.management.health.indicator.HealthResult] is not present
10:03:13.799 [Test worker] DEBUG io.micronaut.context.DefaultBeanContext --   class io.micronaut.serde.support.serdes.InstantSerde null Definition: io.micronaut.serde.support.serdes.InstantSerde Factory: io.micronaut.serde.support.LegacyBeansFactory#instantSerde
10:03:13.799 [Test worker] DEBUG io.micronaut.context.DefaultBeanContext --   interface io.micronaut.serde.Serde @Any Definition: io.micronaut.serde.Serde Factory: io.micronaut.serde.support.LegacyBeansFactory#provideSerde
10:03:13.799 [Test worker] DEBUG io.micronaut.context.DefaultBeanContext --   class io.micronaut.serde.support.deserializers.SerdeHealthResultDeserializer_HealthResultDtoDeserializer null Definition: io.micronaut.serde.support.deserializers.SerdeHealthResultDeserializer_HealthResultDtoDeserializer
10:03:13.799 [Test worker] DEBUG io.micronaut.context.DefaultBeanContext --   class io.micronaut.serde.support.serdes.ZonedDateTimeSerde null Definition: io.micronaut.serde.support.serdes.ZonedDateTimeSerde Factory: io.micronaut.serde.support.LegacyBeansFactory#zonedDateTimeSerde
10:03:13.799 [Test worker] DEBUG io.micronaut.context.DefaultBeanContext --   class io.micronaut.serde.support.serdes.OffsetDateTimeSerde null Definition: io.micronaut.serde.support.serdes.OffsetDateTimeSerde Factory: io.micronaut.serde.support.LegacyBeansFactory#offsetDateTimeSerde
10:03:13.799 [Test worker] DEBUG io.micronaut.context.DefaultBeanContext --   class io.micronaut.serde.support.serdes.InetAddressSerde null Definition: io.micronaut.serde.support.serdes.InetAddressSerde Factory: io.micronaut.serde.support.LegacyBeansFactory#inetAddressSerde
10:03:13.799 [Test worker] DEBUG io.micronaut.context.DefaultBeanContext --   class io.micronaut.serde.support.deserializers.ObjectDeserializer null Definition: io.micronaut.serde.support.deserializers.ObjectDeserializer Factory: io.micronaut.serde.support.LegacyBeansFactory#provideObjectDeserializer
10:03:13.799 [Test worker] DEBUG io.micronaut.context.DefaultBeanContext --   class io.micronaut.serde.jsonb.JsonpValueSerde null Definition: io.micronaut.serde.jsonb.JsonpValueSerde
10:03:13.799 [Test worker] DEBUG io.micronaut.context.DefaultBeanContext --   class io.micronaut.serde.support.serdes.LocalTimeSerde null Definition: io.micronaut.serde.support.serdes.LocalTimeSerde Factory: io.micronaut.serde.support.LegacyBeansFactory#localTimeSerde
10:03:13.799 [Test worker] DEBUG io.micronaut.context.DefaultBeanContext --   class io.micronaut.serde.support.serdes.PriorityQueueSerde null Definition: io.micronaut.serde.support.serdes.PriorityQueueSerde
10:03:13.800 [Test worker] DEBUG io.micronaut.context.DefaultBeanContext --   interface io.micronaut.serde.Deserializer @Any Definition: io.micronaut.serde.Deserializer Factory: io.micronaut.serde.support.LegacyBeansFactory#provideDeserializer
10:03:13.800 [Test worker] DEBUG io.micronaut.context.DefaultBeanContext --   class io.micronaut.serde.support.serdes.YearSerde null Definition: io.micronaut.serde.support.serdes.YearSerde Factory: io.micronaut.serde.support.LegacyBeansFactory#yearSerde
10:03:13.800 [Test worker] DEBUG io.micronaut.context.DefaultBeanContext --   class io.micronaut.serde.support.serdes.LocalDateTimeSerde null Definition: io.micronaut.serde.support.serdes.LocalDateTimeSerde Factory: io.micronaut.serde.support.LegacyBeansFactory#localDateTimeSerde
10:03:13.800 [Test worker] DEBUG io.micronaut.context.DefaultBeanContext --   class io.micronaut.serde.support.serdes.LocalDateSerde null Definition: io.micronaut.serde.support.serdes.LocalDateSerde Factory: io.micronaut.serde.support.LegacyBeansFactory#localDateSerde
10:03:13.800 [Test worker] DEBUG io.micronaut.context.DefaultBeanContext --   class io.micronaut.serde.support.serdes.ObjectArraySerde null Definition: io.micronaut.serde.support.serdes.ObjectArraySerde Factory: io.micronaut.serde.support.LegacyBeansFactory#provideObjectArraySerde
10:03:13.800 [Test worker] DEBUG io.micronaut.context.DefaultBeanContext -- Finding candidate beans for type: SerdeDeserializationPreInstantiateCallback
10:03:13.801 [Test worker] DEBUG io.micronaut.context.DefaultBeanContext -- No bean candidates found for type: SerdeDeserializationPreInstantiateCallback
10:03:13.801 [Test worker] DEBUG io.micronaut.context.lifecycle -- Created bean [io.micronaut.serde.support.DefaultSerdeRegistry@3513d214] from definition [Definition: io.micronaut.serde.support.DefaultSerdeRegistry] with qualifier [null]
10:03:13.801 [Test worker] DEBUG io.micronaut.context.DefaultBeanContext -- Finding candidate beans for type: SerdeJacksonConfiguration jacksonConfiguration
10:03:13.801 [Test worker] DEBUG io.micronaut.context.DefaultBeanContext --   class io.micronaut.serde.jackson.SerdeJacksonConfiguration null Definition: io.micronaut.serde.jackson.SerdeJacksonConfiguration
10:03:13.801 [Test worker] DEBUG io.micronaut.context.DefaultBeanContext -- Found concrete candidate [Definition: io.micronaut.serde.jackson.SerdeJacksonConfiguration] for type: jacksonConfiguration 
10:03:13.801 [Test worker] DEBUG io.micronaut.context.lifecycle -- Created bean [io.micronaut.serde.jackson.SerdeJacksonConfiguration@7534785a] from definition [Definition: io.micronaut.serde.jackson.SerdeJacksonConfiguration] with qualifier [null]
10:03:13.801 [Test worker] DEBUG io.micronaut.context.lifecycle -- Created bean [io.micronaut.serde.jackson.JacksonJsonMapper@3ba3f40d] from definition [Definition: io.micronaut.serde.jackson.JacksonJsonMapper] with qualifier [null]
10:03:13.805 [Test worker] DEBUG io.micronaut.core.beans.DefaultBeanIntrospector -- No BeanIntrospection found for bean type: class ee.jakarta.tck.json.bind.customizedmapping.ijson.IJsonSupportTest$3
10:03:13.806 [Test worker] DEBUG io.micronaut.core.beans.DefaultBeanIntrospector -- No BeanIntrospection found for bean type: class ee.jakarta.tck.json.bind.customizedmapping.ijson.IJsonSupportTest$3
10:03:13.811 [Test worker] DEBUG io.micronaut.core.reflect.ClassUtils -- Reflectively retrieving hierarchy for class: class io.micronaut.serde.support.serdes.ZonedDateTimeSerde
10:03:13.811 [Test worker] DEBUG io.micronaut.core.reflect.ClassUtils -- Reflectively retrieving hierarchy for class: class io.micronaut.serde.support.deserializers.ObjectDeserializer
10:03:13.811 [Test worker] DEBUG io.micronaut.core.reflect.ClassUtils -- Reflectively retrieving hierarchy for class: class io.micronaut.serde.support.serdes.OffsetDateTimeSerde
10:03:13.811 [Test worker] DEBUG io.micronaut.core.reflect.ClassUtils -- Reflectively retrieving hierarchy for class: class io.micronaut.serde.support.serdes.LocalTimeSerde
10:03:13.811 [Test worker] DEBUG io.micronaut.core.reflect.ClassUtils -- Reflectively retrieving hierarchy for class: class io.micronaut.serde.support.serdes.InstantSerde
10:03:13.812 [Test worker] DEBUG io.micronaut.context.env.DefaultEnvironment -- Starting environment io.micronaut.context.env.DefaultEnvironment@6ef1c3f7 for active names []
10:03:13.812 [Test worker] DEBUG io.micronaut.context.env.DefaultEnvironment -- Processing property source: config convention: JAVA_PROPERTIES
10:03:13.813 [Test worker] DEBUG io.micronaut.context.DefaultBeanContext -- Starting BeanContext
10:03:13.813 [Test worker] DEBUG io.micronaut.context.DefaultBeanContext -- Resolving beans for type: io.micronaut.core.convert.TypeConverter
10:03:13.813 [Test worker] DEBUG io.micronaut.context.DefaultBeanContext -- Finding candidate beans for type: TypeConverter
10:03:13.813 [Test worker] DEBUG io.micronaut.context.DefaultBeanContext -- No bean candidates found for type: TypeConverter
10:03:13.813 [Test worker] DEBUG io.micronaut.context.DefaultBeanContext -- Resolving beans for type: io.micronaut.core.convert.TypeConverterRegistrar
10:03:13.813 [Test worker] DEBUG io.micronaut.context.DefaultBeanContext -- Finding candidate beans for type: TypeConverterRegistrar
10:03:13.813 [Test worker] DEBUG io.micronaut.context.DefaultBeanContext -- No bean candidates found for type: TypeConverterRegistrar
10:03:13.813 [Test worker] DEBUG io.micronaut.context.DefaultBeanContext -- BeanContext Started.
10:03:13.813 [Test worker] DEBUG io.micronaut.context.DefaultBeanContext -- Finding candidate beans for type: ObjectMapper
10:03:13.813 [Test worker] DEBUG io.micronaut.context.DefaultBeanContext --   class io.micronaut.serde.jackson.JacksonJsonMapper null Definition: io.micronaut.serde.jackson.JacksonJsonMapper
10:03:13.813 [Test worker] DEBUG io.micronaut.context.DefaultBeanContext -- Found concrete candidate [Definition: io.micronaut.serde.jackson.JacksonJsonMapper] for type: objectMapper 
10:03:13.813 [Test worker] DEBUG io.micronaut.context.DefaultBeanContext -- Finding candidate beans for type: SerdeRegistry registry
10:03:13.813 [Test worker] DEBUG io.micronaut.context.DefaultBeanContext --   class io.micronaut.serde.support.DefaultSerdeRegistry null Definition: io.micronaut.serde.support.DefaultSerdeRegistry
10:03:13.813 [Test worker] DEBUG io.micronaut.context.DefaultBeanContext -- Found concrete candidate [Definition: io.micronaut.serde.support.DefaultSerdeRegistry] for type: registry 
10:03:13.813 [Test worker] DEBUG io.micronaut.context.DefaultBeanContext -- Finding candidate beans for type: SerdeIntrospections introspections
10:03:13.813 [Test worker] DEBUG io.micronaut.context.DefaultBeanContext --   class io.micronaut.serde.support.DefaultSerdeIntrospections null Definition: io.micronaut.serde.support.DefaultSerdeIntrospections
10:03:13.813 [Test worker] DEBUG io.micronaut.context.DefaultBeanContext -- Found concrete candidate [Definition: io.micronaut.serde.support.DefaultSerdeIntrospections] for type: introspections 
10:03:13.813 [Test worker] DEBUG io.micronaut.context.DefaultBeanContext -- Finding candidate beans for type: SerdeConfiguration configuration
10:03:13.813 [Test worker] DEBUG io.micronaut.context.DefaultBeanContext --   class io.micronaut.serde.config.DefaultSerdeConfiguration null Definition: io.micronaut.serde.config.DefaultSerdeConfiguration
10:03:13.813 [Test worker] DEBUG io.micronaut.context.DefaultBeanContext -- Found concrete candidate [Definition: io.micronaut.serde.config.DefaultSerdeConfiguration] for type: configuration 
10:03:13.814 [Test worker] DEBUG io.micronaut.context.lifecycle -- Created bean [io.micronaut.serde.config.DefaultSerdeConfiguration@e4ca109] from definition [Definition: io.micronaut.serde.config.DefaultSerdeConfiguration] with qualifier [null]
10:03:13.814 [Test worker] DEBUG io.micronaut.context.lifecycle -- Created bean [io.micronaut.serde.support.DefaultSerdeIntrospections@15c16f19] from definition [Definition: io.micronaut.serde.support.DefaultSerdeIntrospections] with qualifier [null]
10:03:13.814 [Test worker] DEBUG io.micronaut.context.DefaultBeanContext -- Finding candidate beans for type: SerializationConfiguration serializationConfiguration
10:03:13.814 [Test worker] DEBUG io.micronaut.context.DefaultBeanContext --   class io.micronaut.serde.config.DefaultSerializationConfiguration null Definition: io.micronaut.serde.config.DefaultSerializationConfiguration
10:03:13.814 [Test worker] DEBUG io.micronaut.context.DefaultBeanContext -- Found concrete candidate [Definition: io.micronaut.serde.config.DefaultSerializationConfiguration] for type: serializationConfiguration 
10:03:13.814 [Test worker] DEBUG io.micronaut.context.lifecycle -- Created bean [io.micronaut.serde.config.DefaultSerializationConfiguration@1a17dd6f] from definition [Definition: io.micronaut.serde.config.DefaultSerializationConfiguration] with qualifier [null]
10:03:13.814 [Test worker] DEBUG io.micronaut.context.DefaultBeanContext -- Finding candidate beans for type: DeserializationConfiguration deserializationConfiguration
10:03:13.814 [Test worker] DEBUG io.micronaut.context.DefaultBeanContext --   class io.micronaut.serde.config.DefaultDeserializationConfiguration null Definition: io.micronaut.serde.config.DefaultDeserializationConfiguration
10:03:13.814 [Test worker] DEBUG io.micronaut.context.DefaultBeanContext -- Found concrete candidate [Definition: io.micronaut.serde.config.DefaultDeserializationConfiguration] for type: deserializationConfiguration 
10:03:13.815 [Test worker] DEBUG io.micronaut.context.lifecycle -- Created bean [io.micronaut.serde.config.DefaultDeserializationConfiguration@be6d228] from definition [Definition: io.micronaut.serde.config.DefaultDeserializationConfiguration] with qualifier [null]
10:03:13.815 [Test worker] DEBUG io.micronaut.context.DefaultBeanContext -- Finding candidate beans for type: Serializer
10:03:13.815 [Test worker] DEBUG io.micronaut.context.condition.Condition -- Bean [Definition: io.micronaut.serde.support.serdes.HealthStatusSerde] will not be loaded due to failing conditions:
10:03:13.815 [Test worker] DEBUG io.micronaut.context.condition.Condition -- * Class [io.micronaut.health.HealthStatus] is not present
10:03:13.815 [Test worker] DEBUG io.micronaut.context.DefaultBeanContext --   class io.micronaut.serde.support.serdes.InstantSerde null Definition: io.micronaut.serde.support.serdes.InstantSerde Factory: io.micronaut.serde.support.LegacyBeansFactory#instantSerde
10:03:13.815 [Test worker] DEBUG io.micronaut.context.DefaultBeanContext --   interface io.micronaut.serde.Serde @Any Definition: io.micronaut.serde.Serde Factory: io.micronaut.serde.support.LegacyBeansFactory#provideSerde
10:03:13.815 [Test worker] DEBUG io.micronaut.context.DefaultBeanContext --   class io.micronaut.serde.support.serdes.ZonedDateTimeSerde null Definition: io.micronaut.serde.support.serdes.ZonedDateTimeSerde Factory: io.micronaut.serde.support.LegacyBeansFactory#zonedDateTimeSerde
10:03:13.815 [Test worker] DEBUG io.micronaut.context.DefaultBeanContext --   class io.micronaut.serde.support.deserializers.SerdeHealthResultDeserializer_HealthResultDtoSerializer null Definition: io.micronaut.serde.support.deserializers.SerdeHealthResultDeserializer_HealthResultDtoSerializer
10:03:13.815 [Test worker] DEBUG io.micronaut.context.DefaultBeanContext --   interface io.micronaut.serde.Serializer @Any Definition: io.micronaut.serde.Serializer Factory: io.micronaut.serde.support.LegacyBeansFactory#provideSerializer
10:03:13.815 [Test worker] DEBUG io.micronaut.context.DefaultBeanContext --   class io.micronaut.serde.support.serdes.OffsetDateTimeSerde null Definition: io.micronaut.serde.support.serdes.OffsetDateTimeSerde Factory: io.micronaut.serde.support.LegacyBeansFactory#offsetDateTimeSerde
10:03:13.815 [Test worker] DEBUG io.micronaut.context.DefaultBeanContext --   class io.micronaut.serde.support.serdes.InetAddressSerde null Definition: io.micronaut.serde.support.serdes.InetAddressSerde Factory: io.micronaut.serde.support.LegacyBeansFactory#inetAddressSerde
10:03:13.815 [Test worker] DEBUG io.micronaut.context.DefaultBeanContext --   class io.micronaut.serde.jsonb.JsonpValueSerde null Definition: io.micronaut.serde.jsonb.JsonpValueSerde
10:03:13.815 [Test worker] DEBUG io.micronaut.context.DefaultBeanContext --   class io.micronaut.serde.support.serializers.ObjectSerializer null Definition: io.micronaut.serde.support.serializers.ObjectSerializer Factory: io.micronaut.serde.support.LegacyBeansFactory#provideObjectSerializer
10:03:13.815 [Test worker] DEBUG io.micronaut.context.DefaultBeanContext --   class io.micronaut.serde.support.serdes.LocalTimeSerde null Definition: io.micronaut.serde.support.serdes.LocalTimeSerde Factory: io.micronaut.serde.support.LegacyBeansFactory#localTimeSerde
10:03:13.815 [Test worker] DEBUG io.micronaut.context.DefaultBeanContext --   class io.micronaut.serde.support.serdes.PriorityQueueSerde null Definition: io.micronaut.serde.support.serdes.PriorityQueueSerde
10:03:13.815 [Test worker] DEBUG io.micronaut.context.DefaultBeanContext --   class io.micronaut.serde.support.serdes.YearSerde null Definition: io.micronaut.serde.support.serdes.YearSerde Factory: io.micronaut.serde.support.LegacyBeansFactory#yearSerde
10:03:13.815 [Test worker] DEBUG io.micronaut.context.DefaultBeanContext --   class io.micronaut.serde.support.serdes.LocalDateTimeSerde null Definition: io.micronaut.serde.support.serdes.LocalDateTimeSerde Factory: io.micronaut.serde.support.LegacyBeansFactory#localDateTimeSerde
10:03:13.815 [Test worker] DEBUG io.micronaut.context.DefaultBeanContext --   class io.micronaut.serde.support.serdes.LocalDateSerde null Definition: io.micronaut.serde.support.serdes.LocalDateSerde Factory: io.micronaut.serde.support.LegacyBeansFactory#localDateSerde
10:03:13.815 [Test worker] DEBUG io.micronaut.context.DefaultBeanContext --   class io.micronaut.serde.support.serdes.ObjectArraySerde null Definition: io.micronaut.serde.support.serdes.ObjectArraySerde Factory: io.micronaut.serde.support.LegacyBeansFactory#provideObjectArraySerde
10:03:13.815 [Test worker] DEBUG io.micronaut.context.DefaultBeanContext -- Finding candidate beans for type: Deserializer
10:03:13.815 [Test worker] DEBUG io.micronaut.context.condition.Condition -- Bean [Definition: io.micronaut.serde.support.deserializers.HealthResultDeserializer] will not be loaded due to failing conditions:
10:03:13.815 [Test worker] DEBUG io.micronaut.context.condition.Condition -- * Class [io.micronaut.management.health.indicator.HealthResult] is not present
10:03:13.815 [Test worker] DEBUG io.micronaut.context.DefaultBeanContext --   class io.micronaut.serde.support.serdes.InstantSerde null Definition: io.micronaut.serde.support.serdes.InstantSerde Factory: io.micronaut.serde.support.LegacyBeansFactory#instantSerde
10:03:13.815 [Test worker] DEBUG io.micronaut.context.DefaultBeanContext --   interface io.micronaut.serde.Serde @Any Definition: io.micronaut.serde.Serde Factory: io.micronaut.serde.support.LegacyBeansFactory#provideSerde
10:03:13.815 [Test worker] DEBUG io.micronaut.context.DefaultBeanContext --   class io.micronaut.serde.support.deserializers.SerdeHealthResultDeserializer_HealthResultDtoDeserializer null Definition: io.micronaut.serde.support.deserializers.SerdeHealthResultDeserializer_HealthResultDtoDeserializer
10:03:13.815 [Test worker] DEBUG io.micronaut.context.DefaultBeanContext --   class io.micronaut.serde.support.serdes.ZonedDateTimeSerde null Definition: io.micronaut.serde.support.serdes.ZonedDateTimeSerde Factory: io.micronaut.serde.support.LegacyBeansFactory#zonedDateTimeSerde
10:03:13.815 [Test worker] DEBUG io.micronaut.context.DefaultBeanContext --   class io.micronaut.serde.support.serdes.OffsetDateTimeSerde null Definition: io.micronaut.serde.support.serdes.OffsetDateTimeSerde Factory: io.micronaut.serde.support.LegacyBeansFactory#offsetDateTimeSerde
10:03:13.815 [Test worker] DEBUG io.micronaut.context.DefaultBeanContext --   class io.micronaut.serde.support.serdes.InetAddressSerde null Definition: io.micronaut.serde.support.serdes.InetAddressSerde Factory: io.micronaut.serde.support.LegacyBeansFactory#inetAddressSerde
10:03:13.815 [Test worker] DEBUG io.micronaut.context.DefaultBeanContext --   class io.micronaut.serde.support.deserializers.ObjectDeserializer null Definition: io.micronaut.serde.support.deserializers.ObjectDeserializer Factory: io.micronaut.serde.support.LegacyBeansFactory#provideObjectDeserializer
10:03:13.815 [Test worker] DEBUG io.micronaut.context.DefaultBeanContext --   class io.micronaut.serde.jsonb.JsonpValueSerde null Definition: io.micronaut.serde.jsonb.JsonpValueSerde
10:03:13.815 [Test worker] DEBUG io.micronaut.context.DefaultBeanContext --   class io.micronaut.serde.support.serdes.LocalTimeSerde null Definition: io.micronaut.serde.support.serdes.LocalTimeSerde Factory: io.micronaut.serde.support.LegacyBeansFactory#localTimeSerde
10:03:13.815 [Test worker] DEBUG io.micronaut.context.DefaultBeanContext --   class io.micronaut.serde.support.serdes.PriorityQueueSerde null Definition: io.micronaut.serde.support.serdes.PriorityQueueSerde
10:03:13.815 [Test worker] DEBUG io.micronaut.context.DefaultBeanContext --   interface io.micronaut.serde.Deserializer @Any Definition: io.micronaut.serde.Deserializer Factory: io.micronaut.serde.support.LegacyBeansFactory#provideDeserializer
10:03:13.815 [Test worker] DEBUG io.micronaut.context.DefaultBeanContext --   class io.micronaut.serde.support.serdes.YearSerde null Definition: io.micronaut.serde.support.serdes.YearSerde Factory: io.micronaut.serde.support.LegacyBeansFactory#yearSerde
10:03:13.815 [Test worker] DEBUG io.micronaut.context.DefaultBeanContext --   class io.micronaut.serde.support.serdes.LocalDateTimeSerde null Definition: io.micronaut.serde.support.serdes.LocalDateTimeSerde Factory: io.micronaut.serde.support.LegacyBeansFactory#localDateTimeSerde
10:03:13.815 [Test worker] DEBUG io.micronaut.context.DefaultBeanContext --   class io.micronaut.serde.support.serdes.LocalDateSerde null Definition: io.micronaut.serde.support.serdes.LocalDateSerde Factory: io.micronaut.serde.support.LegacyBeansFactory#localDateSerde
10:03:13.815 [Test worker] DEBUG io.micronaut.context.DefaultBeanContext --   class io.micronaut.serde.support.serdes.ObjectArraySerde null Definition: io.micronaut.serde.support.serdes.ObjectArraySerde Factory: io.micronaut.serde.support.LegacyBeansFactory#provideObjectArraySerde
10:03:13.816 [Test worker] DEBUG io.micronaut.context.DefaultBeanContext -- Finding candidate beans for type: SerdeDeserializationPreInstantiateCallback
10:03:13.816 [Test worker] DEBUG io.micronaut.context.DefaultBeanContext -- No bean candidates found for type: SerdeDeserializationPreInstantiateCallback
10:03:13.816 [Test worker] DEBUG io.micronaut.context.lifecycle -- Created bean [io.micronaut.serde.support.DefaultSerdeRegistry@60c96eb4] from definition [Definition: io.micronaut.serde.support.DefaultSerdeRegistry] with qualifier [null]
10:03:13.816 [Test worker] DEBUG io.micronaut.context.DefaultBeanContext -- Finding candidate beans for type: SerdeJacksonConfiguration jacksonConfiguration
10:03:13.816 [Test worker] DEBUG io.micronaut.context.DefaultBeanContext --   class io.micronaut.serde.jackson.SerdeJacksonConfiguration null Definition: io.micronaut.serde.jackson.SerdeJacksonConfiguration
10:03:13.816 [Test worker] DEBUG io.micronaut.context.DefaultBeanContext -- Found concrete candidate [Definition: io.micronaut.serde.jackson.SerdeJacksonConfiguration] for type: jacksonConfiguration 
10:03:13.816 [Test worker] DEBUG io.micronaut.context.lifecycle -- Created bean [io.micronaut.serde.jackson.SerdeJacksonConfiguration@7eee6c13] from definition [Definition: io.micronaut.serde.jackson.SerdeJacksonConfiguration] with qualifier [null]
10:03:13.816 [Test worker] DEBUG io.micronaut.context.lifecycle -- Created bean [io.micronaut.serde.jackson.JacksonJsonMapper@677cc4e8] from definition [Definition: io.micronaut.serde.jackson.JacksonJsonMapper] with qualifier [null]
10:03:13.819 [Test worker] DEBUG io.micronaut.core.beans.DefaultBeanIntrospector -- No BeanIntrospection found for bean type: class ee.jakarta.tck.json.bind.customizedmapping.ijson.IJsonSupportTest$6
10:03:13.819 [Test worker] DEBUG io.micronaut.core.beans.DefaultBeanIntrospector -- No BeanIntrospection found for bean type: class ee.jakarta.tck.json.bind.customizedmapping.ijson.IJsonSupportTest$6
10:03:13.823 [Test worker] DEBUG io.micronaut.core.reflect.ClassUtils -- Reflectively retrieving hierarchy for class: class io.micronaut.serde.support.serdes.ZonedDateTimeSerde
10:03:13.824 [Test worker] DEBUG io.micronaut.core.reflect.ClassUtils -- Reflectively retrieving hierarchy for class: class io.micronaut.serde.support.deserializers.ObjectDeserializer
10:03:13.824 [Test worker] DEBUG io.micronaut.core.reflect.ClassUtils -- Reflectively retrieving hierarchy for class: class io.micronaut.serde.support.serdes.OffsetDateTimeSerde
10:03:13.824 [Test worker] DEBUG io.micronaut.core.reflect.ClassUtils -- Reflectively retrieving hierarchy for class: class io.micronaut.serde.support.serdes.LocalTimeSerde
10:03:13.824 [Test worker] DEBUG io.micronaut.core.reflect.ClassUtils -- Reflectively retrieving hierarchy for class: class io.micronaut.serde.support.serdes.InstantSerde
10:03:13.824 [Test worker] DEBUG io.micronaut.context.env.DefaultEnvironment -- Starting environment io.micronaut.context.env.DefaultEnvironment@51f01535 for active names []
10:03:13.825 [Test worker] DEBUG io.micronaut.context.env.DefaultEnvironment -- Processing property source: config convention: JAVA_PROPERTIES
10:03:13.825 [Test worker] DEBUG io.micronaut.context.DefaultBeanContext -- Starting BeanContext
10:03:13.825 [Test worker] DEBUG io.micronaut.context.DefaultBeanContext -- Resolving beans for type: io.micronaut.core.convert.TypeConverter
10:03:13.825 [Test worker] DEBUG io.micronaut.context.DefaultBeanContext -- Finding candidate beans for type: TypeConverter
10:03:13.825 [Test worker] DEBUG io.micronaut.context.DefaultBeanContext -- No bean candidates found for type: TypeConverter
10:03:13.825 [Test worker] DEBUG io.micronaut.context.DefaultBeanContext -- Resolving beans for type: io.micronaut.core.convert.TypeConverterRegistrar
10:03:13.825 [Test worker] DEBUG io.micronaut.context.DefaultBeanContext -- Finding candidate beans for type: TypeConverterRegistrar
10:03:13.825 [Test worker] DEBUG io.micronaut.context.DefaultBeanContext -- No bean candidates found for type: TypeConverterRegistrar
10:03:13.825 [Test worker] DEBUG io.micronaut.context.DefaultBeanContext -- BeanContext Started.
10:03:13.825 [Test worker] DEBUG io.micronaut.context.DefaultBeanContext -- Finding candidate beans for type: ObjectMapper
10:03:13.826 [Test worker] DEBUG io.micronaut.context.DefaultBeanContext --   class io.micronaut.serde.jackson.JacksonJsonMapper null Definition: io.micronaut.serde.jackson.JacksonJsonMapper
10:03:13.826 [Test worker] DEBUG io.micronaut.context.DefaultBeanContext -- Found concrete candidate [Definition: io.micronaut.serde.jackson.JacksonJsonMapper] for type: objectMapper 
10:03:13.826 [Test worker] DEBUG io.micronaut.context.DefaultBeanContext -- Finding candidate beans for type: SerdeRegistry registry
10:03:13.826 [Test worker] DEBUG io.micronaut.context.DefaultBeanContext --   class io.micronaut.serde.support.DefaultSerdeRegistry null Definition: io.micronaut.serde.support.DefaultSerdeRegistry
10:03:13.826 [Test worker] DEBUG io.micronaut.context.DefaultBeanContext -- Found concrete candidate [Definition: io.micronaut.serde.support.DefaultSerdeRegistry] for type: registry 
10:03:13.826 [Test worker] DEBUG io.micronaut.context.DefaultBeanContext -- Finding candidate beans for type: SerdeIntrospections introspections
10:03:13.826 [Test worker] DEBUG io.micronaut.context.DefaultBeanContext --   class io.micronaut.serde.support.DefaultSerdeIntrospections null Definition: io.micronaut.serde.support.DefaultSerdeIntrospections
10:03:13.826 [Test worker] DEBUG io.micronaut.context.DefaultBeanContext -- Found concrete candidate [Definition: io.micronaut.serde.support.DefaultSerdeIntrospections] for type: introspections 
10:03:13.826 [Test worker] DEBUG io.micronaut.context.DefaultBeanContext -- Finding candidate beans for type: SerdeConfiguration configuration
10:03:13.826 [Test worker] DEBUG io.micronaut.context.DefaultBeanContext --   class io.micronaut.serde.config.DefaultSerdeConfiguration null Definition: io.micronaut.serde.config.DefaultSerdeConfiguration
10:03:13.826 [Test worker] DEBUG io.micronaut.context.DefaultBeanContext -- Found concrete candidate [Definition: io.micronaut.serde.config.DefaultSerdeConfiguration] for type: configuration 
10:03:13.826 [Test worker] DEBUG io.micronaut.context.lifecycle -- Created bean [io.micronaut.serde.config.DefaultSerdeConfiguration@2321e482] from definition [Definition: io.micronaut.serde.config.DefaultSerdeConfiguration] with qualifier [null]
10:03:13.826 [Test worker] DEBUG io.micronaut.context.lifecycle -- Created bean [io.micronaut.serde.support.DefaultSerdeIntrospections@467ef400] from definition [Definition: io.micronaut.serde.support.DefaultSerdeIntrospections] with qualifier [null]
10:03:13.826 [Test worker] DEBUG io.micronaut.context.DefaultBeanContext -- Finding candidate beans for type: SerializationConfiguration serializationConfiguration
10:03:13.826 [Test worker] DEBUG io.micronaut.context.DefaultBeanContext --   class io.micronaut.serde.config.DefaultSerializationConfiguration null Definition: io.micronaut.serde.config.DefaultSerializationConfiguration
10:03:13.826 [Test worker] DEBUG io.micronaut.context.DefaultBeanContext -- Found concrete candidate [Definition: io.micronaut.serde.config.DefaultSerializationConfiguration] for type: serializationConfiguration 
10:03:13.826 [Test worker] DEBUG io.micronaut.context.lifecycle -- Created bean [io.micronaut.serde.config.DefaultSerializationConfiguration@13fe5bb7] from definition [Definition: io.micronaut.serde.config.DefaultSerializationConfiguration] with qualifier [null]
10:03:13.826 [Test worker] DEBUG io.micronaut.context.DefaultBeanContext -- Finding candidate beans for type: DeserializationConfiguration deserializationConfiguration
10:03:13.826 [Test worker] DEBUG io.micronaut.context.DefaultBeanContext --   class io.micronaut.serde.config.DefaultDeserializationConfiguration null Definition: io.micronaut.serde.config.DefaultDeserializationConfiguration
10:03:13.826 [Test worker] DEBUG io.micronaut.context.DefaultBeanContext -- Found concrete candidate [Definition: io.micronaut.serde.config.DefaultDeserializationConfiguration] for type: deserializationConfiguration 
10:03:13.827 [Test worker] DEBUG io.micronaut.context.lifecycle -- Created bean [io.micronaut.serde.config.DefaultDeserializationConfiguration@4276ad40] from definition [Definition: io.micronaut.serde.config.DefaultDeserializationConfiguration] with qualifier [null]
10:03:13.827 [Test worker] DEBUG io.micronaut.context.DefaultBeanContext -- Finding candidate beans for type: Serializer
10:03:13.827 [Test worker] DEBUG io.micronaut.context.condition.Condition -- Bean [Definition: io.micronaut.serde.support.serdes.HealthStatusSerde] will not be loaded due to failing conditions:
10:03:13.827 [Test worker] DEBUG io.micronaut.context.condition.Condition -- * Class [io.micronaut.health.HealthStatus] is not present
10:03:13.827 [Test worker] DEBUG io.micronaut.context.DefaultBeanContext --   class io.micronaut.serde.support.serdes.InstantSerde null Definition: io.micronaut.serde.support.serdes.InstantSerde Factory: io.micronaut.serde.support.LegacyBeansFactory#instantSerde
10:03:13.827 [Test worker] DEBUG io.micronaut.context.DefaultBeanContext --   interface io.micronaut.serde.Serde @Any Definition: io.micronaut.serde.Serde Factory: io.micronaut.serde.support.LegacyBeansFactory#provideSerde
10:03:13.827 [Test worker] DEBUG io.micronaut.context.DefaultBeanContext --   class io.micronaut.serde.support.serdes.ZonedDateTimeSerde null Definition: io.micronaut.serde.support.serdes.ZonedDateTimeSerde Factory: io.micronaut.serde.support.LegacyBeansFactory#zonedDateTimeSerde
10:03:13.827 [Test worker] DEBUG io.micronaut.context.DefaultBeanContext --   class io.micronaut.serde.support.deserializers.SerdeHealthResultDeserializer_HealthResultDtoSerializer null Definition: io.micronaut.serde.support.deserializers.SerdeHealthResultDeserializer_HealthResultDtoSerializer
10:03:13.827 [Test worker] DEBUG io.micronaut.context.DefaultBeanContext --   interface io.micronaut.serde.Serializer @Any Definition: io.micronaut.serde.Serializer Factory: io.micronaut.serde.support.LegacyBeansFactory#provideSerializer
10:03:13.827 [Test worker] DEBUG io.micronaut.context.DefaultBeanContext --   class io.micronaut.serde.support.serdes.OffsetDateTimeSerde null Definition: io.micronaut.serde.support.serdes.OffsetDateTimeSerde Factory: io.micronaut.serde.support.LegacyBeansFactory#offsetDateTimeSerde
10:03:13.827 [Test worker] DEBUG io.micronaut.context.DefaultBeanContext --   class io.micronaut.serde.support.serdes.InetAddressSerde null Definition: io.micronaut.serde.support.serdes.InetAddressSerde Factory: io.micronaut.serde.support.LegacyBeansFactory#inetAddressSerde
10:03:13.827 [Test worker] DEBUG io.micronaut.context.DefaultBeanContext --   class io.micronaut.serde.jsonb.JsonpValueSerde null Definition: io.micronaut.serde.jsonb.JsonpValueSerde
10:03:13.827 [Test worker] DEBUG io.micronaut.context.DefaultBeanContext --   class io.micronaut.serde.support.serializers.ObjectSerializer null Definition: io.micronaut.serde.support.serializers.ObjectSerializer Factory: io.micronaut.serde.support.LegacyBeansFactory#provideObjectSerializer
10:03:13.827 [Test worker] DEBUG io.micronaut.context.DefaultBeanContext --   class io.micronaut.serde.support.serdes.LocalTimeSerde null Definition: io.micronaut.serde.support.serdes.LocalTimeSerde Factory: io.micronaut.serde.support.LegacyBeansFactory#localTimeSerde
10:03:13.827 [Test worker] DEBUG io.micronaut.context.DefaultBeanContext --   class io.micronaut.serde.support.serdes.PriorityQueueSerde null Definition: io.micronaut.serde.support.serdes.PriorityQueueSerde
10:03:13.827 [Test worker] DEBUG io.micronaut.context.DefaultBeanContext --   class io.micronaut.serde.support.serdes.YearSerde null Definition: io.micronaut.serde.support.serdes.YearSerde Factory: io.micronaut.serde.support.LegacyBeansFactory#yearSerde
10:03:13.827 [Test worker] DEBUG io.micronaut.context.DefaultBeanContext --   class io.micronaut.serde.support.serdes.LocalDateTimeSerde null Definition: io.micronaut.serde.support.serdes.LocalDateTimeSerde Factory: io.micronaut.serde.support.LegacyBeansFactory#localDateTimeSerde
10:03:13.827 [Test worker] DEBUG io.micronaut.context.DefaultBeanContext --   class io.micronaut.serde.support.serdes.LocalDateSerde null Definition: io.micronaut.serde.support.serdes.LocalDateSerde Factory: io.micronaut.serde.support.LegacyBeansFactory#localDateSerde
10:03:13.827 [Test worker] DEBUG io.micronaut.context.DefaultBeanContext --   class io.micronaut.serde.support.serdes.ObjectArraySerde null Definition: io.micronaut.serde.support.serdes.ObjectArraySerde Factory: io.micronaut.serde.support.LegacyBeansFactory#provideObjectArraySerde
10:03:13.827 [Test worker] DEBUG io.micronaut.context.DefaultBeanContext -- Finding candidate beans for type: Deserializer
10:03:13.827 [Test worker] DEBUG io.micronaut.context.condition.Condition -- Bean [Definition: io.micronaut.serde.support.deserializers.HealthResultDeserializer] will not be loaded due to failing conditions:
10:03:13.827 [Test worker] DEBUG io.micronaut.context.condition.Condition -- * Class [io.micronaut.management.health.indicator.HealthResult] is not present
10:03:13.827 [Test worker] DEBUG io.micronaut.context.DefaultBeanContext --   class io.micronaut.serde.support.serdes.InstantSerde null Definition: io.micronaut.serde.support.serdes.InstantSerde Factory: io.micronaut.serde.support.LegacyBeansFactory#instantSerde
10:03:13.827 [Test worker] DEBUG io.micronaut.context.DefaultBeanContext --   interface io.micronaut.serde.Serde @Any Definition: io.micronaut.serde.Serde Factory: io.micronaut.serde.support.LegacyBeansFactory#provideSerde
10:03:13.827 [Test worker] DEBUG io.micronaut.context.DefaultBeanContext --   class io.micronaut.serde.support.deserializers.SerdeHealthResultDeserializer_HealthResultDtoDeserializer null Definition: io.micronaut.serde.support.deserializers.SerdeHealthResultDeserializer_HealthResultDtoDeserializer
10:03:13.827 [Test worker] DEBUG io.micronaut.context.DefaultBeanContext --   class io.micronaut.serde.support.serdes.ZonedDateTimeSerde null Definition: io.micronaut.serde.support.serdes.ZonedDateTimeSerde Factory: io.micronaut.serde.support.LegacyBeansFactory#zonedDateTimeSerde
10:03:13.827 [Test worker] DEBUG io.micronaut.context.DefaultBeanContext --   class io.micronaut.serde.support.serdes.OffsetDateTimeSerde null Definition: io.micronaut.serde.support.serdes.OffsetDateTimeSerde Factory: io.micronaut.serde.support.LegacyBeansFactory#offsetDateTimeSerde
10:03:13.827 [Test worker] DEBUG io.micronaut.context.DefaultBeanContext --   class io.micronaut.serde.support.serdes.InetAddressSerde null Definition: io.micronaut.serde.support.serdes.InetAddressSerde Factory: io.micronaut.serde.support.LegacyBeansFactory#inetAddressSerde
10:03:13.827 [Test worker] DEBUG io.micronaut.context.DefaultBeanContext --   class io.micronaut.serde.support.deserializers.ObjectDeserializer null Definition: io.micronaut.serde.support.deserializers.ObjectDeserializer Factory: io.micronaut.serde.support.LegacyBeansFactory#provideObjectDeserializer
10:03:13.827 [Test worker] DEBUG io.micronaut.context.DefaultBeanContext --   class io.micronaut.serde.jsonb.JsonpValueSerde null Definition: io.micronaut.serde.jsonb.JsonpValueSerde
10:03:13.827 [Test worker] DEBUG io.micronaut.context.DefaultBeanContext --   class io.micronaut.serde.support.serdes.LocalTimeSerde null Definition: io.micronaut.serde.support.serdes.LocalTimeSerde Factory: io.micronaut.serde.support.LegacyBeansFactory#localTimeSerde
10:03:13.827 [Test worker] DEBUG io.micronaut.context.DefaultBeanContext --   class io.micronaut.serde.support.serdes.PriorityQueueSerde null Definition: io.micronaut.serde.support.serdes.PriorityQueueSerde
10:03:13.827 [Test worker] DEBUG io.micronaut.context.DefaultBeanContext --   interface io.micronaut.serde.Deserializer @Any Definition: io.micronaut.serde.Deserializer Factory: io.micronaut.serde.support.LegacyBeansFactory#provideDeserializer
10:03:13.827 [Test worker] DEBUG io.micronaut.context.DefaultBeanContext --   class io.micronaut.serde.support.serdes.YearSerde null Definition: io.micronaut.serde.support.serdes.YearSerde Factory: io.micronaut.serde.support.LegacyBeansFactory#yearSerde
10:03:13.827 [Test worker] DEBUG io.micronaut.context.DefaultBeanContext --   class io.micronaut.serde.support.serdes.LocalDateTimeSerde null Definition: io.micronaut.serde.support.serdes.LocalDateTimeSerde Factory: io.micronaut.serde.support.LegacyBeansFactory#localDateTimeSerde
10:03:13.827 [Test worker] DEBUG io.micronaut.context.DefaultBeanContext --   class io.micronaut.serde.support.serdes.LocalDateSerde null Definition: io.micronaut.serde.support.serdes.LocalDateSerde Factory: io.micronaut.serde.support.LegacyBeansFactory#localDateSerde
10:03:13.827 [Test worker] DEBUG io.micronaut.context.DefaultBeanContext --   class io.micronaut.serde.support.serdes.ObjectArraySerde null Definition: io.micronaut.serde.support.serdes.ObjectArraySerde Factory: io.micronaut.serde.support.LegacyBeansFactory#provideObjectArraySerde
10:03:13.828 [Test worker] DEBUG io.micronaut.context.DefaultBeanContext -- Finding candidate beans for type: SerdeDeserializationPreInstantiateCallback
10:03:13.828 [Test worker] DEBUG io.micronaut.context.DefaultBeanContext -- No bean candidates found for type: SerdeDeserializationPreInstantiateCallback
10:03:13.828 [Test worker] DEBUG io.micronaut.context.lifecycle -- Created bean [io.micronaut.serde.support.DefaultSerdeRegistry@6e5f5478] from definition [Definition: io.micronaut.serde.support.DefaultSerdeRegistry] with qualifier [null]
10:03:13.828 [Test worker] DEBUG io.micronaut.context.DefaultBeanContext -- Finding candidate beans for type: SerdeJacksonConfiguration jacksonConfiguration
10:03:13.829 [Test worker] DEBUG io.micronaut.context.DefaultBeanContext --   class io.micronaut.serde.jackson.SerdeJacksonConfiguration null Definition: io.micronaut.serde.jackson.SerdeJacksonConfiguration
10:03:13.829 [Test worker] DEBUG io.micronaut.context.DefaultBeanContext -- Found concrete candidate [Definition: io.micronaut.serde.jackson.SerdeJacksonConfiguration] for type: jacksonConfiguration 
10:03:13.829 [Test worker] DEBUG io.micronaut.context.lifecycle -- Created bean [io.micronaut.serde.jackson.SerdeJacksonConfiguration@5fb07347] from definition [Definition: io.micronaut.serde.jackson.SerdeJacksonConfiguration] with qualifier [null]
10:03:13.829 [Test worker] DEBUG io.micronaut.context.lifecycle -- Created bean [io.micronaut.serde.jackson.JacksonJsonMapper@49190ed6] from definition [Definition: io.micronaut.serde.jackson.JacksonJsonMapper] with qualifier [null]
10:03:13.831 [Test worker] DEBUG io.micronaut.core.beans.DefaultBeanIntrospector -- No BeanIntrospection found for bean type: class ee.jakarta.tck.json.bind.customizedmapping.ijson.IJsonSupportTest$5
10:03:13.832 [Test worker] DEBUG io.micronaut.core.beans.DefaultBeanIntrospector -- No BeanIntrospection found for bean type: class ee.jakarta.tck.json.bind.customizedmapping.ijson.IJsonSupportTest$5
10:03:13.836 [Test worker] DEBUG io.micronaut.core.reflect.ClassUtils -- Reflectively retrieving hierarchy for class: class io.micronaut.serde.support.serdes.ZonedDateTimeSerde
10:03:13.836 [Test worker] DEBUG io.micronaut.core.reflect.ClassUtils -- Reflectively retrieving hierarchy for class: class io.micronaut.serde.support.deserializers.ObjectDeserializer
10:03:13.836 [Test worker] DEBUG io.micronaut.core.reflect.ClassUtils -- Reflectively retrieving hierarchy for class: class io.micronaut.serde.support.serdes.OffsetDateTimeSerde
10:03:13.836 [Test worker] DEBUG io.micronaut.core.reflect.ClassUtils -- Reflectively retrieving hierarchy for class: class io.micronaut.serde.support.serdes.LocalTimeSerde
10:03:13.836 [Test worker] DEBUG io.micronaut.core.reflect.ClassUtils -- Reflectively retrieving hierarchy for class: class io.micronaut.serde.support.serdes.InstantSerde
10:03:13.837 [Test worker] DEBUG io.micronaut.context.env.DefaultEnvironment -- Starting environment io.micronaut.context.env.DefaultEnvironment@27dbaa33 for active names []
10:03:13.837 [Test worker] DEBUG io.micronaut.context.env.DefaultEnvironment -- Processing property source: config convention: JAVA_PROPERTIES
10:03:13.838 [Test worker] DEBUG io.micronaut.context.DefaultBeanContext -- Starting BeanContext
10:03:13.838 [Test worker] DEBUG io.micronaut.context.DefaultBeanContext -- Resolving beans for type: io.micronaut.core.convert.TypeConverter
10:03:13.838 [Test worker] DEBUG io.micronaut.context.DefaultBeanContext -- Finding candidate beans for type: TypeConverter
10:03:13.838 [Test worker] DEBUG io.micronaut.context.DefaultBeanContext -- No bean candidates found for type: TypeConverter
10:03:13.838 [Test worker] DEBUG io.micronaut.context.DefaultBeanContext -- Resolving beans for type: io.micronaut.core.convert.TypeConverterRegistrar
10:03:13.838 [Test worker] DEBUG io.micronaut.context.DefaultBeanContext -- Finding candidate beans for type: TypeConverterRegistrar
10:03:13.838 [Test worker] DEBUG io.micronaut.context.DefaultBeanContext -- No bean candidates found for type: TypeConverterRegistrar
10:03:13.838 [Test worker] DEBUG io.micronaut.context.DefaultBeanContext -- BeanContext Started.
10:03:13.838 [Test worker] DEBUG io.micronaut.context.DefaultBeanContext -- Finding candidate beans for type: ObjectMapper
10:03:13.838 [Test worker] DEBUG io.micronaut.context.DefaultBeanContext --   class io.micronaut.serde.jackson.JacksonJsonMapper null Definition: io.micronaut.serde.jackson.JacksonJsonMapper
10:03:13.838 [Test worker] DEBUG io.micronaut.context.DefaultBeanContext -- Found concrete candidate [Definition: io.micronaut.serde.jackson.JacksonJsonMapper] for type: objectMapper 
10:03:13.838 [Test worker] DEBUG io.micronaut.context.DefaultBeanContext -- Finding candidate beans for type: SerdeRegistry registry
10:03:13.838 [Test worker] DEBUG io.micronaut.context.DefaultBeanContext --   class io.micronaut.serde.support.DefaultSerdeRegistry null Definition: io.micronaut.serde.support.DefaultSerdeRegistry
10:03:13.838 [Test worker] DEBUG io.micronaut.context.DefaultBeanContext -- Found concrete candidate [Definition: io.micronaut.serde.support.DefaultSerdeRegistry] for type: registry 
10:03:13.838 [Test worker] DEBUG io.micronaut.context.DefaultBeanContext -- Finding candidate beans for type: SerdeIntrospections introspections
10:03:13.838 [Test worker] DEBUG io.micronaut.context.DefaultBeanContext --   class io.micronaut.serde.support.DefaultSerdeIntrospections null Definition: io.micronaut.serde.support.DefaultSerdeIntrospections
10:03:13.838 [Test worker] DEBUG io.micronaut.context.DefaultBeanContext -- Found concrete candidate [Definition: io.micronaut.serde.support.DefaultSerdeIntrospections] for type: introspections 
10:03:13.838 [Test worker] DEBUG io.micronaut.context.DefaultBeanContext -- Finding candidate beans for type: SerdeConfiguration configuration
10:03:13.838 [Test worker] DEBUG io.micronaut.context.DefaultBeanContext --   class io.micronaut.serde.config.DefaultSerdeConfiguration null Definition: io.micronaut.serde.config.DefaultSerdeConfiguration
10:03:13.838 [Test worker] DEBUG io.micronaut.context.DefaultBeanContext -- Found concrete candidate [Definition: io.micronaut.serde.config.DefaultSerdeConfiguration] for type: configuration 
10:03:13.838 [Test worker] DEBUG io.micronaut.context.lifecycle -- Created bean [io.micronaut.serde.config.DefaultSerdeConfiguration@793cef95] from definition [Definition: io.micronaut.serde.config.DefaultSerdeConfiguration] with qualifier [null]
10:03:13.839 [Test worker] DEBUG io.micronaut.context.lifecycle -- Created bean [io.micronaut.serde.support.DefaultSerdeIntrospections@38f502fc] from definition [Definition: io.micronaut.serde.support.DefaultSerdeIntrospections] with qualifier [null]
10:03:13.839 [Test worker] DEBUG io.micronaut.context.DefaultBeanContext -- Finding candidate beans for type: SerializationConfiguration serializationConfiguration
10:03:13.839 [Test worker] DEBUG io.micronaut.context.DefaultBeanContext --   class io.micronaut.serde.config.DefaultSerializationConfiguration null Definition: io.micronaut.serde.config.DefaultSerializationConfiguration
10:03:13.839 [Test worker] DEBUG io.micronaut.context.DefaultBeanContext -- Found concrete candidate [Definition: io.micronaut.serde.config.DefaultSerializationConfiguration] for type: serializationConfiguration 
10:03:13.839 [Test worker] DEBUG io.micronaut.context.lifecycle -- Created bean [io.micronaut.serde.config.DefaultSerializationConfiguration@67c21bf] from definition [Definition: io.micronaut.serde.config.DefaultSerializationConfiguration] with qualifier [null]
10:03:13.839 [Test worker] DEBUG io.micronaut.context.DefaultBeanContext -- Finding candidate beans for type: DeserializationConfiguration deserializationConfiguration
10:03:13.839 [Test worker] DEBUG io.micronaut.context.DefaultBeanContext --   class io.micronaut.serde.config.DefaultDeserializationConfiguration null Definition: io.micronaut.serde.config.DefaultDeserializationConfiguration
10:03:13.839 [Test worker] DEBUG io.micronaut.context.DefaultBeanContext -- Found concrete candidate [Definition: io.micronaut.serde.config.DefaultDeserializationConfiguration] for type: deserializationConfiguration 
10:03:13.839 [Test worker] DEBUG io.micronaut.context.lifecycle -- Created bean [io.micronaut.serde.config.DefaultDeserializationConfiguration@67afe909] from definition [Definition: io.micronaut.serde.config.DefaultDeserializationConfiguration] with qualifier [null]
10:03:13.839 [Test worker] DEBUG io.micronaut.context.DefaultBeanContext -- Finding candidate beans for type: Serializer
10:03:13.839 [Test worker] DEBUG io.micronaut.context.condition.Condition -- Bean [Definition: io.micronaut.serde.support.serdes.HealthStatusSerde] will not be loaded due to failing conditions:
10:03:13.839 [Test worker] DEBUG io.micronaut.context.condition.Condition -- * Class [io.micronaut.health.HealthStatus] is not present
10:03:13.839 [Test worker] DEBUG io.micronaut.context.DefaultBeanContext --   class io.micronaut.serde.support.serdes.InstantSerde null Definition: io.micronaut.serde.support.serdes.InstantSerde Factory: io.micronaut.serde.support.LegacyBeansFactory#instantSerde
10:03:13.839 [Test worker] DEBUG io.micronaut.context.DefaultBeanContext --   interface io.micronaut.serde.Serde @Any Definition: io.micronaut.serde.Serde Factory: io.micronaut.serde.support.LegacyBeansFactory#provideSerde
10:03:13.839 [Test worker] DEBUG io.micronaut.context.DefaultBeanContext --   class io.micronaut.serde.support.serdes.ZonedDateTimeSerde null Definition: io.micronaut.serde.support.serdes.ZonedDateTimeSerde Factory: io.micronaut.serde.support.LegacyBeansFactory#zonedDateTimeSerde
10:03:13.839 [Test worker] DEBUG io.micronaut.context.DefaultBeanContext --   class io.micronaut.serde.support.deserializers.SerdeHealthResultDeserializer_HealthResultDtoSerializer null Definition: io.micronaut.serde.support.deserializers.SerdeHealthResultDeserializer_HealthResultDtoSerializer
10:03:13.839 [Test worker] DEBUG io.micronaut.context.DefaultBeanContext --   interface io.micronaut.serde.Serializer @Any Definition: io.micronaut.serde.Serializer Factory: io.micronaut.serde.support.LegacyBeansFactory#provideSerializer
10:03:13.839 [Test worker] DEBUG io.micronaut.context.DefaultBeanContext --   class io.micronaut.serde.support.serdes.OffsetDateTimeSerde null Definition: io.micronaut.serde.support.serdes.OffsetDateTimeSerde Factory: io.micronaut.serde.support.LegacyBeansFactory#offsetDateTimeSerde
10:03:13.839 [Test worker] DEBUG io.micronaut.context.DefaultBeanContext --   class io.micronaut.serde.support.serdes.InetAddressSerde null Definition: io.micronaut.serde.support.serdes.InetAddressSerde Factory: io.micronaut.serde.support.LegacyBeansFactory#inetAddressSerde
10:03:13.839 [Test worker] DEBUG io.micronaut.context.DefaultBeanContext --   class io.micronaut.serde.jsonb.JsonpValueSerde null Definition: io.micronaut.serde.jsonb.JsonpValueSerde
10:03:13.839 [Test worker] DEBUG io.micronaut.context.DefaultBeanContext --   class io.micronaut.serde.support.serializers.ObjectSerializer null Definition: io.micronaut.serde.support.serializers.ObjectSerializer Factory: io.micronaut.serde.support.LegacyBeansFactory#provideObjectSerializer
10:03:13.839 [Test worker] DEBUG io.micronaut.context.DefaultBeanContext --   class io.micronaut.serde.support.serdes.LocalTimeSerde null Definition: io.micronaut.serde.support.serdes.LocalTimeSerde Factory: io.micronaut.serde.support.LegacyBeansFactory#localTimeSerde
10:03:13.839 [Test worker] DEBUG io.micronaut.context.DefaultBeanContext --   class io.micronaut.serde.support.serdes.PriorityQueueSerde null Definition: io.micronaut.serde.support.serdes.PriorityQueueSerde
[...]
10:03:13.877 [Test worker] DEBUG io.micronaut.context.DefaultBeanContext --   class io.micronaut.serde.support.serdes.ObjectArraySerde null Definition: io.micronaut.serde.support.serdes.ObjectArraySerde Factory: io.micronaut.serde.support.LegacyBeansFactory#provideObjectArraySerde
10:03:13.878 [Test worker] DEBUG io.micronaut.context.DefaultBeanContext -- Finding candidate beans for type: SerdeDeserializationPreInstantiateCallback
10:03:13.878 [Test worker] DEBUG io.micronaut.context.DefaultBeanContext -- No bean candidates found for type: SerdeDeserializationPreInstantiateCallback
10:03:13.878 [Test worker] DEBUG io.micronaut.context.lifecycle -- Created bean [io.micronaut.serde.support.DefaultSerdeRegistry@274bae2c] from definition [Definition: io.micronaut.serde.support.DefaultSerdeRegistry] with qualifier [null]
10:03:13.878 [Test worker] DEBUG io.micronaut.context.DefaultBeanContext -- Finding candidate beans for type: SerdeJacksonConfiguration jacksonConfiguration
10:03:13.878 [Test worker] DEBUG io.micronaut.context.DefaultBeanContext --   class io.micronaut.serde.jackson.SerdeJacksonConfiguration null Definition: io.micronaut.serde.jackson.SerdeJacksonConfiguration
10:03:13.878 [Test worker] DEBUG io.micronaut.context.DefaultBeanContext -- Found concrete candidate [Definition: io.micronaut.serde.jackson.SerdeJacksonConfiguration] for type: jacksonConfiguration 
10:03:13.878 [Test worker] DEBUG io.micronaut.context.lifecycle -- Created bean [io.micronaut.serde.jackson.SerdeJacksonConfiguration@6eeb29c0] from definition [Definition: io.micronaut.serde.jackson.SerdeJacksonConfiguration] with qualifier [null]
10:03:13.878 [Test worker] DEBUG io.micronaut.context.lifecycle -- Created bean [io.micronaut.serde.jackson.JacksonJsonMapper@6f986501] from definition [Definition: io.micronaut.serde.jackson.JacksonJsonMapper] with qualifier [null]
10:03:13.881 [Test worker] DEBUG io.micronaut.core.beans.DefaultBeanIntrospector -- Found BeanIntrospection for type: class ee.jakarta.tck.json.bind.customizedmapping.ijson.model.BinaryDataContainer,
10:03:13.881 [Test worker] DEBUG io.micronaut.core.beans.DefaultBeanIntrospector -- Found BeanIntrospection for type: class ee.jakarta.tck.json.bind.customizedmapping.ijson.model.BinaryDataContainer,
10:03:13.881 [Test worker] DEBUG io.micronaut.core.beans.DefaultBeanIntrospector -- Found BeanIntrospection for type: class ee.jakarta.tck.json.bind.customizedmapping.ijson.model.BinaryDataContainer,
10:03:13.884 [Test worker] DEBUG io.micronaut.core.reflect.ClassUtils -- Reflectively retrieving hierarchy for class: class io.micronaut.serde.support.serdes.ZonedDateTimeSerde
10:03:13.884 [Test worker] DEBUG io.micronaut.core.reflect.ClassUtils -- Reflectively retrieving hierarchy for class: class io.micronaut.serde.support.deserializers.ObjectDeserializer
10:03:13.884 [Test worker] DEBUG io.micronaut.core.reflect.ClassUtils -- Reflectively retrieving hierarchy for class: class io.micronaut.serde.support.serdes.OffsetDateTimeSerde
10:03:13.884 [Test worker] DEBUG io.micronaut.core.reflect.ClassUtils -- Reflectively retrieving hierarchy for class: class io.micronaut.serde.support.serdes.LocalTimeSerde
10:03:13.884 [Test worker] DEBUG io.micronaut.core.reflect.ClassUtils -- Reflectively retrieving hierarchy for class: class io.micronaut.serde.support.serdes.InstantSerde
10:03:13.885 [Test worker] DEBUG io.micronaut.context.env.DefaultEnvironment -- Starting environment io.micronaut.context.env.DefaultEnvironment@2e29f28e for active names []
10:03:13.885 [Test worker] DEBUG io.micronaut.context.env.DefaultEnvironment -- Processing property source: config convention: JAVA_PROPERTIES
10:03:13.885 [Test worker] DEBUG io.micronaut.context.DefaultBeanContext -- Starting BeanContext
10:03:13.885 [Test worker] DEBUG io.micronaut.context.DefaultBeanContext -- Resolving beans for type: io.micronaut.core.convert.TypeConverter
10:03:13.885 [Test worker] DEBUG io.micronaut.context.DefaultBeanContext -- Finding candidate beans for type: TypeConverter
10:03:13.885 [Test worker] DEBUG io.micronaut.context.DefaultBeanContext -- No bean candidates found for type: TypeConverter
10:03:13.885 [Test worker] DEBUG io.micronaut.context.DefaultBeanContext -- Resolving beans for type: io.micronaut.core.convert.TypeConverterRegistrar
10:03:13.885 [Test worker] DEBUG io.micronaut.context.DefaultBeanContext -- Finding candidate beans for type: TypeConverterRegistrar
10:03:13.885 [Test worker] DEBUG io.micronaut.context.DefaultBeanContext -- No bean candidates found for type: TypeConverterRegistrar
10:03:13.885 [Test worker] DEBUG io.micronaut.context.DefaultBeanContext -- BeanContext Started.
10:03:13.886 [Test worker] DEBUG io.micronaut.context.DefaultBeanContext -- Finding candidate beans for type: ObjectMapper
10:03:13.886 [Test worker] DEBUG io.micronaut.context.DefaultBeanContext --   class io.micronaut.serde.jackson.JacksonJsonMapper null Definition: io.micronaut.serde.jackson.JacksonJsonMapper
10:03:13.886 [Test worker] DEBUG io.micronaut.context.DefaultBeanContext -- Found concrete candidate [Definition: io.micronaut.serde.jackson.JacksonJsonMapper] for type: objectMapper 
10:03:13.886 [Test worker] DEBUG io.micronaut.context.DefaultBeanContext -- Finding candidate beans for type: SerdeRegistry registry
10:03:13.886 [Test worker] DEBUG io.micronaut.context.DefaultBeanContext --   class io.micronaut.serde.support.DefaultSerdeRegistry null Definition: io.micronaut.serde.support.DefaultSerdeRegistry
10:03:13.886 [Test worker] DEBUG io.micronaut.context.DefaultBeanContext -- Found concrete candidate [Definition: io.micronaut.serde.support.DefaultSerdeRegistry] for type: registry 
10:03:13.886 [Test worker] DEBUG io.micronaut.context.DefaultBeanContext -- Finding candidate beans for type: SerdeIntrospections introspections
10:03:13.886 [Test worker] DEBUG io.micronaut.context.DefaultBeanContext --   class io.micronaut.serde.support.DefaultSerdeIntrospections null Definition: io.micronaut.serde.support.DefaultSerdeIntrospections
10:03:13.886 [Test worker] DEBUG io.micronaut.context.DefaultBeanContext -- Found concrete candidate [Definition: io.micronaut.serde.support.DefaultSerdeIntrospections] for type: introspections 
10:03:13.886 [Test worker] DEBUG io.micronaut.context.DefaultBeanContext -- Finding candidate beans for type: SerdeConfiguration configuration
10:03:13.886 [Test worker] DEBUG io.micronaut.context.DefaultBeanContext --   class io.micronaut.serde.config.DefaultSerdeConfiguration null Definition: io.micronaut.serde.config.DefaultSerdeConfiguration
10:03:13.886 [Test worker] DEBUG io.micronaut.context.DefaultBeanContext -- Found concrete candidate [Definition: io.micronaut.serde.config.DefaultSerdeConfiguration] for type: configuration 
10:03:13.886 [Test worker] DEBUG io.micronaut.context.lifecycle -- Created bean [io.micronaut.serde.config.DefaultSerdeConfiguration@84f51d9] from definition [Definition: io.micronaut.serde.config.DefaultSerdeConfiguration] with qualifier [null]
10:03:13.886 [Test worker] DEBUG io.micronaut.context.lifecycle -- Created bean [io.micronaut.serde.support.DefaultSerdeIntrospections@45b96e4c] from definition [Definition: io.micronaut.serde.support.DefaultSerdeIntrospections] with qualifier [null]
10:03:13.886 [Test worker] DEBUG io.micronaut.context.DefaultBeanContext -- Finding candidate beans for type: SerializationConfiguration serializationConfiguration
10:03:13.886 [Test worker] DEBUG io.micronaut.context.DefaultBeanContext --   class io.micronaut.serde.config.DefaultSerializationConfiguration null Definition: io.micronaut.serde.config.DefaultSerializationConfiguration
10:03:13.886 [Test worker] DEBUG io.micronaut.context.DefaultBeanContext -- Found concrete candidate [Definition: io.micronaut.serde.config.DefaultSerializationConfiguration] for type: serializationConfiguration 
10:03:13.886 [Test worker] DEBUG io.micronaut.context.lifecycle -- Created bean [io.micronaut.serde.config.DefaultSerializationConfiguration@8383a14] from definition [Definition: io.micronaut.serde.config.DefaultSerializationConfiguration] with qualifier [null]
10:03:13.886 [Test worker] DEBUG io.micronaut.context.DefaultBeanContext -- Finding candidate beans for type: DeserializationConfiguration deserializationConfiguration
10:03:13.886 [Test worker] DEBUG io.micronaut.context.DefaultBeanContext --   class io.micronaut.serde.config.DefaultDeserializationConfiguration null Definition: io.micronaut.serde.config.DefaultDeserializationConfiguration
10:03:13.886 [Test worker] DEBUG io.micronaut.context.DefaultBeanContext -- Found concrete candidate [Definition: io.micronaut.serde.config.DefaultDeserializationConfiguration] for type: deserializationConfiguration 
10:03:13.887 [Test worker] DEBUG io.micronaut.context.lifecycle -- Created bean [io.micronaut.serde.config.DefaultDeserializationConfiguration@4b691611] from definition [Definition: io.micronaut.serde.config.DefaultDeserializationConfiguration] with qualifier [null]
10:03:13.887 [Test worker] DEBUG io.micronaut.context.DefaultBeanContext -- Finding candidate beans for type: Serializer
10:03:13.887 [Test worker] DEBUG io.micronaut.context.condition.Condition -- Bean [Definition: io.micronaut.serde.support.serdes.HealthStatusSerde] will not be loaded due to failing conditions:
10:03:13.887 [Test worker] DEBUG io.micronaut.context.condition.Condition -- * Class [io.micronaut.health.HealthStatus] is not present
10:03:13.887 [Test worker] DEBUG io.micronaut.context.DefaultBeanContext --   class io.micronaut.serde.support.serdes.InstantSerde null Definition: io.micronaut.serde.support.serdes.InstantSerde Factory: io.micronaut.serde.support.LegacyBeansFactory#instantSerde
10:03:13.887 [Test worker] DEBUG io.micronaut.context.DefaultBeanContext --   interface io.micronaut.serde.Serde @Any Definition: io.micronaut.serde.Serde Factory: io.micronaut.serde.support.LegacyBeansFactory#provideSerde
10:03:13.887 [Test worker] DEBUG io.micronaut.context.DefaultBeanContext --   class io.micronaut.serde.support.serdes.ZonedDateTimeSerde null Definition: io.micronaut.serde.support.serdes.ZonedDateTimeSerde Factory: io.micronaut.serde.support.LegacyBeansFactory#zonedDateTimeSerde
10:03:13.887 [Test worker] DEBUG io.micronaut.context.DefaultBeanContext --   class io.micronaut.serde.support.deserializers.SerdeHealthResultDeserializer_HealthResultDtoSerializer null Definition: io.micronaut.serde.support.deserializers.SerdeHealthResultDeserializer_HealthResultDtoSerializer
10:03:13.887 [Test worker] DEBUG io.micronaut.context.DefaultBeanContext --   interface io.micronaut.serde.Serializer @Any Definition: io.micronaut.serde.Serializer Factory: io.micronaut.serde.support.LegacyBeansFactory#provideSerializer
10:03:13.887 [Test worker] DEBUG io.micronaut.context.DefaultBeanContext --   class io.micronaut.serde.support.serdes.OffsetDateTimeSerde null Definition: io.micronaut.serde.support.serdes.OffsetDateTimeSerde Factory: io.micronaut.serde.support.LegacyBeansFactory#offsetDateTimeSerde
10:03:13.887 [Test worker] DEBUG io.micronaut.context.DefaultBeanContext --   class io.micronaut.serde.support.serdes.InetAddressSerde null Definition: io.micronaut.serde.support.serdes.InetAddressSerde Factory: io.micronaut.serde.support.LegacyBeansFactory#inetAddressSerde
10:03:13.887 [Test worker] DEBUG io.micronaut.context.DefaultBeanContext --   class io.micronaut.serde.jsonb.JsonpValueSerde null Definition: io.micronaut.serde.jsonb.JsonpValueSerde
10:03:13.887 [Test worker] DEBUG io.micronaut.context.DefaultBeanContext --   class io.micronaut.serde.support.serializers.ObjectSerializer null Definition: io.micronaut.serde.support.serializers.ObjectSerializer Factory: io.micronaut.serde.support.LegacyBeansFactory#provideObjectSerializer
10:03:13.887 [Test worker] DEBUG io.micronaut.context.DefaultBeanContext --   class io.micronaut.serde.support.serdes.LocalTimeSerde null Definition: io.micronaut.serde.support.serdes.LocalTimeSerde Factory: io.micronaut.serde.support.LegacyBeansFactory#localTimeSerde
10:03:13.887 [Test worker] DEBUG io.micronaut.context.DefaultBeanContext --   class io.micronaut.serde.support.serdes.PriorityQueueSerde null Definition: io.micronaut.serde.support.serdes.PriorityQueueSerde
10:03:13.887 [Test worker] DEBUG io.micronaut.context.DefaultBeanContext --   class io.micronaut.serde.support.serdes.YearSerde null Definition: io.micronaut.serde.support.serdes.YearSerde Factory: io.micronaut.serde.support.LegacyBeansFactory#yearSerde
10:03:13.887 [Test worker] DEBUG io.micronaut.context.DefaultBeanContext --   class io.micronaut.serde.support.serdes.LocalDateTimeSerde null Definition: io.micronaut.serde.support.serdes.LocalDateTimeSerde Factory: io.micronaut.serde.support.LegacyBeansFactory#localDateTimeSerde
10:03:13.887 [Test worker] DEBUG io.micronaut.context.DefaultBeanContext --   class io.micronaut.serde.support.serdes.LocalDateSerde null Definition: io.micronaut.serde.support.serdes.LocalDateSerde Factory: io.micronaut.serde.support.LegacyBeansFactory#localDateSerde
10:03:13.887 [Test worker] DEBUG io.micronaut.context.DefaultBeanContext --   class io.micronaut.serde.support.serdes.ObjectArraySerde null Definition: io.micronaut.serde.support.serdes.ObjectArraySerde Factory: io.micronaut.serde.support.LegacyBeansFactory#provideObjectArraySerde
10:03:13.887 [Test worker] DEBUG io.micronaut.context.DefaultBeanContext -- Finding candidate beans for type: Deserializer
10:03:13.887 [Test worker] DEBUG io.micronaut.context.condition.Condition -- Bean [Definition: io.micronaut.serde.support.deserializers.HealthResultDeserializer] will not be loaded due to failing conditions:
10:03:13.887 [Test worker] DEBUG io.micronaut.context.condition.Condition -- * Class [io.micronaut.management.health.indicator.HealthResult] is not present
10:03:13.887 [Test worker] DEBUG io.micronaut.context.DefaultBeanContext --   class io.micronaut.serde.support.serdes.InstantSerde null Definition: io.micronaut.serde.support.serdes.InstantSerde Factory: io.micronaut.serde.support.LegacyBeansFactory#instantSerde
10:03:13.887 [Test worker] DEBUG io.micronaut.context.DefaultBeanContext --   interface io.micronaut.serde.Serde @Any Definition: io.micronaut.serde.Serde Factory: io.micronaut.serde.support.LegacyBeansFactory#provideSerde
10:03:13.887 [Test worker] DEBUG io.micronaut.context.DefaultBeanContext --   class io.micronaut.serde.support.deserializers.SerdeHealthResultDeserializer_HealthResultDtoDeserializer null Definition: io.micronaut.serde.support.deserializers.SerdeHealthResultDeserializer_HealthResultDtoDeserializer
10:03:13.887 [Test worker] DEBUG io.micronaut.context.DefaultBeanContext --   class io.micronaut.serde.support.serdes.ZonedDateTimeSerde null Definition: io.micronaut.serde.support.serdes.ZonedDateTimeSerde Factory: io.micronaut.serde.support.LegacyBeansFactory#zonedDateTimeSerde
10:03:13.887 [Test worker] DEBUG io.micronaut.context.DefaultBeanContext --   class io.micronaut.serde.support.serdes.OffsetDateTimeSerde null Definition: io.micronaut.serde.support.serdes.OffsetDateTimeSerde Factory: io.micronaut.serde.support.LegacyBeansFactory#offsetDateTimeSerde
10:03:13.887 [Test worker] DEBUG io.micronaut.context.DefaultBeanContext --   class io.micronaut.serde.support.serdes.InetAddressSerde null Definition: io.micronaut.serde.support.serdes.InetAddressSerde Factory: io.micronaut.serde.support.LegacyBeansFactory#inetAddressSerde
10:03:13.887 [Test worker] DEBUG io.micronaut.context.DefaultBeanContext --   class io.micronaut.serde.support.deserializers.ObjectDeserializer null Definition: io.micronaut.serde.support.deserializers.ObjectDeserializer Factory: io.micronaut.serde.support.LegacyBeansFactory#provideObjectDeserializer
10:03:13.887 [Test worker] DEBUG io.micronaut.context.DefaultBeanContext --   class io.micronaut.serde.jsonb.JsonpValueSerde null Definition: io.micronaut.serde.jsonb.JsonpValueSerde
10:03:13.887 [Test worker] DEBUG io.micronaut.context.DefaultBeanContext --   class io.micronaut.serde.support.serdes.LocalTimeSerde null Definition: io.micronaut.serde.support.serdes.LocalTimeSerde Factory: io.micronaut.serde.support.LegacyBeansFactory#localTimeSerde
10:03:13.887 [Test worker] DEBUG io.micronaut.context.DefaultBeanContext --   class io.micronaut.serde.support.serdes.PriorityQueueSerde null Definition: io.micronaut.serde.support.serdes.PriorityQueueSerde
10:03:13.887 [Test worker] DEBUG io.micronaut.context.DefaultBeanContext --   interface io.micronaut.serde.Deserializer @Any Definition: io.micronaut.serde.Deserializer Factory: io.micronaut.serde.support.LegacyBeansFactory#provideDeserializer
10:03:13.887 [Test worker] DEBUG io.micronaut.context.DefaultBeanContext --   class io.micronaut.serde.support.serdes.YearSerde null Definition: io.micronaut.serde.support.serdes.YearSerde Factory: io.micronaut.serde.support.LegacyBeansFactory#yearSerde
10:03:13.887 [Test worker] DEBUG io.micronaut.context.DefaultBeanContext --   class io.micronaut.serde.support.serdes.LocalDateTimeSerde null Definition: io.micronaut.serde.support.serdes.LocalDateTimeSerde Factory: io.micronaut.serde.support.LegacyBeansFactory#localDateTimeSerde
10:03:13.887 [Test worker] DEBUG io.micronaut.context.DefaultBeanContext --   class io.micronaut.serde.support.serdes.LocalDateSerde null Definition: io.micronaut.serde.support.serdes.LocalDateSerde Factory: io.micronaut.serde.support.LegacyBeansFactory#localDateSerde
10:03:13.887 [Test worker] DEBUG io.micronaut.context.DefaultBeanContext --   class io.micronaut.serde.support.serdes.ObjectArraySerde null Definition: io.micronaut.serde.support.serdes.ObjectArraySerde Factory: io.micronaut.serde.support.LegacyBeansFactory#provideObjectArraySerde
10:03:13.890 [Test worker] DEBUG io.micronaut.context.DefaultBeanContext -- Finding candidate beans for type: SerdeDeserializationPreInstantiateCallback
10:03:13.890 [Test worker] DEBUG io.micronaut.context.DefaultBeanContext -- No bean candidates found for type: SerdeDeserializationPreInstantiateCallback
10:03:13.890 [Test worker] DEBUG io.micronaut.context.lifecycle -- Created bean [io.micronaut.serde.support.DefaultSerdeRegistry@395a573c] from definition [Definition: io.micronaut.serde.support.DefaultSerdeRegistry] with qualifier [null]
10:03:13.891 [Test worker] DEBUG io.micronaut.context.DefaultBeanContext -- Finding candidate beans for type: SerdeJacksonConfiguration jacksonConfiguration
10:03:13.891 [Test worker] DEBUG io.micronaut.context.DefaultBeanContext --   class io.micronaut.serde.jackson.SerdeJacksonConfiguration null Definition: io.micronaut.serde.jackson.SerdeJacksonConfiguration
10:03:13.891 [Test worker] DEBUG io.micronaut.context.DefaultBeanContext -- Found concrete candidate [Definition: io.micronaut.serde.jackson.SerdeJacksonConfiguration] for type: jacksonConfiguration 
10:03:13.891 [Test worker] DEBUG io.micronaut.context.lifecycle -- Created bean [io.micronaut.serde.jackson.SerdeJacksonConfiguration@379f9555] from definition [Definition: io.micronaut.serde.jackson.SerdeJacksonConfiguration] with qualifier [null]
10:03:13.891 [Test worker] DEBUG io.micronaut.context.lifecycle -- Created bean [io.micronaut.serde.jackson.JacksonJsonMapper@7d64a960] from definition [Definition: io.micronaut.serde.jackson.JacksonJsonMapper] with qualifier [null]
10:03:13.894 [Test worker] DEBUG io.micronaut.core.beans.DefaultBeanIntrospector -- No BeanIntrospection found for bean type: class ee.jakarta.tck.json.bind.customizedmapping.ijson.IJsonSupportTest$4
10:03:13.895 [Test worker] DEBUG io.micronaut.core.beans.DefaultBeanIntrospector -- No BeanIntrospection found for bean type: class ee.jakarta.tck.json.bind.customizedmapping.ijson.IJsonSupportTest$4
]]></system-out>
  <system-err><![CDATA[]]></system-err>
</testsuite>
